[21:48:46:161] [INFO] - org.springframework.boot.StartupInfoLogger.logStarting(StartupInfoLogger.java:50) - Starting DemoApplication on Acron with PID 4132 (D:\JavaDev\IdeaProjects\SpringBootDemo\target\classes started by Acron in D:\JavaDev\IdeaProjects\SpringBootDemo)
[21:48:46:175] [DEBUG] - org.springframework.boot.StartupInfoLogger.logStarting(StartupInfoLogger.java:53) - Running with Spring Boot v2.1.6.RELEASE, Spring v5.1.8.RELEASE
[21:48:46:176] [INFO] - org.springframework.boot.SpringApplication.logStartupProfileInfo(SpringApplication.java:650) - The following profiles are active: prod
[21:48:46:218] [INFO] - org.springframework.boot.logging.DeferredLog.logTo(DeferredLog.java:225) - Devtools property defaults active! Set 'spring.devtools.add-properties' to 'false' to disable
[21:48:46:218] [INFO] - org.springframework.boot.logging.DeferredLog.logTo(DeferredLog.java:225) - For additional web related logging consider setting the 'logging.level.web' property to 'DEBUG'
[21:48:47:604] [INFO] - org.springframework.data.repository.config.RepositoryConfigurationDelegate.multipleStoresDetected(RepositoryConfigurationDelegate.java:244) - Multiple Spring Data modules found, entering strict repository configuration mode!
[21:48:47:609] [INFO] - org.springframework.data.repository.config.RepositoryConfigurationDelegate.registerRepositoriesIn(RepositoryConfigurationDelegate.java:126) - Bootstrapping Spring Data repositories in DEFAULT mode.
[21:48:47:651] [INFO] - org.springframework.data.repository.config.RepositoryConfigurationDelegate.registerRepositoriesIn(RepositoryConfigurationDelegate.java:182) - Finished Spring Data repository scanning in 25ms. Found 0 repository interfaces.
[21:48:48:022] [INFO] - org.springframework.context.support.PostProcessorRegistrationDelegate$BeanPostProcessorChecker.postProcessAfterInitialization(PostProcessorRegistrationDelegate.java:330) - Bean 'redisConfig' of type [com.acron.demo.core.config.RedisConfig$$EnhancerBySpringCGLIB$$8472a991] is not eligible for getting processed by all BeanPostProcessors (for example: not eligible for auto-proxying)
[21:48:48:031] [INFO] - org.springframework.context.support.PostProcessorRegistrationDelegate$BeanPostProcessorChecker.postProcessAfterInitialization(PostProcessorRegistrationDelegate.java:330) - Bean 'org.springframework.transaction.annotation.ProxyTransactionManagementConfiguration' of type [org.springframework.transaction.annotation.ProxyTransactionManagementConfiguration$$EnhancerBySpringCGLIB$$18e5209c] is not eligible for getting processed by all BeanPostProcessors (for example: not eligible for auto-proxying)
[21:48:48:443] [INFO] - org.springframework.boot.web.embedded.tomcat.TomcatWebServer.initialize(TomcatWebServer.java:90) - Tomcat initialized with port(s): 8080 (http)
[21:48:48:556] [INFO] - org.springframework.boot.web.servlet.context.ServletWebServerApplicationContext.prepareWebApplicationContext(ServletWebServerApplicationContext.java:283) - Root WebApplicationContext: initialization completed in 2338 ms
[21:48:49:056] [INFO] - com.alibaba.druid.spring.boot.autoconfigure.DruidDataSourceAutoConfigure.dataSource(DruidDataSourceAutoConfigure.java:56) - Init DruidDataSource
[21:48:49:647] [INFO] - com.alibaba.druid.pool.DruidDataSource.init(DruidDataSource.java:930) - {dataSource-1} inited
[21:48:50:427] [WARN] - org.springframework.amqp.rabbit.listener.AbstractMessageListenerContainer.setMessageConverter(AbstractMessageListenerContainer.java:483) - It is preferred to configure the message converter via the endpoint. See RabbitListenerEndpoint.setMessageConverter
[21:48:50:462] [INFO] - org.springframework.scheduling.concurrent.ExecutorConfigurationSupport.initialize(ExecutorConfigurationSupport.java:171) - Initializing ExecutorService 'scheduledExecutorService'
[21:48:50:487] [INFO] - springfox.documentation.spring.web.PropertySourcedRequestMappingHandlerMapping.initHandlerMethods(PropertySourcedRequestMappingHandlerMapping.java:69) - Mapped URL path [/v2/api-docs] onto method [public org.springframework.http.ResponseEntity<springfox.documentation.spring.web.json.Json> springfox.documentation.swagger2.web.Swagger2Controller.getDocumentation(java.lang.String,javax.servlet.http.HttpServletRequest)]
[21:48:50:700] [INFO] - org.springframework.scheduling.concurrent.ExecutorConfigurationSupport.initialize(ExecutorConfigurationSupport.java:171) - Initializing ExecutorService 'applicationTaskExecutor'
[21:48:50:748] [INFO] - org.springframework.boot.devtools.autoconfigure.OptionalLiveReloadServer.startServer(OptionalLiveReloadServer.java:57) - LiveReload server is running on port 35729
[21:48:51:316] [INFO] - io.lettuce.core.EpollProvider.<clinit>(EpollProvider.java:68) - Starting without optional epoll library
[21:48:51:319] [INFO] - io.lettuce.core.KqueueProvider.<clinit>(KqueueProvider.java:70) - Starting without optional kqueue library
[21:48:51:830] [INFO] - springfox.documentation.spring.web.plugins.DocumentationPluginsBootstrapper.start(DocumentationPluginsBootstrapper.java:151) - Context refreshed
[21:48:51:847] [INFO] - springfox.documentation.spring.web.plugins.DocumentationPluginsBootstrapper.start(DocumentationPluginsBootstrapper.java:154) - Found 1 custom documentation plugin(s)
[21:48:51:881] [INFO] - springfox.documentation.spring.web.scanners.ApiListingReferenceScanner.scan(ApiListingReferenceScanner.java:41) - Scanning for api listing references
[21:48:52:016] [INFO] - springfox.documentation.spring.web.readers.operation.CachingOperationNameGenerator.startingWith(CachingOperationNameGenerator.java:40) - Generating unique operation named: saveUsingPOST_1
[21:48:52:027] [INFO] - org.springframework.amqp.rabbit.connection.AbstractConnectionFactory.createBareConnection(AbstractConnectionFactory.java:460) - Attempting to connect to: [localhost:5672]
[21:48:52:087] [INFO] - org.springframework.amqp.rabbit.connection.AbstractConnectionFactory.createBareConnection(AbstractConnectionFactory.java:496) - Created new connection: rabbitConnectionFactory#238de187:0/SimpleConnection@7de4b37a [delegate=amqp://guest@127.0.0.1:5672/, localPort= 65020]
[21:48:52:095] [INFO] - org.springframework.amqp.rabbit.core.RabbitAdmin.initialize(RabbitAdmin.java:568) - Auto-declaring a non-durable or auto-delete Exchange (local.order.dead.produce.exchange) durable:false, auto-delete:true. It will be deleted by the broker if it shuts down, and can be redeclared by closing and reopening the connection.
[21:48:52:095] [INFO] - org.springframework.amqp.rabbit.core.RabbitAdmin.initialize(RabbitAdmin.java:568) - Auto-declaring a non-durable or auto-delete Exchange (local.order.dead.exchange) durable:false, auto-delete:true. It will be deleted by the broker if it shuts down, and can be redeclared by closing and reopening the connection.
[21:48:52:096] [INFO] - org.springframework.amqp.rabbit.core.RabbitAdmin.initialize(RabbitAdmin.java:578) - Auto-declaring a non-durable, auto-delete, or exclusive Queue (local.order.dead.queue) durable:false, auto-delete:true, exclusive:false. It will be redeclared if the broker stops and is restarted while the connection factory is alive, but all messages will be lost.
[21:48:52:096] [INFO] - org.springframework.amqp.rabbit.core.RabbitAdmin.initialize(RabbitAdmin.java:578) - Auto-declaring a non-durable, auto-delete, or exclusive Queue (local.order.dead.real.queue) durable:false, auto-delete:false, exclusive:false. It will be redeclared if the broker stops and is restarted while the connection factory is alive, but all messages will be lost.
[21:48:52:739] [INFO] - org.springframework.scheduling.annotation.ScheduledAnnotationBeanPostProcessor.finishRegistration(ScheduledAnnotationBeanPostProcessor.java:263) - More than one TaskScheduler bean exists within the context, and none is named 'taskScheduler'. Mark one of them as primary or name it 'taskScheduler' (possibly as an alias); or implement the SchedulingConfigurer interface and call ScheduledTaskRegistrar#setScheduler explicitly within the configureTasks() callback: [scheduledExecutorService, defaultSockJsTaskScheduler]
[21:48:52:766] [INFO] - org.springframework.boot.web.embedded.tomcat.TomcatWebServer.start(TomcatWebServer.java:202) - Tomcat started on port(s): 8080 (http) with context path '/SpringBootDemo'
[21:48:52:769] [INFO] - org.springframework.boot.StartupInfoLogger.logStarted(StartupInfoLogger.java:59) - Started DemoApplication in 6.993 seconds (JVM running for 9.43)
[21:49:52:685] [INFO] - org.springframework.web.servlet.FrameworkServlet.initServletBean(FrameworkServlet.java:524) - Initializing Servlet 'dispatcherServlet'
[21:49:52:694] [INFO] - org.springframework.web.servlet.FrameworkServlet.initServletBean(FrameworkServlet.java:546) - Completed initialization in 8 ms
[21:50:31:652] [INFO] - com.acron.demo.core.websocket.Handshake.beforeHandshake(Handshake.java:40) - 记录登录用户ID：1dee882b0d669adf4a663448927b9a8e
[21:50:31:701] [INFO] - com.acron.demo.core.websocket.Handler.afterConnectionEstablished(Handler.java:28) - 客户端连接成功！
[21:50:31:752] [INFO] - com.acron.demo.core.websocket.Handler.afterConnectionEstablished(Handler.java:36) - 当前连接用户数量：1
[21:51:22:628] [INFO] - com.acron.demo.core.websocket.Handshake.beforeHandshake(Handshake.java:40) - 记录登录用户ID：1dee882b0d669adf4a663448927b9a8e
[21:51:22:631] [INFO] - com.acron.demo.core.websocket.Handler.afterConnectionEstablished(Handler.java:28) - 客户端连接成功！
[21:51:22:632] [INFO] - com.acron.demo.core.websocket.Handler.afterConnectionEstablished(Handler.java:36) - 当前连接用户数量：2
[21:53:38:495] [INFO] - org.springframework.amqp.rabbit.listener.SimpleMessageListenerContainer.doShutdown(SimpleMessageListenerContainer.java:586) - Waiting for workers to finish.
[21:53:39:337] [INFO] - org.springframework.amqp.rabbit.listener.SimpleMessageListenerContainer.doShutdown(SimpleMessageListenerContainer.java:589) - Successfully waited for workers to finish.
[21:53:39:350] [INFO] - org.springframework.amqp.rabbit.listener.SimpleMessageListenerContainer.doShutdown(SimpleMessageListenerContainer.java:586) - Waiting for workers to finish.
[21:53:40:338] [INFO] - org.springframework.amqp.rabbit.listener.SimpleMessageListenerContainer.doShutdown(SimpleMessageListenerContainer.java:589) - Successfully waited for workers to finish.
[21:53:40:340] [INFO] - org.springframework.amqp.rabbit.listener.SimpleMessageListenerContainer.doShutdown(SimpleMessageListenerContainer.java:586) - Waiting for workers to finish.
[21:53:41:339] [INFO] - org.springframework.amqp.rabbit.listener.SimpleMessageListenerContainer.doShutdown(SimpleMessageListenerContainer.java:589) - Successfully waited for workers to finish.
[21:53:41:346] [INFO] - org.springframework.amqp.rabbit.listener.AbstractMessageListenerContainer.shutdown(AbstractMessageListenerContainer.java:1226) - Shutdown ignored - container is not active already
[21:53:41:346] [INFO] - org.springframework.amqp.rabbit.listener.AbstractMessageListenerContainer.shutdown(AbstractMessageListenerContainer.java:1226) - Shutdown ignored - container is not active already
[21:53:41:347] [INFO] - org.springframework.scheduling.concurrent.ExecutorConfigurationSupport.shutdown(ExecutorConfigurationSupport.java:208) - Shutting down ExecutorService 'applicationTaskExecutor'
[21:53:41:348] [INFO] - org.springframework.scheduling.concurrent.ExecutorConfigurationSupport.shutdown(ExecutorConfigurationSupport.java:208) - Shutting down ExecutorService 'scheduledExecutorService'
[21:53:41:348] [INFO] - org.springframework.amqp.rabbit.listener.AbstractMessageListenerContainer.shutdown(AbstractMessageListenerContainer.java:1226) - Shutdown ignored - container is not active already
[21:53:41:358] [INFO] - com.alibaba.druid.pool.DruidDataSource.close(DruidDataSource.java:1825) - {dataSource-1} closed
[21:53:42:570] [INFO] - com.acron.demo.core.websocket.Handler.afterConnectionClosed(Handler.java:66) - 连接断开:CloseStatus[code=1001, reason=The web application is stopping]
[21:53:42:572] [INFO] - com.acron.demo.core.websocket.Handler.afterConnectionClosed(Handler.java:66) - 连接断开:CloseStatus[code=1001, reason=The web application is stopping]
[21:53:42:814] [INFO] - org.springframework.boot.StartupInfoLogger.logStarting(StartupInfoLogger.java:50) - Starting DemoApplication on Acron with PID 4132 (D:\JavaDev\IdeaProjects\SpringBootDemo\target\classes started by Acron in D:\JavaDev\IdeaProjects\SpringBootDemo)
[21:53:42:814] [DEBUG] - org.springframework.boot.StartupInfoLogger.logStarting(StartupInfoLogger.java:53) - Running with Spring Boot v2.1.6.RELEASE, Spring v5.1.8.RELEASE
[21:53:42:814] [INFO] - org.springframework.boot.SpringApplication.logStartupProfileInfo(SpringApplication.java:650) - The following profiles are active: prod
[21:53:43:227] [INFO] - org.springframework.data.repository.config.RepositoryConfigurationDelegate.multipleStoresDetected(RepositoryConfigurationDelegate.java:244) - Multiple Spring Data modules found, entering strict repository configuration mode!
[21:53:43:227] [INFO] - org.springframework.data.repository.config.RepositoryConfigurationDelegate.registerRepositoriesIn(RepositoryConfigurationDelegate.java:126) - Bootstrapping Spring Data repositories in DEFAULT mode.
[21:53:43:238] [INFO] - org.springframework.data.repository.config.RepositoryConfigurationDelegate.registerRepositoriesIn(RepositoryConfigurationDelegate.java:182) - Finished Spring Data repository scanning in 11ms. Found 0 repository interfaces.
[21:53:43:301] [INFO] - org.springframework.context.support.PostProcessorRegistrationDelegate$BeanPostProcessorChecker.postProcessAfterInitialization(PostProcessorRegistrationDelegate.java:330) - Bean 'redisConfig' of type [com.acron.demo.core.config.RedisConfig$$EnhancerBySpringCGLIB$$8472a991] is not eligible for getting processed by all BeanPostProcessors (for example: not eligible for auto-proxying)
[21:53:43:304] [INFO] - org.springframework.context.support.PostProcessorRegistrationDelegate$BeanPostProcessorChecker.postProcessAfterInitialization(PostProcessorRegistrationDelegate.java:330) - Bean 'org.springframework.transaction.annotation.ProxyTransactionManagementConfiguration' of type [org.springframework.transaction.annotation.ProxyTransactionManagementConfiguration$$EnhancerBySpringCGLIB$$18e5209c] is not eligible for getting processed by all BeanPostProcessors (for example: not eligible for auto-proxying)
[21:53:43:402] [INFO] - org.springframework.boot.web.embedded.tomcat.TomcatWebServer.initialize(TomcatWebServer.java:90) - Tomcat initialized with port(s): 8080 (http)
[21:53:43:419] [INFO] - org.springframework.boot.web.servlet.context.ServletWebServerApplicationContext.prepareWebApplicationContext(ServletWebServerApplicationContext.java:283) - Root WebApplicationContext: initialization completed in 601 ms
[21:53:43:524] [INFO] - com.alibaba.druid.spring.boot.autoconfigure.DruidDataSourceAutoConfigure.dataSource(DruidDataSourceAutoConfigure.java:56) - Init DruidDataSource
[21:53:43:614] [INFO] - com.alibaba.druid.pool.DruidDataSource.init(DruidDataSource.java:930) - {dataSource-2} inited
[21:53:43:905] [WARN] - org.springframework.amqp.rabbit.listener.AbstractMessageListenerContainer.setMessageConverter(AbstractMessageListenerContainer.java:483) - It is preferred to configure the message converter via the endpoint. See RabbitListenerEndpoint.setMessageConverter
[21:53:43:917] [INFO] - org.springframework.scheduling.concurrent.ExecutorConfigurationSupport.initialize(ExecutorConfigurationSupport.java:171) - Initializing ExecutorService 'scheduledExecutorService'
[21:53:43:925] [INFO] - springfox.documentation.spring.web.PropertySourcedRequestMappingHandlerMapping.initHandlerMethods(PropertySourcedRequestMappingHandlerMapping.java:69) - Mapped URL path [/v2/api-docs] onto method [public org.springframework.http.ResponseEntity<springfox.documentation.spring.web.json.Json> springfox.documentation.swagger2.web.Swagger2Controller.getDocumentation(java.lang.String,javax.servlet.http.HttpServletRequest)]
[21:53:43:996] [INFO] - org.springframework.scheduling.concurrent.ExecutorConfigurationSupport.initialize(ExecutorConfigurationSupport.java:171) - Initializing ExecutorService 'applicationTaskExecutor'
[21:53:44:010] [INFO] - org.springframework.boot.devtools.autoconfigure.OptionalLiveReloadServer.startServer(OptionalLiveReloadServer.java:57) - LiveReload server is running on port 35729
[21:53:44:189] [INFO] - springfox.documentation.spring.web.plugins.DocumentationPluginsBootstrapper.start(DocumentationPluginsBootstrapper.java:151) - Context refreshed
[21:53:44:190] [INFO] - springfox.documentation.spring.web.plugins.DocumentationPluginsBootstrapper.start(DocumentationPluginsBootstrapper.java:154) - Found 1 custom documentation plugin(s)
[21:53:44:196] [INFO] - springfox.documentation.spring.web.scanners.ApiListingReferenceScanner.scan(ApiListingReferenceScanner.java:41) - Scanning for api listing references
[21:53:44:229] [INFO] - springfox.documentation.spring.web.readers.operation.CachingOperationNameGenerator.startingWith(CachingOperationNameGenerator.java:40) - Generating unique operation named: saveUsingPOST_1
[21:53:44:233] [INFO] - org.springframework.amqp.rabbit.connection.AbstractConnectionFactory.createBareConnection(AbstractConnectionFactory.java:460) - Attempting to connect to: [localhost:5672]
[21:53:44:242] [INFO] - org.springframework.amqp.rabbit.connection.AbstractConnectionFactory.createBareConnection(AbstractConnectionFactory.java:496) - Created new connection: rabbitConnectionFactory#25d70781:0/SimpleConnection@619cdf3c [delegate=amqp://guest@127.0.0.1:5672/, localPort= 65493]
[21:53:44:244] [INFO] - org.springframework.amqp.rabbit.core.RabbitAdmin.initialize(RabbitAdmin.java:568) - Auto-declaring a non-durable or auto-delete Exchange (local.order.dead.produce.exchange) durable:false, auto-delete:true. It will be deleted by the broker if it shuts down, and can be redeclared by closing and reopening the connection.
[21:53:44:244] [INFO] - org.springframework.amqp.rabbit.core.RabbitAdmin.initialize(RabbitAdmin.java:568) - Auto-declaring a non-durable or auto-delete Exchange (local.order.dead.exchange) durable:false, auto-delete:true. It will be deleted by the broker if it shuts down, and can be redeclared by closing and reopening the connection.
[21:53:44:245] [INFO] - org.springframework.amqp.rabbit.core.RabbitAdmin.initialize(RabbitAdmin.java:578) - Auto-declaring a non-durable, auto-delete, or exclusive Queue (local.order.dead.queue) durable:false, auto-delete:true, exclusive:false. It will be redeclared if the broker stops and is restarted while the connection factory is alive, but all messages will be lost.
[21:53:44:245] [INFO] - org.springframework.amqp.rabbit.core.RabbitAdmin.initialize(RabbitAdmin.java:578) - Auto-declaring a non-durable, auto-delete, or exclusive Queue (local.order.dead.real.queue) durable:false, auto-delete:false, exclusive:false. It will be redeclared if the broker stops and is restarted while the connection factory is alive, but all messages will be lost.
[21:53:44:786] [INFO] - org.springframework.scheduling.annotation.ScheduledAnnotationBeanPostProcessor.finishRegistration(ScheduledAnnotationBeanPostProcessor.java:263) - More than one TaskScheduler bean exists within the context, and none is named 'taskScheduler'. Mark one of them as primary or name it 'taskScheduler' (possibly as an alias); or implement the SchedulingConfigurer interface and call ScheduledTaskRegistrar#setScheduler explicitly within the configureTasks() callback: [scheduledExecutorService, defaultSockJsTaskScheduler]
[21:53:44:795] [INFO] - org.springframework.boot.web.embedded.tomcat.TomcatWebServer.start(TomcatWebServer.java:202) - Tomcat started on port(s): 8080 (http) with context path '/SpringBootDemo'
[21:53:44:795] [INFO] - org.springframework.boot.StartupInfoLogger.logStarted(StartupInfoLogger.java:59) - Started DemoApplication in 2.023 seconds (JVM running for 301.457)
[21:53:44:798] [INFO] - org.springframework.boot.devtools.autoconfigure.ConditionEvaluationDeltaLoggingListener.onApplicationEvent(ConditionEvaluationDeltaLoggingListener.java:63) - Condition evaluation unchanged
[21:54:18:658] [INFO] - org.springframework.amqp.rabbit.listener.SimpleMessageListenerContainer.doShutdown(SimpleMessageListenerContainer.java:586) - Waiting for workers to finish.
[21:54:24:252] [INFO] - org.springframework.boot.StartupInfoLogger.logStarting(StartupInfoLogger.java:50) - Starting DemoApplication on Acron with PID 2936 (D:\JavaDev\IdeaProjects\SpringBootDemo\target\classes started by Acron in D:\JavaDev\IdeaProjects\SpringBootDemo)
[21:54:24:258] [DEBUG] - org.springframework.boot.StartupInfoLogger.logStarting(StartupInfoLogger.java:53) - Running with Spring Boot v2.1.6.RELEASE, Spring v5.1.8.RELEASE
[21:54:24:259] [INFO] - org.springframework.boot.SpringApplication.logStartupProfileInfo(SpringApplication.java:650) - The following profiles are active: prod
[21:54:24:303] [INFO] - org.springframework.boot.logging.DeferredLog.logTo(DeferredLog.java:225) - Devtools property defaults active! Set 'spring.devtools.add-properties' to 'false' to disable
[21:54:24:304] [INFO] - org.springframework.boot.logging.DeferredLog.logTo(DeferredLog.java:225) - For additional web related logging consider setting the 'logging.level.web' property to 'DEBUG'
[21:54:25:405] [INFO] - org.springframework.data.repository.config.RepositoryConfigurationDelegate.multipleStoresDetected(RepositoryConfigurationDelegate.java:244) - Multiple Spring Data modules found, entering strict repository configuration mode!
[21:54:25:408] [INFO] - org.springframework.data.repository.config.RepositoryConfigurationDelegate.registerRepositoriesIn(RepositoryConfigurationDelegate.java:126) - Bootstrapping Spring Data repositories in DEFAULT mode.
[21:54:25:439] [INFO] - org.springframework.data.repository.config.RepositoryConfigurationDelegate.registerRepositoriesIn(RepositoryConfigurationDelegate.java:182) - Finished Spring Data repository scanning in 21ms. Found 0 repository interfaces.
[21:54:25:769] [INFO] - org.springframework.context.support.PostProcessorRegistrationDelegate$BeanPostProcessorChecker.postProcessAfterInitialization(PostProcessorRegistrationDelegate.java:330) - Bean 'redisConfig' of type [com.acron.demo.core.config.RedisConfig$$EnhancerBySpringCGLIB$$9569e15a] is not eligible for getting processed by all BeanPostProcessors (for example: not eligible for auto-proxying)
[21:54:25:780] [INFO] - org.springframework.context.support.PostProcessorRegistrationDelegate$BeanPostProcessorChecker.postProcessAfterInitialization(PostProcessorRegistrationDelegate.java:330) - Bean 'org.springframework.transaction.annotation.ProxyTransactionManagementConfiguration' of type [org.springframework.transaction.annotation.ProxyTransactionManagementConfiguration$$EnhancerBySpringCGLIB$$29dc5865] is not eligible for getting processed by all BeanPostProcessors (for example: not eligible for auto-proxying)
[21:54:26:227] [INFO] - org.springframework.boot.web.embedded.tomcat.TomcatWebServer.initialize(TomcatWebServer.java:90) - Tomcat initialized with port(s): 8080 (http)
[21:54:26:334] [INFO] - org.springframework.boot.web.servlet.context.ServletWebServerApplicationContext.prepareWebApplicationContext(ServletWebServerApplicationContext.java:283) - Root WebApplicationContext: initialization completed in 2030 ms
[21:54:26:763] [INFO] - com.alibaba.druid.spring.boot.autoconfigure.DruidDataSourceAutoConfigure.dataSource(DruidDataSourceAutoConfigure.java:56) - Init DruidDataSource
[21:54:27:256] [INFO] - com.alibaba.druid.pool.DruidDataSource.init(DruidDataSource.java:930) - {dataSource-1} inited
[21:54:27:967] [WARN] - org.springframework.amqp.rabbit.listener.AbstractMessageListenerContainer.setMessageConverter(AbstractMessageListenerContainer.java:483) - It is preferred to configure the message converter via the endpoint. See RabbitListenerEndpoint.setMessageConverter
[21:54:27:991] [INFO] - org.springframework.scheduling.concurrent.ExecutorConfigurationSupport.initialize(ExecutorConfigurationSupport.java:171) - Initializing ExecutorService 'scheduledExecutorService'
[21:54:28:008] [INFO] - springfox.documentation.spring.web.PropertySourcedRequestMappingHandlerMapping.initHandlerMethods(PropertySourcedRequestMappingHandlerMapping.java:69) - Mapped URL path [/v2/api-docs] onto method [public org.springframework.http.ResponseEntity<springfox.documentation.spring.web.json.Json> springfox.documentation.swagger2.web.Swagger2Controller.getDocumentation(java.lang.String,javax.servlet.http.HttpServletRequest)]
[21:54:28:157] [INFO] - org.springframework.scheduling.concurrent.ExecutorConfigurationSupport.initialize(ExecutorConfigurationSupport.java:171) - Initializing ExecutorService 'applicationTaskExecutor'
[21:54:28:209] [INFO] - org.springframework.boot.devtools.autoconfigure.OptionalLiveReloadServer.startServer(OptionalLiveReloadServer.java:57) - LiveReload server is running on port 35729
[21:54:28:598] [INFO] - io.lettuce.core.EpollProvider.<clinit>(EpollProvider.java:68) - Starting without optional epoll library
[21:54:28:600] [INFO] - io.lettuce.core.KqueueProvider.<clinit>(KqueueProvider.java:70) - Starting without optional kqueue library
[21:54:29:199] [INFO] - springfox.documentation.spring.web.plugins.DocumentationPluginsBootstrapper.start(DocumentationPluginsBootstrapper.java:151) - Context refreshed
[21:54:29:214] [INFO] - springfox.documentation.spring.web.plugins.DocumentationPluginsBootstrapper.start(DocumentationPluginsBootstrapper.java:154) - Found 1 custom documentation plugin(s)
[21:54:29:245] [INFO] - springfox.documentation.spring.web.scanners.ApiListingReferenceScanner.scan(ApiListingReferenceScanner.java:41) - Scanning for api listing references
[21:54:29:376] [INFO] - springfox.documentation.spring.web.readers.operation.CachingOperationNameGenerator.startingWith(CachingOperationNameGenerator.java:40) - Generating unique operation named: saveUsingPOST_1
[21:54:29:387] [INFO] - org.springframework.amqp.rabbit.connection.AbstractConnectionFactory.createBareConnection(AbstractConnectionFactory.java:460) - Attempting to connect to: [localhost:5672]
[21:54:29:420] [INFO] - org.springframework.amqp.rabbit.connection.AbstractConnectionFactory.createBareConnection(AbstractConnectionFactory.java:496) - Created new connection: rabbitConnectionFactory#146a07be:0/SimpleConnection@1903d71a [delegate=amqp://guest@127.0.0.1:5672/, localPort= 49189]
[21:54:29:426] [INFO] - org.springframework.amqp.rabbit.core.RabbitAdmin.initialize(RabbitAdmin.java:568) - Auto-declaring a non-durable or auto-delete Exchange (local.order.dead.produce.exchange) durable:false, auto-delete:true. It will be deleted by the broker if it shuts down, and can be redeclared by closing and reopening the connection.
[21:54:29:426] [INFO] - org.springframework.amqp.rabbit.core.RabbitAdmin.initialize(RabbitAdmin.java:568) - Auto-declaring a non-durable or auto-delete Exchange (local.order.dead.exchange) durable:false, auto-delete:true. It will be deleted by the broker if it shuts down, and can be redeclared by closing and reopening the connection.
[21:54:29:427] [INFO] - org.springframework.amqp.rabbit.core.RabbitAdmin.initialize(RabbitAdmin.java:578) - Auto-declaring a non-durable, auto-delete, or exclusive Queue (local.order.dead.queue) durable:false, auto-delete:true, exclusive:false. It will be redeclared if the broker stops and is restarted while the connection factory is alive, but all messages will be lost.
[21:54:29:427] [INFO] - org.springframework.amqp.rabbit.core.RabbitAdmin.initialize(RabbitAdmin.java:578) - Auto-declaring a non-durable, auto-delete, or exclusive Queue (local.order.dead.real.queue) durable:false, auto-delete:false, exclusive:false. It will be redeclared if the broker stops and is restarted while the connection factory is alive, but all messages will be lost.
[21:54:30:052] [INFO] - org.springframework.scheduling.annotation.ScheduledAnnotationBeanPostProcessor.finishRegistration(ScheduledAnnotationBeanPostProcessor.java:263) - More than one TaskScheduler bean exists within the context, and none is named 'taskScheduler'. Mark one of them as primary or name it 'taskScheduler' (possibly as an alias); or implement the SchedulingConfigurer interface and call ScheduledTaskRegistrar#setScheduler explicitly within the configureTasks() callback: [scheduledExecutorService, defaultSockJsTaskScheduler]
[21:54:30:077] [INFO] - org.springframework.boot.web.embedded.tomcat.TomcatWebServer.start(TomcatWebServer.java:202) - Tomcat started on port(s): 8080 (http) with context path '/SpringBootDemo'
[21:54:30:080] [INFO] - org.springframework.boot.StartupInfoLogger.logStarted(StartupInfoLogger.java:59) - Started DemoApplication in 6.207 seconds (JVM running for 7.361)
[21:55:01:889] [INFO] - org.springframework.web.servlet.FrameworkServlet.initServletBean(FrameworkServlet.java:524) - Initializing Servlet 'dispatcherServlet'
[21:55:01:897] [INFO] - org.springframework.web.servlet.FrameworkServlet.initServletBean(FrameworkServlet.java:546) - Completed initialization in 7 ms
[21:55:01:927] [INFO] - com.acron.demo.core.websocket.Handshake.beforeHandshake(Handshake.java:38) - 记录登录用户ID：1dee882b0d669adf4a663448927b9a8e
[21:55:01:968] [INFO] - com.acron.demo.core.websocket.Handler.afterConnectionEstablished(Handler.java:28) - 客户端连接成功！
[21:55:01:973] [INFO] - com.acron.demo.core.websocket.Handler.afterConnectionEstablished(Handler.java:35) - 当前连接用户数量：1
[21:55:49:035] [INFO] - org.springframework.amqp.rabbit.listener.SimpleMessageListenerContainer.doShutdown(SimpleMessageListenerContainer.java:586) - Waiting for workers to finish.
[21:55:49:523] [INFO] - org.springframework.amqp.rabbit.listener.SimpleMessageListenerContainer.doShutdown(SimpleMessageListenerContainer.java:589) - Successfully waited for workers to finish.
[21:55:49:538] [INFO] - org.springframework.amqp.rabbit.listener.SimpleMessageListenerContainer.doShutdown(SimpleMessageListenerContainer.java:586) - Waiting for workers to finish.
[21:55:49:543] [INFO] - org.springframework.amqp.rabbit.listener.SimpleMessageListenerContainer.doShutdown(SimpleMessageListenerContainer.java:589) - Successfully waited for workers to finish.
[21:55:49:545] [INFO] - org.springframework.amqp.rabbit.listener.SimpleMessageListenerContainer.doShutdown(SimpleMessageListenerContainer.java:586) - Waiting for workers to finish.
[21:55:50:541] [INFO] - org.springframework.amqp.rabbit.listener.SimpleMessageListenerContainer.doShutdown(SimpleMessageListenerContainer.java:589) - Successfully waited for workers to finish.
[21:55:50:547] [INFO] - org.springframework.amqp.rabbit.listener.AbstractMessageListenerContainer.shutdown(AbstractMessageListenerContainer.java:1226) - Shutdown ignored - container is not active already
[21:55:50:548] [INFO] - org.springframework.amqp.rabbit.listener.AbstractMessageListenerContainer.shutdown(AbstractMessageListenerContainer.java:1226) - Shutdown ignored - container is not active already
[21:55:50:549] [INFO] - org.springframework.scheduling.concurrent.ExecutorConfigurationSupport.shutdown(ExecutorConfigurationSupport.java:208) - Shutting down ExecutorService 'applicationTaskExecutor'
[21:55:50:549] [INFO] - org.springframework.scheduling.concurrent.ExecutorConfigurationSupport.shutdown(ExecutorConfigurationSupport.java:208) - Shutting down ExecutorService 'scheduledExecutorService'
[21:55:50:550] [INFO] - org.springframework.amqp.rabbit.listener.AbstractMessageListenerContainer.shutdown(AbstractMessageListenerContainer.java:1226) - Shutdown ignored - container is not active already
[21:55:50:555] [INFO] - com.alibaba.druid.pool.DruidDataSource.close(DruidDataSource.java:1825) - {dataSource-1} closed
[21:55:51:779] [INFO] - com.acron.demo.core.websocket.Handler.afterConnectionClosed(Handler.java:65) - 连接断开:CloseStatus[code=1001, reason=The web application is stopping]
[21:55:51:998] [INFO] - org.springframework.boot.StartupInfoLogger.logStarting(StartupInfoLogger.java:50) - Starting DemoApplication on Acron with PID 2936 (D:\JavaDev\IdeaProjects\SpringBootDemo\target\classes started by Acron in D:\JavaDev\IdeaProjects\SpringBootDemo)
[21:55:51:999] [DEBUG] - org.springframework.boot.StartupInfoLogger.logStarting(StartupInfoLogger.java:53) - Running with Spring Boot v2.1.6.RELEASE, Spring v5.1.8.RELEASE
[21:55:51:999] [INFO] - org.springframework.boot.SpringApplication.logStartupProfileInfo(SpringApplication.java:650) - The following profiles are active: prod
[21:55:52:405] [INFO] - org.springframework.data.repository.config.RepositoryConfigurationDelegate.multipleStoresDetected(RepositoryConfigurationDelegate.java:244) - Multiple Spring Data modules found, entering strict repository configuration mode!
[21:55:52:406] [INFO] - org.springframework.data.repository.config.RepositoryConfigurationDelegate.registerRepositoriesIn(RepositoryConfigurationDelegate.java:126) - Bootstrapping Spring Data repositories in DEFAULT mode.
[21:55:52:417] [INFO] - org.springframework.data.repository.config.RepositoryConfigurationDelegate.registerRepositoriesIn(RepositoryConfigurationDelegate.java:182) - Finished Spring Data repository scanning in 11ms. Found 0 repository interfaces.
[21:55:52:479] [INFO] - org.springframework.context.support.PostProcessorRegistrationDelegate$BeanPostProcessorChecker.postProcessAfterInitialization(PostProcessorRegistrationDelegate.java:330) - Bean 'redisConfig' of type [com.acron.demo.core.config.RedisConfig$$EnhancerBySpringCGLIB$$9569e15a] is not eligible for getting processed by all BeanPostProcessors (for example: not eligible for auto-proxying)
[21:55:52:481] [INFO] - org.springframework.context.support.PostProcessorRegistrationDelegate$BeanPostProcessorChecker.postProcessAfterInitialization(PostProcessorRegistrationDelegate.java:330) - Bean 'org.springframework.transaction.annotation.ProxyTransactionManagementConfiguration' of type [org.springframework.transaction.annotation.ProxyTransactionManagementConfiguration$$EnhancerBySpringCGLIB$$29dc5865] is not eligible for getting processed by all BeanPostProcessors (for example: not eligible for auto-proxying)
[21:55:52:576] [INFO] - org.springframework.boot.web.embedded.tomcat.TomcatWebServer.initialize(TomcatWebServer.java:90) - Tomcat initialized with port(s): 8080 (http)
[21:55:52:593] [INFO] - org.springframework.boot.web.servlet.context.ServletWebServerApplicationContext.prepareWebApplicationContext(ServletWebServerApplicationContext.java:283) - Root WebApplicationContext: initialization completed in 592 ms
[21:55:52:695] [INFO] - com.alibaba.druid.spring.boot.autoconfigure.DruidDataSourceAutoConfigure.dataSource(DruidDataSourceAutoConfigure.java:56) - Init DruidDataSource
[21:55:52:781] [INFO] - com.alibaba.druid.pool.DruidDataSource.init(DruidDataSource.java:930) - {dataSource-2} inited
[21:55:53:080] [WARN] - org.springframework.amqp.rabbit.listener.AbstractMessageListenerContainer.setMessageConverter(AbstractMessageListenerContainer.java:483) - It is preferred to configure the message converter via the endpoint. See RabbitListenerEndpoint.setMessageConverter
[21:55:53:092] [INFO] - org.springframework.scheduling.concurrent.ExecutorConfigurationSupport.initialize(ExecutorConfigurationSupport.java:171) - Initializing ExecutorService 'scheduledExecutorService'
[21:55:53:100] [INFO] - springfox.documentation.spring.web.PropertySourcedRequestMappingHandlerMapping.initHandlerMethods(PropertySourcedRequestMappingHandlerMapping.java:69) - Mapped URL path [/v2/api-docs] onto method [public org.springframework.http.ResponseEntity<springfox.documentation.spring.web.json.Json> springfox.documentation.swagger2.web.Swagger2Controller.getDocumentation(java.lang.String,javax.servlet.http.HttpServletRequest)]
[21:55:53:163] [INFO] - org.springframework.scheduling.concurrent.ExecutorConfigurationSupport.initialize(ExecutorConfigurationSupport.java:171) - Initializing ExecutorService 'applicationTaskExecutor'
[21:55:53:177] [INFO] - org.springframework.boot.devtools.autoconfigure.OptionalLiveReloadServer.startServer(OptionalLiveReloadServer.java:57) - LiveReload server is running on port 35729
[21:55:53:343] [INFO] - springfox.documentation.spring.web.plugins.DocumentationPluginsBootstrapper.start(DocumentationPluginsBootstrapper.java:151) - Context refreshed
[21:55:53:345] [INFO] - springfox.documentation.spring.web.plugins.DocumentationPluginsBootstrapper.start(DocumentationPluginsBootstrapper.java:154) - Found 1 custom documentation plugin(s)
[21:55:53:353] [INFO] - springfox.documentation.spring.web.scanners.ApiListingReferenceScanner.scan(ApiListingReferenceScanner.java:41) - Scanning for api listing references
[21:55:53:389] [INFO] - springfox.documentation.spring.web.readers.operation.CachingOperationNameGenerator.startingWith(CachingOperationNameGenerator.java:40) - Generating unique operation named: saveUsingPOST_1
[21:55:53:392] [INFO] - org.springframework.amqp.rabbit.connection.AbstractConnectionFactory.createBareConnection(AbstractConnectionFactory.java:460) - Attempting to connect to: [localhost:5672]
[21:55:53:401] [INFO] - org.springframework.amqp.rabbit.connection.AbstractConnectionFactory.createBareConnection(AbstractConnectionFactory.java:496) - Created new connection: rabbitConnectionFactory#12a52081:0/SimpleConnection@32a011c9 [delegate=amqp://guest@127.0.0.1:5672/, localPort= 49309]
[21:55:53:404] [INFO] - org.springframework.amqp.rabbit.core.RabbitAdmin.initialize(RabbitAdmin.java:568) - Auto-declaring a non-durable or auto-delete Exchange (local.order.dead.produce.exchange) durable:false, auto-delete:true. It will be deleted by the broker if it shuts down, and can be redeclared by closing and reopening the connection.
[21:55:53:404] [INFO] - org.springframework.amqp.rabbit.core.RabbitAdmin.initialize(RabbitAdmin.java:568) - Auto-declaring a non-durable or auto-delete Exchange (local.order.dead.exchange) durable:false, auto-delete:true. It will be deleted by the broker if it shuts down, and can be redeclared by closing and reopening the connection.
[21:55:53:404] [INFO] - org.springframework.amqp.rabbit.core.RabbitAdmin.initialize(RabbitAdmin.java:578) - Auto-declaring a non-durable, auto-delete, or exclusive Queue (local.order.dead.queue) durable:false, auto-delete:true, exclusive:false. It will be redeclared if the broker stops and is restarted while the connection factory is alive, but all messages will be lost.
[21:55:53:404] [INFO] - org.springframework.amqp.rabbit.core.RabbitAdmin.initialize(RabbitAdmin.java:578) - Auto-declaring a non-durable, auto-delete, or exclusive Queue (local.order.dead.real.queue) durable:false, auto-delete:false, exclusive:false. It will be redeclared if the broker stops and is restarted while the connection factory is alive, but all messages will be lost.
[21:55:53:946] [INFO] - org.springframework.scheduling.annotation.ScheduledAnnotationBeanPostProcessor.finishRegistration(ScheduledAnnotationBeanPostProcessor.java:263) - More than one TaskScheduler bean exists within the context, and none is named 'taskScheduler'. Mark one of them as primary or name it 'taskScheduler' (possibly as an alias); or implement the SchedulingConfigurer interface and call ScheduledTaskRegistrar#setScheduler explicitly within the configureTasks() callback: [scheduledExecutorService, defaultSockJsTaskScheduler]
[21:55:53:954] [INFO] - org.springframework.boot.web.embedded.tomcat.TomcatWebServer.start(TomcatWebServer.java:202) - Tomcat started on port(s): 8080 (http) with context path '/SpringBootDemo'
[21:55:53:955] [INFO] - org.springframework.boot.StartupInfoLogger.logStarted(StartupInfoLogger.java:59) - Started DemoApplication in 1.996 seconds (JVM running for 91.236)
[21:55:53:957] [INFO] - org.springframework.boot.devtools.autoconfigure.ConditionEvaluationDeltaLoggingListener.onApplicationEvent(ConditionEvaluationDeltaLoggingListener.java:63) - Condition evaluation unchanged
[22:07:55:363] [INFO] - org.springframework.amqp.rabbit.listener.SimpleMessageListenerContainer.doShutdown(SimpleMessageListenerContainer.java:586) - Waiting for workers to finish.
[22:07:55:920] [INFO] - org.springframework.amqp.rabbit.listener.SimpleMessageListenerContainer.doShutdown(SimpleMessageListenerContainer.java:589) - Successfully waited for workers to finish.
[22:07:55:924] [INFO] - org.springframework.amqp.rabbit.listener.SimpleMessageListenerContainer.doShutdown(SimpleMessageListenerContainer.java:586) - Waiting for workers to finish.
[22:07:56:921] [INFO] - org.springframework.amqp.rabbit.listener.SimpleMessageListenerContainer.doShutdown(SimpleMessageListenerContainer.java:589) - Successfully waited for workers to finish.
[22:07:56:923] [INFO] - org.springframework.amqp.rabbit.listener.SimpleMessageListenerContainer.doShutdown(SimpleMessageListenerContainer.java:586) - Waiting for workers to finish.
[22:07:57:911] [INFO] - org.springframework.amqp.rabbit.listener.SimpleMessageListenerContainer.doShutdown(SimpleMessageListenerContainer.java:589) - Successfully waited for workers to finish.
[22:07:57:916] [INFO] - org.springframework.amqp.rabbit.listener.AbstractMessageListenerContainer.shutdown(AbstractMessageListenerContainer.java:1226) - Shutdown ignored - container is not active already
[22:07:57:917] [INFO] - org.springframework.amqp.rabbit.listener.AbstractMessageListenerContainer.shutdown(AbstractMessageListenerContainer.java:1226) - Shutdown ignored - container is not active already
[22:07:57:917] [INFO] - org.springframework.scheduling.concurrent.ExecutorConfigurationSupport.shutdown(ExecutorConfigurationSupport.java:208) - Shutting down ExecutorService 'applicationTaskExecutor'
[22:07:57:918] [INFO] - org.springframework.scheduling.concurrent.ExecutorConfigurationSupport.shutdown(ExecutorConfigurationSupport.java:208) - Shutting down ExecutorService 'scheduledExecutorService'
[22:07:57:918] [INFO] - org.springframework.amqp.rabbit.listener.AbstractMessageListenerContainer.shutdown(AbstractMessageListenerContainer.java:1226) - Shutdown ignored - container is not active already
[22:07:57:925] [INFO] - com.alibaba.druid.pool.DruidDataSource.close(DruidDataSource.java:1825) - {dataSource-2} closed
[22:07:59:316] [INFO] - org.springframework.boot.StartupInfoLogger.logStarting(StartupInfoLogger.java:50) - Starting DemoApplication on Acron with PID 2936 (D:\JavaDev\IdeaProjects\SpringBootDemo\target\classes started by Acron in D:\JavaDev\IdeaProjects\SpringBootDemo)
[22:07:59:316] [DEBUG] - org.springframework.boot.StartupInfoLogger.logStarting(StartupInfoLogger.java:53) - Running with Spring Boot v2.1.6.RELEASE, Spring v5.1.8.RELEASE
[22:07:59:316] [INFO] - org.springframework.boot.SpringApplication.logStartupProfileInfo(SpringApplication.java:650) - The following profiles are active: prod
[22:07:59:717] [INFO] - org.springframework.data.repository.config.RepositoryConfigurationDelegate.multipleStoresDetected(RepositoryConfigurationDelegate.java:244) - Multiple Spring Data modules found, entering strict repository configuration mode!
[22:07:59:717] [INFO] - org.springframework.data.repository.config.RepositoryConfigurationDelegate.registerRepositoriesIn(RepositoryConfigurationDelegate.java:126) - Bootstrapping Spring Data repositories in DEFAULT mode.
[22:07:59:729] [INFO] - org.springframework.data.repository.config.RepositoryConfigurationDelegate.registerRepositoriesIn(RepositoryConfigurationDelegate.java:182) - Finished Spring Data repository scanning in 11ms. Found 0 repository interfaces.
[22:07:59:791] [INFO] - org.springframework.context.support.PostProcessorRegistrationDelegate$BeanPostProcessorChecker.postProcessAfterInitialization(PostProcessorRegistrationDelegate.java:330) - Bean 'redisConfig' of type [com.acron.demo.core.config.RedisConfig$$EnhancerBySpringCGLIB$$9569e15a] is not eligible for getting processed by all BeanPostProcessors (for example: not eligible for auto-proxying)
[22:07:59:793] [INFO] - org.springframework.context.support.PostProcessorRegistrationDelegate$BeanPostProcessorChecker.postProcessAfterInitialization(PostProcessorRegistrationDelegate.java:330) - Bean 'org.springframework.transaction.annotation.ProxyTransactionManagementConfiguration' of type [org.springframework.transaction.annotation.ProxyTransactionManagementConfiguration$$EnhancerBySpringCGLIB$$29dc5865] is not eligible for getting processed by all BeanPostProcessors (for example: not eligible for auto-proxying)
[22:07:59:888] [INFO] - org.springframework.boot.web.embedded.tomcat.TomcatWebServer.initialize(TomcatWebServer.java:90) - Tomcat initialized with port(s): 8080 (http)
[22:07:59:903] [INFO] - org.springframework.boot.web.servlet.context.ServletWebServerApplicationContext.prepareWebApplicationContext(ServletWebServerApplicationContext.java:283) - Root WebApplicationContext: initialization completed in 585 ms
[22:08:00:004] [INFO] - com.alibaba.druid.spring.boot.autoconfigure.DruidDataSourceAutoConfigure.dataSource(DruidDataSourceAutoConfigure.java:56) - Init DruidDataSource
[22:08:00:092] [INFO] - com.alibaba.druid.pool.DruidDataSource.init(DruidDataSource.java:930) - {dataSource-3} inited
[22:08:00:171] [WARN] - org.springframework.context.support.AbstractApplicationContext.refresh(AbstractApplicationContext.java:557) - Exception encountered during context initialization - cancelling refresh attempt: org.springframework.beans.factory.BeanCreationException: Error creating bean with name 'websocketConfig' defined in file [D:\JavaDev\IdeaProjects\SpringBootDemo\target\classes\com\acron\demo\config\WebsocketConfig.class]: Post-processing of merged bean definition failed; nested exception is java.lang.IllegalStateException: Failed to introspect Class [com.acron.demo.core.config.WebsocketConfig] from ClassLoader [org.springframework.boot.devtools.restart.classloader.RestartClassLoader@736c178d]
[22:08:00:173] [INFO] - com.alibaba.druid.pool.DruidDataSource.close(DruidDataSource.java:1825) - {dataSource-3} closed
[22:08:00:193] [INFO] - org.springframework.boot.autoconfigure.logging.ConditionEvaluationReportLoggingListener.logMessage(ConditionEvaluationReportLoggingListener.java:135) - 

Error starting ApplicationContext. To display the conditions report re-run your application with 'debug' enabled.
[22:08:00:199] [ERROR] - org.springframework.boot.SpringApplication.reportFailure(SpringApplication.java:821) - Application run failed
org.springframework.beans.factory.BeanCreationException: Error creating bean with name 'websocketConfig' defined in file [D:\JavaDev\IdeaProjects\SpringBootDemo\target\classes\com\acron\demo\config\WebsocketConfig.class]: Post-processing of merged bean definition failed; nested exception is java.lang.IllegalStateException: Failed to introspect Class [com.acron.demo.core.config.WebsocketConfig] from ClassLoader [org.springframework.boot.devtools.restart.classloader.RestartClassLoader@736c178d]
	at org.springframework.beans.factory.support.AbstractAutowireCapableBeanFactory.doCreateBean(AbstractAutowireCapableBeanFactory.java:570) ~[spring-beans-5.1.8.RELEASE.jar:5.1.8.RELEASE]
	at org.springframework.beans.factory.support.AbstractAutowireCapableBeanFactory.createBean(AbstractAutowireCapableBeanFactory.java:515) ~[spring-beans-5.1.8.RELEASE.jar:5.1.8.RELEASE]
	at org.springframework.beans.factory.support.AbstractBeanFactory.lambda$doGetBean$0(AbstractBeanFactory.java:320) ~[spring-beans-5.1.8.RELEASE.jar:5.1.8.RELEASE]
	at org.springframework.beans.factory.support.DefaultSingletonBeanRegistry.getSingleton(DefaultSingletonBeanRegistry.java:222) ~[spring-beans-5.1.8.RELEASE.jar:5.1.8.RELEASE]
	at org.springframework.beans.factory.support.AbstractBeanFactory.doGetBean(AbstractBeanFactory.java:318) ~[spring-beans-5.1.8.RELEASE.jar:5.1.8.RELEASE]
	at org.springframework.beans.factory.support.AbstractBeanFactory.getBean(AbstractBeanFactory.java:199) ~[spring-beans-5.1.8.RELEASE.jar:5.1.8.RELEASE]
	at org.springframework.beans.factory.support.DefaultListableBeanFactory.preInstantiateSingletons(DefaultListableBeanFactory.java:845) ~[spring-beans-5.1.8.RELEASE.jar:5.1.8.RELEASE]
	at org.springframework.context.support.AbstractApplicationContext.finishBeanFactoryInitialization(AbstractApplicationContext.java:877) ~[spring-context-5.1.8.RELEASE.jar:5.1.8.RELEASE]
	at org.springframework.context.support.AbstractApplicationContext.refresh(AbstractApplicationContext.java:549) ~[spring-context-5.1.8.RELEASE.jar:5.1.8.RELEASE]
	at org.springframework.boot.web.servlet.context.ServletWebServerApplicationContext.refresh(ServletWebServerApplicationContext.java:140) ~[spring-boot-2.1.6.RELEASE.jar:2.1.6.RELEASE]
	at org.springframework.boot.SpringApplication.refresh(SpringApplication.java:742) [spring-boot-2.1.6.RELEASE.jar:2.1.6.RELEASE]
	at org.springframework.boot.SpringApplication.refreshContext(SpringApplication.java:389) [spring-boot-2.1.6.RELEASE.jar:2.1.6.RELEASE]
	at org.springframework.boot.SpringApplication.run(SpringApplication.java:311) [spring-boot-2.1.6.RELEASE.jar:2.1.6.RELEASE]
	at org.springframework.boot.SpringApplication.run(SpringApplication.java:1213) [spring-boot-2.1.6.RELEASE.jar:2.1.6.RELEASE]
	at org.springframework.boot.SpringApplication.run(SpringApplication.java:1202) [spring-boot-2.1.6.RELEASE.jar:2.1.6.RELEASE]
	at com.acron.demo.DemoApplication.main(DemoApplication.java:14) [classes/:?]
	at sun.reflect.NativeMethodAccessorImpl.invoke0(Native Method) ~[?:1.8.0_211]
	at sun.reflect.NativeMethodAccessorImpl.invoke(NativeMethodAccessorImpl.java:62) ~[?:1.8.0_211]
	at sun.reflect.DelegatingMethodAccessorImpl.invoke(DelegatingMethodAccessorImpl.java:43) ~[?:1.8.0_211]
	at java.lang.reflect.Method.invoke(Method.java:498) ~[?:1.8.0_211]
	at org.springframework.boot.devtools.restart.RestartLauncher.run(RestartLauncher.java:49) [spring-boot-devtools-2.1.6.RELEASE.jar:2.1.6.RELEASE]
Caused by: java.lang.IllegalStateException: Failed to introspect Class [com.acron.demo.core.config.WebsocketConfig] from ClassLoader [org.springframework.boot.devtools.restart.classloader.RestartClassLoader@736c178d]
	at org.springframework.util.ReflectionUtils.getDeclaredFields(ReflectionUtils.java:760) ~[spring-core-5.1.8.RELEASE.jar:5.1.8.RELEASE]
	at org.springframework.util.ReflectionUtils.doWithLocalFields(ReflectionUtils.java:692) ~[spring-core-5.1.8.RELEASE.jar:5.1.8.RELEASE]
	at org.springframework.context.annotation.CommonAnnotationBeanPostProcessor.buildResourceMetadata(CommonAnnotationBeanPostProcessor.java:365) ~[spring-context-5.1.8.RELEASE.jar:5.1.8.RELEASE]
	at org.springframework.context.annotation.CommonAnnotationBeanPostProcessor.findResourceMetadata(CommonAnnotationBeanPostProcessor.java:350) ~[spring-context-5.1.8.RELEASE.jar:5.1.8.RELEASE]
	at org.springframework.context.annotation.CommonAnnotationBeanPostProcessor.postProcessMergedBeanDefinition(CommonAnnotationBeanPostProcessor.java:298) ~[spring-context-5.1.8.RELEASE.jar:5.1.8.RELEASE]
	at org.springframework.beans.factory.support.AbstractAutowireCapableBeanFactory.applyMergedBeanDefinitionPostProcessors(AbstractAutowireCapableBeanFactory.java:1077) ~[spring-beans-5.1.8.RELEASE.jar:5.1.8.RELEASE]
	at org.springframework.beans.factory.support.AbstractAutowireCapableBeanFactory.doCreateBean(AbstractAutowireCapableBeanFactory.java:567) ~[spring-beans-5.1.8.RELEASE.jar:5.1.8.RELEASE]
	... 20 more
Caused by: java.lang.NoClassDefFoundError: Lcom/acron/demo/websocket/Handler;
	at java.lang.Class.getDeclaredFields0(Native Method) ~[?:1.8.0_211]
	at java.lang.Class.privateGetDeclaredFields(Class.java:2583) ~[?:1.8.0_211]
	at java.lang.Class.getDeclaredFields(Class.java:1916) ~[?:1.8.0_211]
	at org.springframework.util.ReflectionUtils.getDeclaredFields(ReflectionUtils.java:755) ~[spring-core-5.1.8.RELEASE.jar:5.1.8.RELEASE]
	at org.springframework.util.ReflectionUtils.doWithLocalFields(ReflectionUtils.java:692) ~[spring-core-5.1.8.RELEASE.jar:5.1.8.RELEASE]
	at org.springframework.context.annotation.CommonAnnotationBeanPostProcessor.buildResourceMetadata(CommonAnnotationBeanPostProcessor.java:365) ~[spring-context-5.1.8.RELEASE.jar:5.1.8.RELEASE]
	at org.springframework.context.annotation.CommonAnnotationBeanPostProcessor.findResourceMetadata(CommonAnnotationBeanPostProcessor.java:350) ~[spring-context-5.1.8.RELEASE.jar:5.1.8.RELEASE]
	at org.springframework.context.annotation.CommonAnnotationBeanPostProcessor.postProcessMergedBeanDefinition(CommonAnnotationBeanPostProcessor.java:298) ~[spring-context-5.1.8.RELEASE.jar:5.1.8.RELEASE]
	at org.springframework.beans.factory.support.AbstractAutowireCapableBeanFactory.applyMergedBeanDefinitionPostProcessors(AbstractAutowireCapableBeanFactory.java:1077) ~[spring-beans-5.1.8.RELEASE.jar:5.1.8.RELEASE]
	at org.springframework.beans.factory.support.AbstractAutowireCapableBeanFactory.doCreateBean(AbstractAutowireCapableBeanFactory.java:567) ~[spring-beans-5.1.8.RELEASE.jar:5.1.8.RELEASE]
	... 20 more
Caused by: java.lang.ClassNotFoundException: com.acron.demo.core.websocket.Handler
	at java.net.URLClassLoader.findClass(URLClassLoader.java:382) ~[?:1.8.0_211]
	at java.lang.ClassLoader.loadClass(ClassLoader.java:424) ~[?:1.8.0_211]
	at sun.misc.Launcher$AppClassLoader.loadClass(Launcher.java:349) ~[?:1.8.0_211]
	at java.lang.ClassLoader.loadClass(ClassLoader.java:357) ~[?:1.8.0_211]
	at org.springframework.boot.devtools.restart.classloader.RestartClassLoader.loadClass(RestartClassLoader.java:144) ~[spring-boot-devtools-2.1.6.RELEASE.jar:2.1.6.RELEASE]
	at java.lang.ClassLoader.loadClass(ClassLoader.java:357) ~[?:1.8.0_211]
	at java.lang.Class.getDeclaredFields0(Native Method) ~[?:1.8.0_211]
	at java.lang.Class.privateGetDeclaredFields(Class.java:2583) ~[?:1.8.0_211]
	at java.lang.Class.getDeclaredFields(Class.java:1916) ~[?:1.8.0_211]
	at org.springframework.util.ReflectionUtils.getDeclaredFields(ReflectionUtils.java:755) ~[spring-core-5.1.8.RELEASE.jar:5.1.8.RELEASE]
	at org.springframework.util.ReflectionUtils.doWithLocalFields(ReflectionUtils.java:692) ~[spring-core-5.1.8.RELEASE.jar:5.1.8.RELEASE]
	at org.springframework.context.annotation.CommonAnnotationBeanPostProcessor.buildResourceMetadata(CommonAnnotationBeanPostProcessor.java:365) ~[spring-context-5.1.8.RELEASE.jar:5.1.8.RELEASE]
	at org.springframework.context.annotation.CommonAnnotationBeanPostProcessor.findResourceMetadata(CommonAnnotationBeanPostProcessor.java:350) ~[spring-context-5.1.8.RELEASE.jar:5.1.8.RELEASE]
	at org.springframework.context.annotation.CommonAnnotationBeanPostProcessor.postProcessMergedBeanDefinition(CommonAnnotationBeanPostProcessor.java:298) ~[spring-context-5.1.8.RELEASE.jar:5.1.8.RELEASE]
	at org.springframework.beans.factory.support.AbstractAutowireCapableBeanFactory.applyMergedBeanDefinitionPostProcessors(AbstractAutowireCapableBeanFactory.java:1077) ~[spring-beans-5.1.8.RELEASE.jar:5.1.8.RELEASE]
	at org.springframework.beans.factory.support.AbstractAutowireCapableBeanFactory.doCreateBean(AbstractAutowireCapableBeanFactory.java:567) ~[spring-beans-5.1.8.RELEASE.jar:5.1.8.RELEASE]
	... 20 more
