[19:54:52:910] [ERROR] - org.springframework.boot.SpringApplication.reportFailure(SpringApplication.java:821) - Application run failed
org.springframework.beans.factory.BeanNotOfRequiredTypeException: Bean named 'defaultSockJsTaskScheduler' is expected to be of type 'org.springframework.scheduling.TaskScheduler' but was actually of type 'org.springframework.beans.factory.support.NullBean'
	at org.springframework.beans.factory.support.AbstractBeanFactory.doGetBean(AbstractBeanFactory.java:392) ~[spring-beans-5.1.8.RELEASE.jar:5.1.8.RELEASE]
	at org.springframework.beans.factory.support.AbstractBeanFactory.getBean(AbstractBeanFactory.java:224) ~[spring-beans-5.1.8.RELEASE.jar:5.1.8.RELEASE]
	at org.springframework.beans.factory.support.DefaultListableBeanFactory.resolveNamedBean(DefaultListableBeanFactory.java:1119) ~[spring-beans-5.1.8.RELEASE.jar:5.1.8.RELEASE]
	at org.springframework.beans.factory.support.DefaultListableBeanFactory.resolveNamedBean(DefaultListableBeanFactory.java:1086) ~[spring-beans-5.1.8.RELEASE.jar:5.1.8.RELEASE]
	at org.springframework.scheduling.annotation.ScheduledAnnotationBeanPostProcessor.resolveSchedulerBean(ScheduledAnnotationBeanPostProcessor.java:313) ~[spring-context-5.1.8.RELEASE.jar:5.1.8.RELEASE]
	at org.springframework.scheduling.annotation.ScheduledAnnotationBeanPostProcessor.finishRegistration(ScheduledAnnotationBeanPostProcessor.java:254) ~[spring-context-5.1.8.RELEASE.jar:5.1.8.RELEASE]
	at org.springframework.scheduling.annotation.ScheduledAnnotationBeanPostProcessor.onApplicationEvent(ScheduledAnnotationBeanPostProcessor.java:231) ~[spring-context-5.1.8.RELEASE.jar:5.1.8.RELEASE]
	at org.springframework.scheduling.annotation.ScheduledAnnotationBeanPostProcessor.onApplicationEvent(ScheduledAnnotationBeanPostProcessor.java:103) ~[spring-context-5.1.8.RELEASE.jar:5.1.8.RELEASE]
	at org.springframework.context.event.SimpleApplicationEventMulticaster.doInvokeListener(SimpleApplicationEventMulticaster.java:172) ~[spring-context-5.1.8.RELEASE.jar:5.1.8.RELEASE]
	at org.springframework.context.event.SimpleApplicationEventMulticaster.invokeListener(SimpleApplicationEventMulticaster.java:165) ~[spring-context-5.1.8.RELEASE.jar:5.1.8.RELEASE]
	at org.springframework.context.event.SimpleApplicationEventMulticaster.multicastEvent(SimpleApplicationEventMulticaster.java:139) ~[spring-context-5.1.8.RELEASE.jar:5.1.8.RELEASE]
	at org.springframework.context.support.AbstractApplicationContext.publishEvent(AbstractApplicationContext.java:402) ~[spring-context-5.1.8.RELEASE.jar:5.1.8.RELEASE]
	at org.springframework.context.support.AbstractApplicationContext.publishEvent(AbstractApplicationContext.java:359) ~[spring-context-5.1.8.RELEASE.jar:5.1.8.RELEASE]
	at org.springframework.context.support.AbstractApplicationContext.finishRefresh(AbstractApplicationContext.java:896) ~[spring-context-5.1.8.RELEASE.jar:5.1.8.RELEASE]
	at org.springframework.boot.web.servlet.context.ServletWebServerApplicationContext.finishRefresh(ServletWebServerApplicationContext.java:161) ~[spring-boot-2.1.6.RELEASE.jar:2.1.6.RELEASE]
	at org.springframework.context.support.AbstractApplicationContext.refresh(AbstractApplicationContext.java:552) ~[spring-context-5.1.8.RELEASE.jar:5.1.8.RELEASE]
	at org.springframework.boot.web.servlet.context.ServletWebServerApplicationContext.refresh(ServletWebServerApplicationContext.java:140) ~[spring-boot-2.1.6.RELEASE.jar:2.1.6.RELEASE]
	at org.springframework.boot.SpringApplication.refresh(SpringApplication.java:742) [spring-boot-2.1.6.RELEASE.jar:2.1.6.RELEASE]
	at org.springframework.boot.SpringApplication.refreshContext(SpringApplication.java:389) [spring-boot-2.1.6.RELEASE.jar:2.1.6.RELEASE]
	at org.springframework.boot.SpringApplication.run(SpringApplication.java:311) [spring-boot-2.1.6.RELEASE.jar:2.1.6.RELEASE]
	at org.springframework.boot.SpringApplication.run(SpringApplication.java:1213) [spring-boot-2.1.6.RELEASE.jar:2.1.6.RELEASE]
	at org.springframework.boot.SpringApplication.run(SpringApplication.java:1202) [spring-boot-2.1.6.RELEASE.jar:2.1.6.RELEASE]
	at com.acron.demo.DemoApplication.main(DemoApplication.java:14) [classes/:?]
	at sun.reflect.NativeMethodAccessorImpl.invoke0(Native Method) ~[?:1.8.0_211]
	at sun.reflect.NativeMethodAccessorImpl.invoke(NativeMethodAccessorImpl.java:62) ~[?:1.8.0_211]
	at sun.reflect.DelegatingMethodAccessorImpl.invoke(DelegatingMethodAccessorImpl.java:43) ~[?:1.8.0_211]
	at java.lang.reflect.Method.invoke(Method.java:498) ~[?:1.8.0_211]
	at org.springframework.boot.devtools.restart.RestartLauncher.run(RestartLauncher.java:49) [spring-boot-devtools-2.1.6.RELEASE.jar:2.1.6.RELEASE]
[19:56:26:535] [ERROR] - org.springframework.boot.SpringApplication.reportFailure(SpringApplication.java:821) - Application run failed
org.springframework.beans.factory.BeanNotOfRequiredTypeException: Bean named 'defaultSockJsTaskScheduler' is expected to be of type 'org.springframework.scheduling.TaskScheduler' but was actually of type 'org.springframework.beans.factory.support.NullBean'
	at org.springframework.beans.factory.support.AbstractBeanFactory.doGetBean(AbstractBeanFactory.java:392) ~[spring-beans-5.1.8.RELEASE.jar:5.1.8.RELEASE]
	at org.springframework.beans.factory.support.AbstractBeanFactory.getBean(AbstractBeanFactory.java:224) ~[spring-beans-5.1.8.RELEASE.jar:5.1.8.RELEASE]
	at org.springframework.beans.factory.support.DefaultListableBeanFactory.resolveNamedBean(DefaultListableBeanFactory.java:1119) ~[spring-beans-5.1.8.RELEASE.jar:5.1.8.RELEASE]
	at org.springframework.beans.factory.support.DefaultListableBeanFactory.resolveNamedBean(DefaultListableBeanFactory.java:1086) ~[spring-beans-5.1.8.RELEASE.jar:5.1.8.RELEASE]
	at org.springframework.scheduling.annotation.ScheduledAnnotationBeanPostProcessor.resolveSchedulerBean(ScheduledAnnotationBeanPostProcessor.java:313) ~[spring-context-5.1.8.RELEASE.jar:5.1.8.RELEASE]
	at org.springframework.scheduling.annotation.ScheduledAnnotationBeanPostProcessor.finishRegistration(ScheduledAnnotationBeanPostProcessor.java:254) ~[spring-context-5.1.8.RELEASE.jar:5.1.8.RELEASE]
	at org.springframework.scheduling.annotation.ScheduledAnnotationBeanPostProcessor.onApplicationEvent(ScheduledAnnotationBeanPostProcessor.java:231) ~[spring-context-5.1.8.RELEASE.jar:5.1.8.RELEASE]
	at org.springframework.scheduling.annotation.ScheduledAnnotationBeanPostProcessor.onApplicationEvent(ScheduledAnnotationBeanPostProcessor.java:103) ~[spring-context-5.1.8.RELEASE.jar:5.1.8.RELEASE]
	at org.springframework.context.event.SimpleApplicationEventMulticaster.doInvokeListener(SimpleApplicationEventMulticaster.java:172) ~[spring-context-5.1.8.RELEASE.jar:5.1.8.RELEASE]
	at org.springframework.context.event.SimpleApplicationEventMulticaster.invokeListener(SimpleApplicationEventMulticaster.java:165) ~[spring-context-5.1.8.RELEASE.jar:5.1.8.RELEASE]
	at org.springframework.context.event.SimpleApplicationEventMulticaster.multicastEvent(SimpleApplicationEventMulticaster.java:139) ~[spring-context-5.1.8.RELEASE.jar:5.1.8.RELEASE]
	at org.springframework.context.support.AbstractApplicationContext.publishEvent(AbstractApplicationContext.java:402) ~[spring-context-5.1.8.RELEASE.jar:5.1.8.RELEASE]
	at org.springframework.context.support.AbstractApplicationContext.publishEvent(AbstractApplicationContext.java:359) ~[spring-context-5.1.8.RELEASE.jar:5.1.8.RELEASE]
	at org.springframework.context.support.AbstractApplicationContext.finishRefresh(AbstractApplicationContext.java:896) ~[spring-context-5.1.8.RELEASE.jar:5.1.8.RELEASE]
	at org.springframework.boot.web.servlet.context.ServletWebServerApplicationContext.finishRefresh(ServletWebServerApplicationContext.java:161) ~[spring-boot-2.1.6.RELEASE.jar:2.1.6.RELEASE]
	at org.springframework.context.support.AbstractApplicationContext.refresh(AbstractApplicationContext.java:552) ~[spring-context-5.1.8.RELEASE.jar:5.1.8.RELEASE]
	at org.springframework.boot.web.servlet.context.ServletWebServerApplicationContext.refresh(ServletWebServerApplicationContext.java:140) ~[spring-boot-2.1.6.RELEASE.jar:2.1.6.RELEASE]
	at org.springframework.boot.SpringApplication.refresh(SpringApplication.java:742) [spring-boot-2.1.6.RELEASE.jar:2.1.6.RELEASE]
	at org.springframework.boot.SpringApplication.refreshContext(SpringApplication.java:389) [spring-boot-2.1.6.RELEASE.jar:2.1.6.RELEASE]
	at org.springframework.boot.SpringApplication.run(SpringApplication.java:311) [spring-boot-2.1.6.RELEASE.jar:2.1.6.RELEASE]
	at org.springframework.boot.SpringApplication.run(SpringApplication.java:1213) [spring-boot-2.1.6.RELEASE.jar:2.1.6.RELEASE]
	at org.springframework.boot.SpringApplication.run(SpringApplication.java:1202) [spring-boot-2.1.6.RELEASE.jar:2.1.6.RELEASE]
	at com.acron.demo.DemoApplication.main(DemoApplication.java:14) [classes/:?]
	at sun.reflect.NativeMethodAccessorImpl.invoke0(Native Method) ~[?:1.8.0_211]
	at sun.reflect.NativeMethodAccessorImpl.invoke(NativeMethodAccessorImpl.java:62) ~[?:1.8.0_211]
	at sun.reflect.DelegatingMethodAccessorImpl.invoke(DelegatingMethodAccessorImpl.java:43) ~[?:1.8.0_211]
	at java.lang.reflect.Method.invoke(Method.java:498) ~[?:1.8.0_211]
	at org.springframework.boot.devtools.restart.RestartLauncher.run(RestartLauncher.java:49) [spring-boot-devtools-2.1.6.RELEASE.jar:2.1.6.RELEASE]
[19:58:37:091] [ERROR] - org.springframework.boot.SpringApplication.reportFailure(SpringApplication.java:821) - Application run failed
org.springframework.beans.factory.BeanNotOfRequiredTypeException: Bean named 'defaultSockJsTaskScheduler' is expected to be of type 'org.springframework.scheduling.TaskScheduler' but was actually of type 'org.springframework.beans.factory.support.NullBean'
	at org.springframework.beans.factory.support.AbstractBeanFactory.doGetBean(AbstractBeanFactory.java:392) ~[spring-beans-5.1.8.RELEASE.jar:5.1.8.RELEASE]
	at org.springframework.beans.factory.support.AbstractBeanFactory.getBean(AbstractBeanFactory.java:224) ~[spring-beans-5.1.8.RELEASE.jar:5.1.8.RELEASE]
	at org.springframework.beans.factory.support.DefaultListableBeanFactory.resolveNamedBean(DefaultListableBeanFactory.java:1119) ~[spring-beans-5.1.8.RELEASE.jar:5.1.8.RELEASE]
	at org.springframework.beans.factory.support.DefaultListableBeanFactory.resolveNamedBean(DefaultListableBeanFactory.java:1086) ~[spring-beans-5.1.8.RELEASE.jar:5.1.8.RELEASE]
	at org.springframework.scheduling.annotation.ScheduledAnnotationBeanPostProcessor.resolveSchedulerBean(ScheduledAnnotationBeanPostProcessor.java:313) ~[spring-context-5.1.8.RELEASE.jar:5.1.8.RELEASE]
	at org.springframework.scheduling.annotation.ScheduledAnnotationBeanPostProcessor.finishRegistration(ScheduledAnnotationBeanPostProcessor.java:254) ~[spring-context-5.1.8.RELEASE.jar:5.1.8.RELEASE]
	at org.springframework.scheduling.annotation.ScheduledAnnotationBeanPostProcessor.onApplicationEvent(ScheduledAnnotationBeanPostProcessor.java:231) ~[spring-context-5.1.8.RELEASE.jar:5.1.8.RELEASE]
	at org.springframework.scheduling.annotation.ScheduledAnnotationBeanPostProcessor.onApplicationEvent(ScheduledAnnotationBeanPostProcessor.java:103) ~[spring-context-5.1.8.RELEASE.jar:5.1.8.RELEASE]
	at org.springframework.context.event.SimpleApplicationEventMulticaster.doInvokeListener(SimpleApplicationEventMulticaster.java:172) ~[spring-context-5.1.8.RELEASE.jar:5.1.8.RELEASE]
	at org.springframework.context.event.SimpleApplicationEventMulticaster.invokeListener(SimpleApplicationEventMulticaster.java:165) ~[spring-context-5.1.8.RELEASE.jar:5.1.8.RELEASE]
	at org.springframework.context.event.SimpleApplicationEventMulticaster.multicastEvent(SimpleApplicationEventMulticaster.java:139) ~[spring-context-5.1.8.RELEASE.jar:5.1.8.RELEASE]
	at org.springframework.context.support.AbstractApplicationContext.publishEvent(AbstractApplicationContext.java:402) ~[spring-context-5.1.8.RELEASE.jar:5.1.8.RELEASE]
	at org.springframework.context.support.AbstractApplicationContext.publishEvent(AbstractApplicationContext.java:359) ~[spring-context-5.1.8.RELEASE.jar:5.1.8.RELEASE]
	at org.springframework.context.support.AbstractApplicationContext.finishRefresh(AbstractApplicationContext.java:896) ~[spring-context-5.1.8.RELEASE.jar:5.1.8.RELEASE]
	at org.springframework.boot.web.servlet.context.ServletWebServerApplicationContext.finishRefresh(ServletWebServerApplicationContext.java:161) ~[spring-boot-2.1.6.RELEASE.jar:2.1.6.RELEASE]
	at org.springframework.context.support.AbstractApplicationContext.refresh(AbstractApplicationContext.java:552) ~[spring-context-5.1.8.RELEASE.jar:5.1.8.RELEASE]
	at org.springframework.boot.web.servlet.context.ServletWebServerApplicationContext.refresh(ServletWebServerApplicationContext.java:140) ~[spring-boot-2.1.6.RELEASE.jar:2.1.6.RELEASE]
	at org.springframework.boot.SpringApplication.refresh(SpringApplication.java:742) [spring-boot-2.1.6.RELEASE.jar:2.1.6.RELEASE]
	at org.springframework.boot.SpringApplication.refreshContext(SpringApplication.java:389) [spring-boot-2.1.6.RELEASE.jar:2.1.6.RELEASE]
	at org.springframework.boot.SpringApplication.run(SpringApplication.java:311) [spring-boot-2.1.6.RELEASE.jar:2.1.6.RELEASE]
	at org.springframework.boot.SpringApplication.run(SpringApplication.java:1213) [spring-boot-2.1.6.RELEASE.jar:2.1.6.RELEASE]
	at org.springframework.boot.SpringApplication.run(SpringApplication.java:1202) [spring-boot-2.1.6.RELEASE.jar:2.1.6.RELEASE]
	at com.acron.demo.DemoApplication.main(DemoApplication.java:14) [classes/:?]
	at sun.reflect.NativeMethodAccessorImpl.invoke0(Native Method) ~[?:1.8.0_211]
	at sun.reflect.NativeMethodAccessorImpl.invoke(NativeMethodAccessorImpl.java:62) ~[?:1.8.0_211]
	at sun.reflect.DelegatingMethodAccessorImpl.invoke(DelegatingMethodAccessorImpl.java:43) ~[?:1.8.0_211]
	at java.lang.reflect.Method.invoke(Method.java:498) ~[?:1.8.0_211]
	at org.springframework.boot.devtools.restart.RestartLauncher.run(RestartLauncher.java:49) [spring-boot-devtools-2.1.6.RELEASE.jar:2.1.6.RELEASE]
[19:59:50:239] [ERROR] - org.springframework.boot.SpringApplication.reportFailure(SpringApplication.java:821) - Application run failed
org.springframework.beans.factory.BeanNotOfRequiredTypeException: Bean named 'defaultSockJsTaskScheduler' is expected to be of type 'org.springframework.scheduling.TaskScheduler' but was actually of type 'org.springframework.beans.factory.support.NullBean'
	at org.springframework.beans.factory.support.AbstractBeanFactory.doGetBean(AbstractBeanFactory.java:392) ~[spring-beans-5.1.8.RELEASE.jar:5.1.8.RELEASE]
	at org.springframework.beans.factory.support.AbstractBeanFactory.getBean(AbstractBeanFactory.java:224) ~[spring-beans-5.1.8.RELEASE.jar:5.1.8.RELEASE]
	at org.springframework.beans.factory.support.DefaultListableBeanFactory.resolveNamedBean(DefaultListableBeanFactory.java:1119) ~[spring-beans-5.1.8.RELEASE.jar:5.1.8.RELEASE]
	at org.springframework.beans.factory.support.DefaultListableBeanFactory.resolveNamedBean(DefaultListableBeanFactory.java:1086) ~[spring-beans-5.1.8.RELEASE.jar:5.1.8.RELEASE]
	at org.springframework.scheduling.annotation.ScheduledAnnotationBeanPostProcessor.resolveSchedulerBean(ScheduledAnnotationBeanPostProcessor.java:313) ~[spring-context-5.1.8.RELEASE.jar:5.1.8.RELEASE]
	at org.springframework.scheduling.annotation.ScheduledAnnotationBeanPostProcessor.finishRegistration(ScheduledAnnotationBeanPostProcessor.java:254) ~[spring-context-5.1.8.RELEASE.jar:5.1.8.RELEASE]
	at org.springframework.scheduling.annotation.ScheduledAnnotationBeanPostProcessor.onApplicationEvent(ScheduledAnnotationBeanPostProcessor.java:231) ~[spring-context-5.1.8.RELEASE.jar:5.1.8.RELEASE]
	at org.springframework.scheduling.annotation.ScheduledAnnotationBeanPostProcessor.onApplicationEvent(ScheduledAnnotationBeanPostProcessor.java:103) ~[spring-context-5.1.8.RELEASE.jar:5.1.8.RELEASE]
	at org.springframework.context.event.SimpleApplicationEventMulticaster.doInvokeListener(SimpleApplicationEventMulticaster.java:172) ~[spring-context-5.1.8.RELEASE.jar:5.1.8.RELEASE]
	at org.springframework.context.event.SimpleApplicationEventMulticaster.invokeListener(SimpleApplicationEventMulticaster.java:165) ~[spring-context-5.1.8.RELEASE.jar:5.1.8.RELEASE]
	at org.springframework.context.event.SimpleApplicationEventMulticaster.multicastEvent(SimpleApplicationEventMulticaster.java:139) ~[spring-context-5.1.8.RELEASE.jar:5.1.8.RELEASE]
	at org.springframework.context.support.AbstractApplicationContext.publishEvent(AbstractApplicationContext.java:402) ~[spring-context-5.1.8.RELEASE.jar:5.1.8.RELEASE]
	at org.springframework.context.support.AbstractApplicationContext.publishEvent(AbstractApplicationContext.java:359) ~[spring-context-5.1.8.RELEASE.jar:5.1.8.RELEASE]
	at org.springframework.context.support.AbstractApplicationContext.finishRefresh(AbstractApplicationContext.java:896) ~[spring-context-5.1.8.RELEASE.jar:5.1.8.RELEASE]
	at org.springframework.boot.web.servlet.context.ServletWebServerApplicationContext.finishRefresh(ServletWebServerApplicationContext.java:161) ~[spring-boot-2.1.6.RELEASE.jar:2.1.6.RELEASE]
	at org.springframework.context.support.AbstractApplicationContext.refresh(AbstractApplicationContext.java:552) ~[spring-context-5.1.8.RELEASE.jar:5.1.8.RELEASE]
	at org.springframework.boot.web.servlet.context.ServletWebServerApplicationContext.refresh(ServletWebServerApplicationContext.java:140) ~[spring-boot-2.1.6.RELEASE.jar:2.1.6.RELEASE]
	at org.springframework.boot.SpringApplication.refresh(SpringApplication.java:742) [spring-boot-2.1.6.RELEASE.jar:2.1.6.RELEASE]
	at org.springframework.boot.SpringApplication.refreshContext(SpringApplication.java:389) [spring-boot-2.1.6.RELEASE.jar:2.1.6.RELEASE]
	at org.springframework.boot.SpringApplication.run(SpringApplication.java:311) [spring-boot-2.1.6.RELEASE.jar:2.1.6.RELEASE]
	at org.springframework.boot.SpringApplication.run(SpringApplication.java:1213) [spring-boot-2.1.6.RELEASE.jar:2.1.6.RELEASE]
	at org.springframework.boot.SpringApplication.run(SpringApplication.java:1202) [spring-boot-2.1.6.RELEASE.jar:2.1.6.RELEASE]
	at com.acron.demo.DemoApplication.main(DemoApplication.java:14) [classes/:?]
	at sun.reflect.NativeMethodAccessorImpl.invoke0(Native Method) ~[?:1.8.0_211]
	at sun.reflect.NativeMethodAccessorImpl.invoke(NativeMethodAccessorImpl.java:62) ~[?:1.8.0_211]
	at sun.reflect.DelegatingMethodAccessorImpl.invoke(DelegatingMethodAccessorImpl.java:43) ~[?:1.8.0_211]
	at java.lang.reflect.Method.invoke(Method.java:498) ~[?:1.8.0_211]
	at org.springframework.boot.devtools.restart.RestartLauncher.run(RestartLauncher.java:49) [spring-boot-devtools-2.1.6.RELEASE.jar:2.1.6.RELEASE]
[20:01:23:725] [ERROR] - org.springframework.boot.SpringApplication.reportFailure(SpringApplication.java:821) - Application run failed
org.springframework.beans.factory.BeanNotOfRequiredTypeException: Bean named 'defaultSockJsTaskScheduler' is expected to be of type 'org.springframework.scheduling.TaskScheduler' but was actually of type 'org.springframework.beans.factory.support.NullBean'
	at org.springframework.beans.factory.support.AbstractBeanFactory.doGetBean(AbstractBeanFactory.java:392) ~[spring-beans-5.1.8.RELEASE.jar:5.1.8.RELEASE]
	at org.springframework.beans.factory.support.AbstractBeanFactory.getBean(AbstractBeanFactory.java:224) ~[spring-beans-5.1.8.RELEASE.jar:5.1.8.RELEASE]
	at org.springframework.beans.factory.support.DefaultListableBeanFactory.resolveNamedBean(DefaultListableBeanFactory.java:1119) ~[spring-beans-5.1.8.RELEASE.jar:5.1.8.RELEASE]
	at org.springframework.beans.factory.support.DefaultListableBeanFactory.resolveNamedBean(DefaultListableBeanFactory.java:1086) ~[spring-beans-5.1.8.RELEASE.jar:5.1.8.RELEASE]
	at org.springframework.scheduling.annotation.ScheduledAnnotationBeanPostProcessor.resolveSchedulerBean(ScheduledAnnotationBeanPostProcessor.java:313) ~[spring-context-5.1.8.RELEASE.jar:5.1.8.RELEASE]
	at org.springframework.scheduling.annotation.ScheduledAnnotationBeanPostProcessor.finishRegistration(ScheduledAnnotationBeanPostProcessor.java:254) ~[spring-context-5.1.8.RELEASE.jar:5.1.8.RELEASE]
	at org.springframework.scheduling.annotation.ScheduledAnnotationBeanPostProcessor.onApplicationEvent(ScheduledAnnotationBeanPostProcessor.java:231) ~[spring-context-5.1.8.RELEASE.jar:5.1.8.RELEASE]
	at org.springframework.scheduling.annotation.ScheduledAnnotationBeanPostProcessor.onApplicationEvent(ScheduledAnnotationBeanPostProcessor.java:103) ~[spring-context-5.1.8.RELEASE.jar:5.1.8.RELEASE]
	at org.springframework.context.event.SimpleApplicationEventMulticaster.doInvokeListener(SimpleApplicationEventMulticaster.java:172) ~[spring-context-5.1.8.RELEASE.jar:5.1.8.RELEASE]
	at org.springframework.context.event.SimpleApplicationEventMulticaster.invokeListener(SimpleApplicationEventMulticaster.java:165) ~[spring-context-5.1.8.RELEASE.jar:5.1.8.RELEASE]
	at org.springframework.context.event.SimpleApplicationEventMulticaster.multicastEvent(SimpleApplicationEventMulticaster.java:139) ~[spring-context-5.1.8.RELEASE.jar:5.1.8.RELEASE]
	at org.springframework.context.support.AbstractApplicationContext.publishEvent(AbstractApplicationContext.java:402) ~[spring-context-5.1.8.RELEASE.jar:5.1.8.RELEASE]
	at org.springframework.context.support.AbstractApplicationContext.publishEvent(AbstractApplicationContext.java:359) ~[spring-context-5.1.8.RELEASE.jar:5.1.8.RELEASE]
	at org.springframework.context.support.AbstractApplicationContext.finishRefresh(AbstractApplicationContext.java:896) ~[spring-context-5.1.8.RELEASE.jar:5.1.8.RELEASE]
	at org.springframework.boot.web.servlet.context.ServletWebServerApplicationContext.finishRefresh(ServletWebServerApplicationContext.java:161) ~[spring-boot-2.1.6.RELEASE.jar:2.1.6.RELEASE]
	at org.springframework.context.support.AbstractApplicationContext.refresh(AbstractApplicationContext.java:552) ~[spring-context-5.1.8.RELEASE.jar:5.1.8.RELEASE]
	at org.springframework.boot.web.servlet.context.ServletWebServerApplicationContext.refresh(ServletWebServerApplicationContext.java:140) ~[spring-boot-2.1.6.RELEASE.jar:2.1.6.RELEASE]
	at org.springframework.boot.SpringApplication.refresh(SpringApplication.java:742) [spring-boot-2.1.6.RELEASE.jar:2.1.6.RELEASE]
	at org.springframework.boot.SpringApplication.refreshContext(SpringApplication.java:389) [spring-boot-2.1.6.RELEASE.jar:2.1.6.RELEASE]
	at org.springframework.boot.SpringApplication.run(SpringApplication.java:311) [spring-boot-2.1.6.RELEASE.jar:2.1.6.RELEASE]
	at org.springframework.boot.SpringApplication.run(SpringApplication.java:1213) [spring-boot-2.1.6.RELEASE.jar:2.1.6.RELEASE]
	at org.springframework.boot.SpringApplication.run(SpringApplication.java:1202) [spring-boot-2.1.6.RELEASE.jar:2.1.6.RELEASE]
	at com.acron.demo.DemoApplication.main(DemoApplication.java:14) [classes/:?]
	at sun.reflect.NativeMethodAccessorImpl.invoke0(Native Method) ~[?:1.8.0_211]
	at sun.reflect.NativeMethodAccessorImpl.invoke(NativeMethodAccessorImpl.java:62) ~[?:1.8.0_211]
	at sun.reflect.DelegatingMethodAccessorImpl.invoke(DelegatingMethodAccessorImpl.java:43) ~[?:1.8.0_211]
	at java.lang.reflect.Method.invoke(Method.java:498) ~[?:1.8.0_211]
	at org.springframework.boot.devtools.restart.RestartLauncher.run(RestartLauncher.java:49) [spring-boot-devtools-2.1.6.RELEASE.jar:2.1.6.RELEASE]
[20:02:49:017] [ERROR] - org.springframework.boot.SpringApplication.reportFailure(SpringApplication.java:821) - Application run failed
org.springframework.beans.factory.BeanNotOfRequiredTypeException: Bean named 'defaultSockJsTaskScheduler' is expected to be of type 'org.springframework.scheduling.TaskScheduler' but was actually of type 'org.springframework.beans.factory.support.NullBean'
	at org.springframework.beans.factory.support.AbstractBeanFactory.doGetBean(AbstractBeanFactory.java:392) ~[spring-beans-5.1.8.RELEASE.jar:5.1.8.RELEASE]
	at org.springframework.beans.factory.support.AbstractBeanFactory.getBean(AbstractBeanFactory.java:224) ~[spring-beans-5.1.8.RELEASE.jar:5.1.8.RELEASE]
	at org.springframework.beans.factory.support.DefaultListableBeanFactory.resolveNamedBean(DefaultListableBeanFactory.java:1119) ~[spring-beans-5.1.8.RELEASE.jar:5.1.8.RELEASE]
	at org.springframework.beans.factory.support.DefaultListableBeanFactory.resolveNamedBean(DefaultListableBeanFactory.java:1086) ~[spring-beans-5.1.8.RELEASE.jar:5.1.8.RELEASE]
	at org.springframework.scheduling.annotation.ScheduledAnnotationBeanPostProcessor.resolveSchedulerBean(ScheduledAnnotationBeanPostProcessor.java:313) ~[spring-context-5.1.8.RELEASE.jar:5.1.8.RELEASE]
	at org.springframework.scheduling.annotation.ScheduledAnnotationBeanPostProcessor.finishRegistration(ScheduledAnnotationBeanPostProcessor.java:254) ~[spring-context-5.1.8.RELEASE.jar:5.1.8.RELEASE]
	at org.springframework.scheduling.annotation.ScheduledAnnotationBeanPostProcessor.onApplicationEvent(ScheduledAnnotationBeanPostProcessor.java:231) ~[spring-context-5.1.8.RELEASE.jar:5.1.8.RELEASE]
	at org.springframework.scheduling.annotation.ScheduledAnnotationBeanPostProcessor.onApplicationEvent(ScheduledAnnotationBeanPostProcessor.java:103) ~[spring-context-5.1.8.RELEASE.jar:5.1.8.RELEASE]
	at org.springframework.context.event.SimpleApplicationEventMulticaster.doInvokeListener(SimpleApplicationEventMulticaster.java:172) ~[spring-context-5.1.8.RELEASE.jar:5.1.8.RELEASE]
	at org.springframework.context.event.SimpleApplicationEventMulticaster.invokeListener(SimpleApplicationEventMulticaster.java:165) ~[spring-context-5.1.8.RELEASE.jar:5.1.8.RELEASE]
	at org.springframework.context.event.SimpleApplicationEventMulticaster.multicastEvent(SimpleApplicationEventMulticaster.java:139) ~[spring-context-5.1.8.RELEASE.jar:5.1.8.RELEASE]
	at org.springframework.context.support.AbstractApplicationContext.publishEvent(AbstractApplicationContext.java:402) ~[spring-context-5.1.8.RELEASE.jar:5.1.8.RELEASE]
	at org.springframework.context.support.AbstractApplicationContext.publishEvent(AbstractApplicationContext.java:359) ~[spring-context-5.1.8.RELEASE.jar:5.1.8.RELEASE]
	at org.springframework.context.support.AbstractApplicationContext.finishRefresh(AbstractApplicationContext.java:896) ~[spring-context-5.1.8.RELEASE.jar:5.1.8.RELEASE]
	at org.springframework.boot.web.servlet.context.ServletWebServerApplicationContext.finishRefresh(ServletWebServerApplicationContext.java:161) ~[spring-boot-2.1.6.RELEASE.jar:2.1.6.RELEASE]
	at org.springframework.context.support.AbstractApplicationContext.refresh(AbstractApplicationContext.java:552) ~[spring-context-5.1.8.RELEASE.jar:5.1.8.RELEASE]
	at org.springframework.boot.web.servlet.context.ServletWebServerApplicationContext.refresh(ServletWebServerApplicationContext.java:140) ~[spring-boot-2.1.6.RELEASE.jar:2.1.6.RELEASE]
	at org.springframework.boot.SpringApplication.refresh(SpringApplication.java:742) [spring-boot-2.1.6.RELEASE.jar:2.1.6.RELEASE]
	at org.springframework.boot.SpringApplication.refreshContext(SpringApplication.java:389) [spring-boot-2.1.6.RELEASE.jar:2.1.6.RELEASE]
	at org.springframework.boot.SpringApplication.run(SpringApplication.java:311) [spring-boot-2.1.6.RELEASE.jar:2.1.6.RELEASE]
	at org.springframework.boot.SpringApplication.run(SpringApplication.java:1213) [spring-boot-2.1.6.RELEASE.jar:2.1.6.RELEASE]
	at org.springframework.boot.SpringApplication.run(SpringApplication.java:1202) [spring-boot-2.1.6.RELEASE.jar:2.1.6.RELEASE]
	at com.acron.demo.DemoApplication.main(DemoApplication.java:14) [classes/:?]
	at sun.reflect.NativeMethodAccessorImpl.invoke0(Native Method) ~[?:1.8.0_211]
	at sun.reflect.NativeMethodAccessorImpl.invoke(NativeMethodAccessorImpl.java:62) ~[?:1.8.0_211]
	at sun.reflect.DelegatingMethodAccessorImpl.invoke(DelegatingMethodAccessorImpl.java:43) ~[?:1.8.0_211]
	at java.lang.reflect.Method.invoke(Method.java:498) ~[?:1.8.0_211]
	at org.springframework.boot.devtools.restart.RestartLauncher.run(RestartLauncher.java:49) [spring-boot-devtools-2.1.6.RELEASE.jar:2.1.6.RELEASE]
[20:06:26:919] [ERROR] - org.springframework.boot.SpringApplication.reportFailure(SpringApplication.java:821) - Application run failed
org.springframework.beans.factory.BeanNotOfRequiredTypeException: Bean named 'defaultSockJsTaskScheduler' is expected to be of type 'org.springframework.scheduling.TaskScheduler' but was actually of type 'org.springframework.beans.factory.support.NullBean'
	at org.springframework.beans.factory.support.AbstractBeanFactory.doGetBean(AbstractBeanFactory.java:392) ~[spring-beans-5.1.8.RELEASE.jar:5.1.8.RELEASE]
	at org.springframework.beans.factory.support.AbstractBeanFactory.getBean(AbstractBeanFactory.java:224) ~[spring-beans-5.1.8.RELEASE.jar:5.1.8.RELEASE]
	at org.springframework.beans.factory.support.DefaultListableBeanFactory.resolveNamedBean(DefaultListableBeanFactory.java:1119) ~[spring-beans-5.1.8.RELEASE.jar:5.1.8.RELEASE]
	at org.springframework.beans.factory.support.DefaultListableBeanFactory.resolveNamedBean(DefaultListableBeanFactory.java:1086) ~[spring-beans-5.1.8.RELEASE.jar:5.1.8.RELEASE]
	at org.springframework.scheduling.annotation.ScheduledAnnotationBeanPostProcessor.resolveSchedulerBean(ScheduledAnnotationBeanPostProcessor.java:313) ~[spring-context-5.1.8.RELEASE.jar:5.1.8.RELEASE]
	at org.springframework.scheduling.annotation.ScheduledAnnotationBeanPostProcessor.finishRegistration(ScheduledAnnotationBeanPostProcessor.java:254) ~[spring-context-5.1.8.RELEASE.jar:5.1.8.RELEASE]
	at org.springframework.scheduling.annotation.ScheduledAnnotationBeanPostProcessor.onApplicationEvent(ScheduledAnnotationBeanPostProcessor.java:231) ~[spring-context-5.1.8.RELEASE.jar:5.1.8.RELEASE]
	at org.springframework.scheduling.annotation.ScheduledAnnotationBeanPostProcessor.onApplicationEvent(ScheduledAnnotationBeanPostProcessor.java:103) ~[spring-context-5.1.8.RELEASE.jar:5.1.8.RELEASE]
	at org.springframework.context.event.SimpleApplicationEventMulticaster.doInvokeListener(SimpleApplicationEventMulticaster.java:172) ~[spring-context-5.1.8.RELEASE.jar:5.1.8.RELEASE]
	at org.springframework.context.event.SimpleApplicationEventMulticaster.invokeListener(SimpleApplicationEventMulticaster.java:165) ~[spring-context-5.1.8.RELEASE.jar:5.1.8.RELEASE]
	at org.springframework.context.event.SimpleApplicationEventMulticaster.multicastEvent(SimpleApplicationEventMulticaster.java:139) ~[spring-context-5.1.8.RELEASE.jar:5.1.8.RELEASE]
	at org.springframework.context.support.AbstractApplicationContext.publishEvent(AbstractApplicationContext.java:402) ~[spring-context-5.1.8.RELEASE.jar:5.1.8.RELEASE]
	at org.springframework.context.support.AbstractApplicationContext.publishEvent(AbstractApplicationContext.java:359) ~[spring-context-5.1.8.RELEASE.jar:5.1.8.RELEASE]
	at org.springframework.context.support.AbstractApplicationContext.finishRefresh(AbstractApplicationContext.java:896) ~[spring-context-5.1.8.RELEASE.jar:5.1.8.RELEASE]
	at org.springframework.boot.web.servlet.context.ServletWebServerApplicationContext.finishRefresh(ServletWebServerApplicationContext.java:161) ~[spring-boot-2.1.6.RELEASE.jar:2.1.6.RELEASE]
	at org.springframework.context.support.AbstractApplicationContext.refresh(AbstractApplicationContext.java:552) ~[spring-context-5.1.8.RELEASE.jar:5.1.8.RELEASE]
	at org.springframework.boot.web.servlet.context.ServletWebServerApplicationContext.refresh(ServletWebServerApplicationContext.java:140) ~[spring-boot-2.1.6.RELEASE.jar:2.1.6.RELEASE]
	at org.springframework.boot.SpringApplication.refresh(SpringApplication.java:742) [spring-boot-2.1.6.RELEASE.jar:2.1.6.RELEASE]
	at org.springframework.boot.SpringApplication.refreshContext(SpringApplication.java:389) [spring-boot-2.1.6.RELEASE.jar:2.1.6.RELEASE]
	at org.springframework.boot.SpringApplication.run(SpringApplication.java:311) [spring-boot-2.1.6.RELEASE.jar:2.1.6.RELEASE]
	at org.springframework.boot.SpringApplication.run(SpringApplication.java:1213) [spring-boot-2.1.6.RELEASE.jar:2.1.6.RELEASE]
	at org.springframework.boot.SpringApplication.run(SpringApplication.java:1202) [spring-boot-2.1.6.RELEASE.jar:2.1.6.RELEASE]
	at com.acron.demo.DemoApplication.main(DemoApplication.java:14) [classes/:?]
	at sun.reflect.NativeMethodAccessorImpl.invoke0(Native Method) ~[?:1.8.0_211]
	at sun.reflect.NativeMethodAccessorImpl.invoke(NativeMethodAccessorImpl.java:62) ~[?:1.8.0_211]
	at sun.reflect.DelegatingMethodAccessorImpl.invoke(DelegatingMethodAccessorImpl.java:43) ~[?:1.8.0_211]
	at java.lang.reflect.Method.invoke(Method.java:498) ~[?:1.8.0_211]
	at org.springframework.boot.devtools.restart.RestartLauncher.run(RestartLauncher.java:49) [spring-boot-devtools-2.1.6.RELEASE.jar:2.1.6.RELEASE]
[20:07:14:776] [ERROR] - org.springframework.boot.SpringApplication.reportFailure(SpringApplication.java:821) - Application run failed
org.springframework.beans.factory.BeanNotOfRequiredTypeException: Bean named 'defaultSockJsTaskScheduler' is expected to be of type 'org.springframework.scheduling.TaskScheduler' but was actually of type 'org.springframework.beans.factory.support.NullBean'
	at org.springframework.beans.factory.support.AbstractBeanFactory.doGetBean(AbstractBeanFactory.java:392) ~[spring-beans-5.1.8.RELEASE.jar:5.1.8.RELEASE]
	at org.springframework.beans.factory.support.AbstractBeanFactory.getBean(AbstractBeanFactory.java:224) ~[spring-beans-5.1.8.RELEASE.jar:5.1.8.RELEASE]
	at org.springframework.beans.factory.support.DefaultListableBeanFactory.resolveNamedBean(DefaultListableBeanFactory.java:1119) ~[spring-beans-5.1.8.RELEASE.jar:5.1.8.RELEASE]
	at org.springframework.beans.factory.support.DefaultListableBeanFactory.resolveNamedBean(DefaultListableBeanFactory.java:1086) ~[spring-beans-5.1.8.RELEASE.jar:5.1.8.RELEASE]
	at org.springframework.scheduling.annotation.ScheduledAnnotationBeanPostProcessor.resolveSchedulerBean(ScheduledAnnotationBeanPostProcessor.java:313) ~[spring-context-5.1.8.RELEASE.jar:5.1.8.RELEASE]
	at org.springframework.scheduling.annotation.ScheduledAnnotationBeanPostProcessor.finishRegistration(ScheduledAnnotationBeanPostProcessor.java:254) ~[spring-context-5.1.8.RELEASE.jar:5.1.8.RELEASE]
	at org.springframework.scheduling.annotation.ScheduledAnnotationBeanPostProcessor.onApplicationEvent(ScheduledAnnotationBeanPostProcessor.java:231) ~[spring-context-5.1.8.RELEASE.jar:5.1.8.RELEASE]
	at org.springframework.scheduling.annotation.ScheduledAnnotationBeanPostProcessor.onApplicationEvent(ScheduledAnnotationBeanPostProcessor.java:103) ~[spring-context-5.1.8.RELEASE.jar:5.1.8.RELEASE]
	at org.springframework.context.event.SimpleApplicationEventMulticaster.doInvokeListener(SimpleApplicationEventMulticaster.java:172) ~[spring-context-5.1.8.RELEASE.jar:5.1.8.RELEASE]
	at org.springframework.context.event.SimpleApplicationEventMulticaster.invokeListener(SimpleApplicationEventMulticaster.java:165) ~[spring-context-5.1.8.RELEASE.jar:5.1.8.RELEASE]
	at org.springframework.context.event.SimpleApplicationEventMulticaster.multicastEvent(SimpleApplicationEventMulticaster.java:139) ~[spring-context-5.1.8.RELEASE.jar:5.1.8.RELEASE]
	at org.springframework.context.support.AbstractApplicationContext.publishEvent(AbstractApplicationContext.java:402) ~[spring-context-5.1.8.RELEASE.jar:5.1.8.RELEASE]
	at org.springframework.context.support.AbstractApplicationContext.publishEvent(AbstractApplicationContext.java:359) ~[spring-context-5.1.8.RELEASE.jar:5.1.8.RELEASE]
	at org.springframework.context.support.AbstractApplicationContext.finishRefresh(AbstractApplicationContext.java:896) ~[spring-context-5.1.8.RELEASE.jar:5.1.8.RELEASE]
	at org.springframework.boot.web.servlet.context.ServletWebServerApplicationContext.finishRefresh(ServletWebServerApplicationContext.java:161) ~[spring-boot-2.1.6.RELEASE.jar:2.1.6.RELEASE]
	at org.springframework.context.support.AbstractApplicationContext.refresh(AbstractApplicationContext.java:552) ~[spring-context-5.1.8.RELEASE.jar:5.1.8.RELEASE]
	at org.springframework.boot.web.servlet.context.ServletWebServerApplicationContext.refresh(ServletWebServerApplicationContext.java:140) ~[spring-boot-2.1.6.RELEASE.jar:2.1.6.RELEASE]
	at org.springframework.boot.SpringApplication.refresh(SpringApplication.java:742) [spring-boot-2.1.6.RELEASE.jar:2.1.6.RELEASE]
	at org.springframework.boot.SpringApplication.refreshContext(SpringApplication.java:389) [spring-boot-2.1.6.RELEASE.jar:2.1.6.RELEASE]
	at org.springframework.boot.SpringApplication.run(SpringApplication.java:311) [spring-boot-2.1.6.RELEASE.jar:2.1.6.RELEASE]
	at org.springframework.boot.SpringApplication.run(SpringApplication.java:1213) [spring-boot-2.1.6.RELEASE.jar:2.1.6.RELEASE]
	at org.springframework.boot.SpringApplication.run(SpringApplication.java:1202) [spring-boot-2.1.6.RELEASE.jar:2.1.6.RELEASE]
	at com.acron.demo.DemoApplication.main(DemoApplication.java:14) [classes/:?]
	at sun.reflect.NativeMethodAccessorImpl.invoke0(Native Method) ~[?:1.8.0_211]
	at sun.reflect.NativeMethodAccessorImpl.invoke(NativeMethodAccessorImpl.java:62) ~[?:1.8.0_211]
	at sun.reflect.DelegatingMethodAccessorImpl.invoke(DelegatingMethodAccessorImpl.java:43) ~[?:1.8.0_211]
	at java.lang.reflect.Method.invoke(Method.java:498) ~[?:1.8.0_211]
	at org.springframework.boot.devtools.restart.RestartLauncher.run(RestartLauncher.java:49) [spring-boot-devtools-2.1.6.RELEASE.jar:2.1.6.RELEASE]
[20:09:24:352] [ERROR] - org.springframework.boot.SpringApplication.reportFailure(SpringApplication.java:821) - Application run failed
org.springframework.beans.factory.BeanNotOfRequiredTypeException: Bean named 'defaultSockJsTaskScheduler' is expected to be of type 'org.springframework.scheduling.TaskScheduler' but was actually of type 'org.springframework.beans.factory.support.NullBean'
	at org.springframework.beans.factory.support.AbstractBeanFactory.doGetBean(AbstractBeanFactory.java:392) ~[spring-beans-5.1.8.RELEASE.jar:5.1.8.RELEASE]
	at org.springframework.beans.factory.support.AbstractBeanFactory.getBean(AbstractBeanFactory.java:224) ~[spring-beans-5.1.8.RELEASE.jar:5.1.8.RELEASE]
	at org.springframework.beans.factory.support.DefaultListableBeanFactory.resolveNamedBean(DefaultListableBeanFactory.java:1119) ~[spring-beans-5.1.8.RELEASE.jar:5.1.8.RELEASE]
	at org.springframework.beans.factory.support.DefaultListableBeanFactory.resolveNamedBean(DefaultListableBeanFactory.java:1086) ~[spring-beans-5.1.8.RELEASE.jar:5.1.8.RELEASE]
	at org.springframework.scheduling.annotation.ScheduledAnnotationBeanPostProcessor.resolveSchedulerBean(ScheduledAnnotationBeanPostProcessor.java:313) ~[spring-context-5.1.8.RELEASE.jar:5.1.8.RELEASE]
	at org.springframework.scheduling.annotation.ScheduledAnnotationBeanPostProcessor.finishRegistration(ScheduledAnnotationBeanPostProcessor.java:254) ~[spring-context-5.1.8.RELEASE.jar:5.1.8.RELEASE]
	at org.springframework.scheduling.annotation.ScheduledAnnotationBeanPostProcessor.onApplicationEvent(ScheduledAnnotationBeanPostProcessor.java:231) ~[spring-context-5.1.8.RELEASE.jar:5.1.8.RELEASE]
	at org.springframework.scheduling.annotation.ScheduledAnnotationBeanPostProcessor.onApplicationEvent(ScheduledAnnotationBeanPostProcessor.java:103) ~[spring-context-5.1.8.RELEASE.jar:5.1.8.RELEASE]
	at org.springframework.context.event.SimpleApplicationEventMulticaster.doInvokeListener(SimpleApplicationEventMulticaster.java:172) ~[spring-context-5.1.8.RELEASE.jar:5.1.8.RELEASE]
	at org.springframework.context.event.SimpleApplicationEventMulticaster.invokeListener(SimpleApplicationEventMulticaster.java:165) ~[spring-context-5.1.8.RELEASE.jar:5.1.8.RELEASE]
	at org.springframework.context.event.SimpleApplicationEventMulticaster.multicastEvent(SimpleApplicationEventMulticaster.java:139) ~[spring-context-5.1.8.RELEASE.jar:5.1.8.RELEASE]
	at org.springframework.context.support.AbstractApplicationContext.publishEvent(AbstractApplicationContext.java:402) ~[spring-context-5.1.8.RELEASE.jar:5.1.8.RELEASE]
	at org.springframework.context.support.AbstractApplicationContext.publishEvent(AbstractApplicationContext.java:359) ~[spring-context-5.1.8.RELEASE.jar:5.1.8.RELEASE]
	at org.springframework.context.support.AbstractApplicationContext.finishRefresh(AbstractApplicationContext.java:896) ~[spring-context-5.1.8.RELEASE.jar:5.1.8.RELEASE]
	at org.springframework.boot.web.servlet.context.ServletWebServerApplicationContext.finishRefresh(ServletWebServerApplicationContext.java:161) ~[spring-boot-2.1.6.RELEASE.jar:2.1.6.RELEASE]
	at org.springframework.context.support.AbstractApplicationContext.refresh(AbstractApplicationContext.java:552) ~[spring-context-5.1.8.RELEASE.jar:5.1.8.RELEASE]
	at org.springframework.boot.web.servlet.context.ServletWebServerApplicationContext.refresh(ServletWebServerApplicationContext.java:140) ~[spring-boot-2.1.6.RELEASE.jar:2.1.6.RELEASE]
	at org.springframework.boot.SpringApplication.refresh(SpringApplication.java:742) [spring-boot-2.1.6.RELEASE.jar:2.1.6.RELEASE]
	at org.springframework.boot.SpringApplication.refreshContext(SpringApplication.java:389) [spring-boot-2.1.6.RELEASE.jar:2.1.6.RELEASE]
	at org.springframework.boot.SpringApplication.run(SpringApplication.java:311) [spring-boot-2.1.6.RELEASE.jar:2.1.6.RELEASE]
	at org.springframework.boot.SpringApplication.run(SpringApplication.java:1213) [spring-boot-2.1.6.RELEASE.jar:2.1.6.RELEASE]
	at org.springframework.boot.SpringApplication.run(SpringApplication.java:1202) [spring-boot-2.1.6.RELEASE.jar:2.1.6.RELEASE]
	at com.acron.demo.DemoApplication.main(DemoApplication.java:14) [classes/:?]
	at sun.reflect.NativeMethodAccessorImpl.invoke0(Native Method) ~[?:1.8.0_211]
	at sun.reflect.NativeMethodAccessorImpl.invoke(NativeMethodAccessorImpl.java:62) ~[?:1.8.0_211]
	at sun.reflect.DelegatingMethodAccessorImpl.invoke(DelegatingMethodAccessorImpl.java:43) ~[?:1.8.0_211]
	at java.lang.reflect.Method.invoke(Method.java:498) ~[?:1.8.0_211]
	at org.springframework.boot.devtools.restart.RestartLauncher.run(RestartLauncher.java:49) [spring-boot-devtools-2.1.6.RELEASE.jar:2.1.6.RELEASE]
[20:14:14:408] [ERROR] - org.springframework.boot.SpringApplication.reportFailure(SpringApplication.java:821) - Application run failed
org.springframework.beans.factory.BeanNotOfRequiredTypeException: Bean named 'defaultSockJsTaskScheduler' is expected to be of type 'org.springframework.scheduling.TaskScheduler' but was actually of type 'org.springframework.beans.factory.support.NullBean'
	at org.springframework.beans.factory.support.AbstractBeanFactory.doGetBean(AbstractBeanFactory.java:392) ~[spring-beans-5.1.8.RELEASE.jar:5.1.8.RELEASE]
	at org.springframework.beans.factory.support.AbstractBeanFactory.getBean(AbstractBeanFactory.java:224) ~[spring-beans-5.1.8.RELEASE.jar:5.1.8.RELEASE]
	at org.springframework.beans.factory.support.DefaultListableBeanFactory.resolveNamedBean(DefaultListableBeanFactory.java:1119) ~[spring-beans-5.1.8.RELEASE.jar:5.1.8.RELEASE]
	at org.springframework.beans.factory.support.DefaultListableBeanFactory.resolveNamedBean(DefaultListableBeanFactory.java:1086) ~[spring-beans-5.1.8.RELEASE.jar:5.1.8.RELEASE]
	at org.springframework.scheduling.annotation.ScheduledAnnotationBeanPostProcessor.resolveSchedulerBean(ScheduledAnnotationBeanPostProcessor.java:313) ~[spring-context-5.1.8.RELEASE.jar:5.1.8.RELEASE]
	at org.springframework.scheduling.annotation.ScheduledAnnotationBeanPostProcessor.finishRegistration(ScheduledAnnotationBeanPostProcessor.java:254) ~[spring-context-5.1.8.RELEASE.jar:5.1.8.RELEASE]
	at org.springframework.scheduling.annotation.ScheduledAnnotationBeanPostProcessor.onApplicationEvent(ScheduledAnnotationBeanPostProcessor.java:231) ~[spring-context-5.1.8.RELEASE.jar:5.1.8.RELEASE]
	at org.springframework.scheduling.annotation.ScheduledAnnotationBeanPostProcessor.onApplicationEvent(ScheduledAnnotationBeanPostProcessor.java:103) ~[spring-context-5.1.8.RELEASE.jar:5.1.8.RELEASE]
	at org.springframework.context.event.SimpleApplicationEventMulticaster.doInvokeListener(SimpleApplicationEventMulticaster.java:172) ~[spring-context-5.1.8.RELEASE.jar:5.1.8.RELEASE]
	at org.springframework.context.event.SimpleApplicationEventMulticaster.invokeListener(SimpleApplicationEventMulticaster.java:165) ~[spring-context-5.1.8.RELEASE.jar:5.1.8.RELEASE]
	at org.springframework.context.event.SimpleApplicationEventMulticaster.multicastEvent(SimpleApplicationEventMulticaster.java:139) ~[spring-context-5.1.8.RELEASE.jar:5.1.8.RELEASE]
	at org.springframework.context.support.AbstractApplicationContext.publishEvent(AbstractApplicationContext.java:402) ~[spring-context-5.1.8.RELEASE.jar:5.1.8.RELEASE]
	at org.springframework.context.support.AbstractApplicationContext.publishEvent(AbstractApplicationContext.java:359) ~[spring-context-5.1.8.RELEASE.jar:5.1.8.RELEASE]
	at org.springframework.context.support.AbstractApplicationContext.finishRefresh(AbstractApplicationContext.java:896) ~[spring-context-5.1.8.RELEASE.jar:5.1.8.RELEASE]
	at org.springframework.boot.web.servlet.context.ServletWebServerApplicationContext.finishRefresh(ServletWebServerApplicationContext.java:161) ~[spring-boot-2.1.6.RELEASE.jar:2.1.6.RELEASE]
	at org.springframework.context.support.AbstractApplicationContext.refresh(AbstractApplicationContext.java:552) ~[spring-context-5.1.8.RELEASE.jar:5.1.8.RELEASE]
	at org.springframework.boot.web.servlet.context.ServletWebServerApplicationContext.refresh(ServletWebServerApplicationContext.java:140) ~[spring-boot-2.1.6.RELEASE.jar:2.1.6.RELEASE]
	at org.springframework.boot.SpringApplication.refresh(SpringApplication.java:742) [spring-boot-2.1.6.RELEASE.jar:2.1.6.RELEASE]
	at org.springframework.boot.SpringApplication.refreshContext(SpringApplication.java:389) [spring-boot-2.1.6.RELEASE.jar:2.1.6.RELEASE]
	at org.springframework.boot.SpringApplication.run(SpringApplication.java:311) [spring-boot-2.1.6.RELEASE.jar:2.1.6.RELEASE]
	at org.springframework.boot.SpringApplication.run(SpringApplication.java:1213) [spring-boot-2.1.6.RELEASE.jar:2.1.6.RELEASE]
	at org.springframework.boot.SpringApplication.run(SpringApplication.java:1202) [spring-boot-2.1.6.RELEASE.jar:2.1.6.RELEASE]
	at com.acron.demo.DemoApplication.main(DemoApplication.java:14) [classes/:?]
	at sun.reflect.NativeMethodAccessorImpl.invoke0(Native Method) ~[?:1.8.0_211]
	at sun.reflect.NativeMethodAccessorImpl.invoke(NativeMethodAccessorImpl.java:62) ~[?:1.8.0_211]
	at sun.reflect.DelegatingMethodAccessorImpl.invoke(DelegatingMethodAccessorImpl.java:43) ~[?:1.8.0_211]
	at java.lang.reflect.Method.invoke(Method.java:498) ~[?:1.8.0_211]
	at org.springframework.boot.devtools.restart.RestartLauncher.run(RestartLauncher.java:49) [spring-boot-devtools-2.1.6.RELEASE.jar:2.1.6.RELEASE]
[20:16:06:274] [ERROR] - org.springframework.boot.SpringApplication.reportFailure(SpringApplication.java:821) - Application run failed
org.springframework.beans.factory.BeanNotOfRequiredTypeException: Bean named 'defaultSockJsTaskScheduler' is expected to be of type 'org.springframework.scheduling.TaskScheduler' but was actually of type 'org.springframework.beans.factory.support.NullBean'
	at org.springframework.beans.factory.support.AbstractBeanFactory.doGetBean(AbstractBeanFactory.java:392) ~[spring-beans-5.1.8.RELEASE.jar:5.1.8.RELEASE]
	at org.springframework.beans.factory.support.AbstractBeanFactory.getBean(AbstractBeanFactory.java:224) ~[spring-beans-5.1.8.RELEASE.jar:5.1.8.RELEASE]
	at org.springframework.beans.factory.support.DefaultListableBeanFactory.resolveNamedBean(DefaultListableBeanFactory.java:1119) ~[spring-beans-5.1.8.RELEASE.jar:5.1.8.RELEASE]
	at org.springframework.beans.factory.support.DefaultListableBeanFactory.resolveNamedBean(DefaultListableBeanFactory.java:1086) ~[spring-beans-5.1.8.RELEASE.jar:5.1.8.RELEASE]
	at org.springframework.scheduling.annotation.ScheduledAnnotationBeanPostProcessor.resolveSchedulerBean(ScheduledAnnotationBeanPostProcessor.java:313) ~[spring-context-5.1.8.RELEASE.jar:5.1.8.RELEASE]
	at org.springframework.scheduling.annotation.ScheduledAnnotationBeanPostProcessor.finishRegistration(ScheduledAnnotationBeanPostProcessor.java:254) ~[spring-context-5.1.8.RELEASE.jar:5.1.8.RELEASE]
	at org.springframework.scheduling.annotation.ScheduledAnnotationBeanPostProcessor.onApplicationEvent(ScheduledAnnotationBeanPostProcessor.java:231) ~[spring-context-5.1.8.RELEASE.jar:5.1.8.RELEASE]
	at org.springframework.scheduling.annotation.ScheduledAnnotationBeanPostProcessor.onApplicationEvent(ScheduledAnnotationBeanPostProcessor.java:103) ~[spring-context-5.1.8.RELEASE.jar:5.1.8.RELEASE]
	at org.springframework.context.event.SimpleApplicationEventMulticaster.doInvokeListener(SimpleApplicationEventMulticaster.java:172) ~[spring-context-5.1.8.RELEASE.jar:5.1.8.RELEASE]
	at org.springframework.context.event.SimpleApplicationEventMulticaster.invokeListener(SimpleApplicationEventMulticaster.java:165) ~[spring-context-5.1.8.RELEASE.jar:5.1.8.RELEASE]
	at org.springframework.context.event.SimpleApplicationEventMulticaster.multicastEvent(SimpleApplicationEventMulticaster.java:139) ~[spring-context-5.1.8.RELEASE.jar:5.1.8.RELEASE]
	at org.springframework.context.support.AbstractApplicationContext.publishEvent(AbstractApplicationContext.java:402) ~[spring-context-5.1.8.RELEASE.jar:5.1.8.RELEASE]
	at org.springframework.context.support.AbstractApplicationContext.publishEvent(AbstractApplicationContext.java:359) ~[spring-context-5.1.8.RELEASE.jar:5.1.8.RELEASE]
	at org.springframework.context.support.AbstractApplicationContext.finishRefresh(AbstractApplicationContext.java:896) ~[spring-context-5.1.8.RELEASE.jar:5.1.8.RELEASE]
	at org.springframework.boot.web.servlet.context.ServletWebServerApplicationContext.finishRefresh(ServletWebServerApplicationContext.java:161) ~[spring-boot-2.1.6.RELEASE.jar:2.1.6.RELEASE]
	at org.springframework.context.support.AbstractApplicationContext.refresh(AbstractApplicationContext.java:552) ~[spring-context-5.1.8.RELEASE.jar:5.1.8.RELEASE]
	at org.springframework.boot.web.servlet.context.ServletWebServerApplicationContext.refresh(ServletWebServerApplicationContext.java:140) ~[spring-boot-2.1.6.RELEASE.jar:2.1.6.RELEASE]
	at org.springframework.boot.SpringApplication.refresh(SpringApplication.java:742) [spring-boot-2.1.6.RELEASE.jar:2.1.6.RELEASE]
	at org.springframework.boot.SpringApplication.refreshContext(SpringApplication.java:389) [spring-boot-2.1.6.RELEASE.jar:2.1.6.RELEASE]
	at org.springframework.boot.SpringApplication.run(SpringApplication.java:311) [spring-boot-2.1.6.RELEASE.jar:2.1.6.RELEASE]
	at org.springframework.boot.SpringApplication.run(SpringApplication.java:1213) [spring-boot-2.1.6.RELEASE.jar:2.1.6.RELEASE]
	at org.springframework.boot.SpringApplication.run(SpringApplication.java:1202) [spring-boot-2.1.6.RELEASE.jar:2.1.6.RELEASE]
	at com.acron.demo.DemoApplication.main(DemoApplication.java:14) [classes/:?]
	at sun.reflect.NativeMethodAccessorImpl.invoke0(Native Method) ~[?:1.8.0_211]
	at sun.reflect.NativeMethodAccessorImpl.invoke(NativeMethodAccessorImpl.java:62) ~[?:1.8.0_211]
	at sun.reflect.DelegatingMethodAccessorImpl.invoke(DelegatingMethodAccessorImpl.java:43) ~[?:1.8.0_211]
	at java.lang.reflect.Method.invoke(Method.java:498) ~[?:1.8.0_211]
	at org.springframework.boot.devtools.restart.RestartLauncher.run(RestartLauncher.java:49) [spring-boot-devtools-2.1.6.RELEASE.jar:2.1.6.RELEASE]
[20:17:05:469] [ERROR] - org.springframework.boot.SpringApplication.reportFailure(SpringApplication.java:821) - Application run failed
org.springframework.beans.factory.BeanNotOfRequiredTypeException: Bean named 'defaultSockJsTaskScheduler' is expected to be of type 'org.springframework.scheduling.TaskScheduler' but was actually of type 'org.springframework.beans.factory.support.NullBean'
	at org.springframework.beans.factory.support.AbstractBeanFactory.doGetBean(AbstractBeanFactory.java:392) ~[spring-beans-5.1.8.RELEASE.jar:5.1.8.RELEASE]
	at org.springframework.beans.factory.support.AbstractBeanFactory.getBean(AbstractBeanFactory.java:224) ~[spring-beans-5.1.8.RELEASE.jar:5.1.8.RELEASE]
	at org.springframework.beans.factory.support.DefaultListableBeanFactory.resolveNamedBean(DefaultListableBeanFactory.java:1119) ~[spring-beans-5.1.8.RELEASE.jar:5.1.8.RELEASE]
	at org.springframework.beans.factory.support.DefaultListableBeanFactory.resolveNamedBean(DefaultListableBeanFactory.java:1086) ~[spring-beans-5.1.8.RELEASE.jar:5.1.8.RELEASE]
	at org.springframework.scheduling.annotation.ScheduledAnnotationBeanPostProcessor.resolveSchedulerBean(ScheduledAnnotationBeanPostProcessor.java:313) ~[spring-context-5.1.8.RELEASE.jar:5.1.8.RELEASE]
	at org.springframework.scheduling.annotation.ScheduledAnnotationBeanPostProcessor.finishRegistration(ScheduledAnnotationBeanPostProcessor.java:254) ~[spring-context-5.1.8.RELEASE.jar:5.1.8.RELEASE]
	at org.springframework.scheduling.annotation.ScheduledAnnotationBeanPostProcessor.onApplicationEvent(ScheduledAnnotationBeanPostProcessor.java:231) ~[spring-context-5.1.8.RELEASE.jar:5.1.8.RELEASE]
	at org.springframework.scheduling.annotation.ScheduledAnnotationBeanPostProcessor.onApplicationEvent(ScheduledAnnotationBeanPostProcessor.java:103) ~[spring-context-5.1.8.RELEASE.jar:5.1.8.RELEASE]
	at org.springframework.context.event.SimpleApplicationEventMulticaster.doInvokeListener(SimpleApplicationEventMulticaster.java:172) ~[spring-context-5.1.8.RELEASE.jar:5.1.8.RELEASE]
	at org.springframework.context.event.SimpleApplicationEventMulticaster.invokeListener(SimpleApplicationEventMulticaster.java:165) ~[spring-context-5.1.8.RELEASE.jar:5.1.8.RELEASE]
	at org.springframework.context.event.SimpleApplicationEventMulticaster.multicastEvent(SimpleApplicationEventMulticaster.java:139) ~[spring-context-5.1.8.RELEASE.jar:5.1.8.RELEASE]
	at org.springframework.context.support.AbstractApplicationContext.publishEvent(AbstractApplicationContext.java:402) ~[spring-context-5.1.8.RELEASE.jar:5.1.8.RELEASE]
	at org.springframework.context.support.AbstractApplicationContext.publishEvent(AbstractApplicationContext.java:359) ~[spring-context-5.1.8.RELEASE.jar:5.1.8.RELEASE]
	at org.springframework.context.support.AbstractApplicationContext.finishRefresh(AbstractApplicationContext.java:896) ~[spring-context-5.1.8.RELEASE.jar:5.1.8.RELEASE]
	at org.springframework.boot.web.servlet.context.ServletWebServerApplicationContext.finishRefresh(ServletWebServerApplicationContext.java:161) ~[spring-boot-2.1.6.RELEASE.jar:2.1.6.RELEASE]
	at org.springframework.context.support.AbstractApplicationContext.refresh(AbstractApplicationContext.java:552) ~[spring-context-5.1.8.RELEASE.jar:5.1.8.RELEASE]
	at org.springframework.boot.web.servlet.context.ServletWebServerApplicationContext.refresh(ServletWebServerApplicationContext.java:140) ~[spring-boot-2.1.6.RELEASE.jar:2.1.6.RELEASE]
	at org.springframework.boot.SpringApplication.refresh(SpringApplication.java:742) [spring-boot-2.1.6.RELEASE.jar:2.1.6.RELEASE]
	at org.springframework.boot.SpringApplication.refreshContext(SpringApplication.java:389) [spring-boot-2.1.6.RELEASE.jar:2.1.6.RELEASE]
	at org.springframework.boot.SpringApplication.run(SpringApplication.java:311) [spring-boot-2.1.6.RELEASE.jar:2.1.6.RELEASE]
	at org.springframework.boot.SpringApplication.run(SpringApplication.java:1213) [spring-boot-2.1.6.RELEASE.jar:2.1.6.RELEASE]
	at org.springframework.boot.SpringApplication.run(SpringApplication.java:1202) [spring-boot-2.1.6.RELEASE.jar:2.1.6.RELEASE]
	at com.acron.demo.DemoApplication.main(DemoApplication.java:14) [classes/:?]
	at sun.reflect.NativeMethodAccessorImpl.invoke0(Native Method) ~[?:1.8.0_211]
	at sun.reflect.NativeMethodAccessorImpl.invoke(NativeMethodAccessorImpl.java:62) ~[?:1.8.0_211]
	at sun.reflect.DelegatingMethodAccessorImpl.invoke(DelegatingMethodAccessorImpl.java:43) ~[?:1.8.0_211]
	at java.lang.reflect.Method.invoke(Method.java:498) ~[?:1.8.0_211]
	at org.springframework.boot.devtools.restart.RestartLauncher.run(RestartLauncher.java:49) [spring-boot-devtools-2.1.6.RELEASE.jar:2.1.6.RELEASE]
[20:21:08:782] [ERROR] - org.springframework.boot.SpringApplication.reportFailure(SpringApplication.java:821) - Application run failed
org.springframework.beans.factory.BeanNotOfRequiredTypeException: Bean named 'defaultSockJsTaskScheduler' is expected to be of type 'org.springframework.scheduling.TaskScheduler' but was actually of type 'org.springframework.beans.factory.support.NullBean'
	at org.springframework.beans.factory.support.AbstractBeanFactory.doGetBean(AbstractBeanFactory.java:392) ~[spring-beans-5.1.8.RELEASE.jar:5.1.8.RELEASE]
	at org.springframework.beans.factory.support.AbstractBeanFactory.getBean(AbstractBeanFactory.java:224) ~[spring-beans-5.1.8.RELEASE.jar:5.1.8.RELEASE]
	at org.springframework.beans.factory.support.DefaultListableBeanFactory.resolveNamedBean(DefaultListableBeanFactory.java:1119) ~[spring-beans-5.1.8.RELEASE.jar:5.1.8.RELEASE]
	at org.springframework.beans.factory.support.DefaultListableBeanFactory.resolveNamedBean(DefaultListableBeanFactory.java:1086) ~[spring-beans-5.1.8.RELEASE.jar:5.1.8.RELEASE]
	at org.springframework.scheduling.annotation.ScheduledAnnotationBeanPostProcessor.resolveSchedulerBean(ScheduledAnnotationBeanPostProcessor.java:313) ~[spring-context-5.1.8.RELEASE.jar:5.1.8.RELEASE]
	at org.springframework.scheduling.annotation.ScheduledAnnotationBeanPostProcessor.finishRegistration(ScheduledAnnotationBeanPostProcessor.java:254) ~[spring-context-5.1.8.RELEASE.jar:5.1.8.RELEASE]
	at org.springframework.scheduling.annotation.ScheduledAnnotationBeanPostProcessor.onApplicationEvent(ScheduledAnnotationBeanPostProcessor.java:231) ~[spring-context-5.1.8.RELEASE.jar:5.1.8.RELEASE]
	at org.springframework.scheduling.annotation.ScheduledAnnotationBeanPostProcessor.onApplicationEvent(ScheduledAnnotationBeanPostProcessor.java:103) ~[spring-context-5.1.8.RELEASE.jar:5.1.8.RELEASE]
	at org.springframework.context.event.SimpleApplicationEventMulticaster.doInvokeListener(SimpleApplicationEventMulticaster.java:172) ~[spring-context-5.1.8.RELEASE.jar:5.1.8.RELEASE]
	at org.springframework.context.event.SimpleApplicationEventMulticaster.invokeListener(SimpleApplicationEventMulticaster.java:165) ~[spring-context-5.1.8.RELEASE.jar:5.1.8.RELEASE]
	at org.springframework.context.event.SimpleApplicationEventMulticaster.multicastEvent(SimpleApplicationEventMulticaster.java:139) ~[spring-context-5.1.8.RELEASE.jar:5.1.8.RELEASE]
	at org.springframework.context.support.AbstractApplicationContext.publishEvent(AbstractApplicationContext.java:402) ~[spring-context-5.1.8.RELEASE.jar:5.1.8.RELEASE]
	at org.springframework.context.support.AbstractApplicationContext.publishEvent(AbstractApplicationContext.java:359) ~[spring-context-5.1.8.RELEASE.jar:5.1.8.RELEASE]
	at org.springframework.context.support.AbstractApplicationContext.finishRefresh(AbstractApplicationContext.java:896) ~[spring-context-5.1.8.RELEASE.jar:5.1.8.RELEASE]
	at org.springframework.boot.web.servlet.context.ServletWebServerApplicationContext.finishRefresh(ServletWebServerApplicationContext.java:161) ~[spring-boot-2.1.6.RELEASE.jar:2.1.6.RELEASE]
	at org.springframework.context.support.AbstractApplicationContext.refresh(AbstractApplicationContext.java:552) ~[spring-context-5.1.8.RELEASE.jar:5.1.8.RELEASE]
	at org.springframework.boot.web.servlet.context.ServletWebServerApplicationContext.refresh(ServletWebServerApplicationContext.java:140) ~[spring-boot-2.1.6.RELEASE.jar:2.1.6.RELEASE]
	at org.springframework.boot.SpringApplication.refresh(SpringApplication.java:742) [spring-boot-2.1.6.RELEASE.jar:2.1.6.RELEASE]
	at org.springframework.boot.SpringApplication.refreshContext(SpringApplication.java:389) [spring-boot-2.1.6.RELEASE.jar:2.1.6.RELEASE]
	at org.springframework.boot.SpringApplication.run(SpringApplication.java:311) [spring-boot-2.1.6.RELEASE.jar:2.1.6.RELEASE]
	at org.springframework.boot.SpringApplication.run(SpringApplication.java:1213) [spring-boot-2.1.6.RELEASE.jar:2.1.6.RELEASE]
	at org.springframework.boot.SpringApplication.run(SpringApplication.java:1202) [spring-boot-2.1.6.RELEASE.jar:2.1.6.RELEASE]
	at com.acron.demo.DemoApplication.main(DemoApplication.java:14) [classes/:?]
	at sun.reflect.NativeMethodAccessorImpl.invoke0(Native Method) ~[?:1.8.0_211]
	at sun.reflect.NativeMethodAccessorImpl.invoke(NativeMethodAccessorImpl.java:62) ~[?:1.8.0_211]
	at sun.reflect.DelegatingMethodAccessorImpl.invoke(DelegatingMethodAccessorImpl.java:43) ~[?:1.8.0_211]
	at java.lang.reflect.Method.invoke(Method.java:498) ~[?:1.8.0_211]
	at org.springframework.boot.devtools.restart.RestartLauncher.run(RestartLauncher.java:49) [spring-boot-devtools-2.1.6.RELEASE.jar:2.1.6.RELEASE]
[20:21:33:445] [ERROR] - org.springframework.boot.SpringApplication.reportFailure(SpringApplication.java:821) - Application run failed
org.springframework.beans.factory.BeanNotOfRequiredTypeException: Bean named 'defaultSockJsTaskScheduler' is expected to be of type 'org.springframework.scheduling.TaskScheduler' but was actually of type 'org.springframework.beans.factory.support.NullBean'
	at org.springframework.beans.factory.support.AbstractBeanFactory.doGetBean(AbstractBeanFactory.java:392) ~[spring-beans-5.1.8.RELEASE.jar:5.1.8.RELEASE]
	at org.springframework.beans.factory.support.AbstractBeanFactory.getBean(AbstractBeanFactory.java:224) ~[spring-beans-5.1.8.RELEASE.jar:5.1.8.RELEASE]
	at org.springframework.beans.factory.support.DefaultListableBeanFactory.resolveNamedBean(DefaultListableBeanFactory.java:1119) ~[spring-beans-5.1.8.RELEASE.jar:5.1.8.RELEASE]
	at org.springframework.beans.factory.support.DefaultListableBeanFactory.resolveNamedBean(DefaultListableBeanFactory.java:1086) ~[spring-beans-5.1.8.RELEASE.jar:5.1.8.RELEASE]
	at org.springframework.scheduling.annotation.ScheduledAnnotationBeanPostProcessor.resolveSchedulerBean(ScheduledAnnotationBeanPostProcessor.java:313) ~[spring-context-5.1.8.RELEASE.jar:5.1.8.RELEASE]
	at org.springframework.scheduling.annotation.ScheduledAnnotationBeanPostProcessor.finishRegistration(ScheduledAnnotationBeanPostProcessor.java:254) ~[spring-context-5.1.8.RELEASE.jar:5.1.8.RELEASE]
	at org.springframework.scheduling.annotation.ScheduledAnnotationBeanPostProcessor.onApplicationEvent(ScheduledAnnotationBeanPostProcessor.java:231) ~[spring-context-5.1.8.RELEASE.jar:5.1.8.RELEASE]
	at org.springframework.scheduling.annotation.ScheduledAnnotationBeanPostProcessor.onApplicationEvent(ScheduledAnnotationBeanPostProcessor.java:103) ~[spring-context-5.1.8.RELEASE.jar:5.1.8.RELEASE]
	at org.springframework.context.event.SimpleApplicationEventMulticaster.doInvokeListener(SimpleApplicationEventMulticaster.java:172) ~[spring-context-5.1.8.RELEASE.jar:5.1.8.RELEASE]
	at org.springframework.context.event.SimpleApplicationEventMulticaster.invokeListener(SimpleApplicationEventMulticaster.java:165) ~[spring-context-5.1.8.RELEASE.jar:5.1.8.RELEASE]
	at org.springframework.context.event.SimpleApplicationEventMulticaster.multicastEvent(SimpleApplicationEventMulticaster.java:139) ~[spring-context-5.1.8.RELEASE.jar:5.1.8.RELEASE]
	at org.springframework.context.support.AbstractApplicationContext.publishEvent(AbstractApplicationContext.java:402) ~[spring-context-5.1.8.RELEASE.jar:5.1.8.RELEASE]
	at org.springframework.context.support.AbstractApplicationContext.publishEvent(AbstractApplicationContext.java:359) ~[spring-context-5.1.8.RELEASE.jar:5.1.8.RELEASE]
	at org.springframework.context.support.AbstractApplicationContext.finishRefresh(AbstractApplicationContext.java:896) ~[spring-context-5.1.8.RELEASE.jar:5.1.8.RELEASE]
	at org.springframework.boot.web.servlet.context.ServletWebServerApplicationContext.finishRefresh(ServletWebServerApplicationContext.java:161) ~[spring-boot-2.1.6.RELEASE.jar:2.1.6.RELEASE]
	at org.springframework.context.support.AbstractApplicationContext.refresh(AbstractApplicationContext.java:552) ~[spring-context-5.1.8.RELEASE.jar:5.1.8.RELEASE]
	at org.springframework.boot.web.servlet.context.ServletWebServerApplicationContext.refresh(ServletWebServerApplicationContext.java:140) ~[spring-boot-2.1.6.RELEASE.jar:2.1.6.RELEASE]
	at org.springframework.boot.SpringApplication.refresh(SpringApplication.java:742) [spring-boot-2.1.6.RELEASE.jar:2.1.6.RELEASE]
	at org.springframework.boot.SpringApplication.refreshContext(SpringApplication.java:389) [spring-boot-2.1.6.RELEASE.jar:2.1.6.RELEASE]
	at org.springframework.boot.SpringApplication.run(SpringApplication.java:311) [spring-boot-2.1.6.RELEASE.jar:2.1.6.RELEASE]
	at org.springframework.boot.SpringApplication.run(SpringApplication.java:1213) [spring-boot-2.1.6.RELEASE.jar:2.1.6.RELEASE]
	at org.springframework.boot.SpringApplication.run(SpringApplication.java:1202) [spring-boot-2.1.6.RELEASE.jar:2.1.6.RELEASE]
	at com.acron.demo.DemoApplication.main(DemoApplication.java:14) [classes/:?]
	at sun.reflect.NativeMethodAccessorImpl.invoke0(Native Method) ~[?:1.8.0_211]
	at sun.reflect.NativeMethodAccessorImpl.invoke(NativeMethodAccessorImpl.java:62) ~[?:1.8.0_211]
	at sun.reflect.DelegatingMethodAccessorImpl.invoke(DelegatingMethodAccessorImpl.java:43) ~[?:1.8.0_211]
	at java.lang.reflect.Method.invoke(Method.java:498) ~[?:1.8.0_211]
	at org.springframework.boot.devtools.restart.RestartLauncher.run(RestartLauncher.java:49) [spring-boot-devtools-2.1.6.RELEASE.jar:2.1.6.RELEASE]
[20:22:12:606] [ERROR] - org.springframework.boot.SpringApplication.reportFailure(SpringApplication.java:821) - Application run failed
org.springframework.beans.factory.BeanNotOfRequiredTypeException: Bean named 'defaultSockJsTaskScheduler' is expected to be of type 'org.springframework.scheduling.TaskScheduler' but was actually of type 'org.springframework.beans.factory.support.NullBean'
	at org.springframework.beans.factory.support.AbstractBeanFactory.doGetBean(AbstractBeanFactory.java:392) ~[spring-beans-5.1.8.RELEASE.jar:5.1.8.RELEASE]
	at org.springframework.beans.factory.support.AbstractBeanFactory.getBean(AbstractBeanFactory.java:224) ~[spring-beans-5.1.8.RELEASE.jar:5.1.8.RELEASE]
	at org.springframework.beans.factory.support.DefaultListableBeanFactory.resolveNamedBean(DefaultListableBeanFactory.java:1119) ~[spring-beans-5.1.8.RELEASE.jar:5.1.8.RELEASE]
	at org.springframework.beans.factory.support.DefaultListableBeanFactory.resolveNamedBean(DefaultListableBeanFactory.java:1086) ~[spring-beans-5.1.8.RELEASE.jar:5.1.8.RELEASE]
	at org.springframework.scheduling.annotation.ScheduledAnnotationBeanPostProcessor.resolveSchedulerBean(ScheduledAnnotationBeanPostProcessor.java:313) ~[spring-context-5.1.8.RELEASE.jar:5.1.8.RELEASE]
	at org.springframework.scheduling.annotation.ScheduledAnnotationBeanPostProcessor.finishRegistration(ScheduledAnnotationBeanPostProcessor.java:254) ~[spring-context-5.1.8.RELEASE.jar:5.1.8.RELEASE]
	at org.springframework.scheduling.annotation.ScheduledAnnotationBeanPostProcessor.onApplicationEvent(ScheduledAnnotationBeanPostProcessor.java:231) ~[spring-context-5.1.8.RELEASE.jar:5.1.8.RELEASE]
	at org.springframework.scheduling.annotation.ScheduledAnnotationBeanPostProcessor.onApplicationEvent(ScheduledAnnotationBeanPostProcessor.java:103) ~[spring-context-5.1.8.RELEASE.jar:5.1.8.RELEASE]
	at org.springframework.context.event.SimpleApplicationEventMulticaster.doInvokeListener(SimpleApplicationEventMulticaster.java:172) ~[spring-context-5.1.8.RELEASE.jar:5.1.8.RELEASE]
	at org.springframework.context.event.SimpleApplicationEventMulticaster.invokeListener(SimpleApplicationEventMulticaster.java:165) ~[spring-context-5.1.8.RELEASE.jar:5.1.8.RELEASE]
	at org.springframework.context.event.SimpleApplicationEventMulticaster.multicastEvent(SimpleApplicationEventMulticaster.java:139) ~[spring-context-5.1.8.RELEASE.jar:5.1.8.RELEASE]
	at org.springframework.context.support.AbstractApplicationContext.publishEvent(AbstractApplicationContext.java:402) ~[spring-context-5.1.8.RELEASE.jar:5.1.8.RELEASE]
	at org.springframework.context.support.AbstractApplicationContext.publishEvent(AbstractApplicationContext.java:359) ~[spring-context-5.1.8.RELEASE.jar:5.1.8.RELEASE]
	at org.springframework.context.support.AbstractApplicationContext.finishRefresh(AbstractApplicationContext.java:896) ~[spring-context-5.1.8.RELEASE.jar:5.1.8.RELEASE]
	at org.springframework.boot.web.servlet.context.ServletWebServerApplicationContext.finishRefresh(ServletWebServerApplicationContext.java:161) ~[spring-boot-2.1.6.RELEASE.jar:2.1.6.RELEASE]
	at org.springframework.context.support.AbstractApplicationContext.refresh(AbstractApplicationContext.java:552) ~[spring-context-5.1.8.RELEASE.jar:5.1.8.RELEASE]
	at org.springframework.boot.web.servlet.context.ServletWebServerApplicationContext.refresh(ServletWebServerApplicationContext.java:140) ~[spring-boot-2.1.6.RELEASE.jar:2.1.6.RELEASE]
	at org.springframework.boot.SpringApplication.refresh(SpringApplication.java:742) [spring-boot-2.1.6.RELEASE.jar:2.1.6.RELEASE]
	at org.springframework.boot.SpringApplication.refreshContext(SpringApplication.java:389) [spring-boot-2.1.6.RELEASE.jar:2.1.6.RELEASE]
	at org.springframework.boot.SpringApplication.run(SpringApplication.java:311) [spring-boot-2.1.6.RELEASE.jar:2.1.6.RELEASE]
	at org.springframework.boot.SpringApplication.run(SpringApplication.java:1213) [spring-boot-2.1.6.RELEASE.jar:2.1.6.RELEASE]
	at org.springframework.boot.SpringApplication.run(SpringApplication.java:1202) [spring-boot-2.1.6.RELEASE.jar:2.1.6.RELEASE]
	at com.acron.demo.DemoApplication.main(DemoApplication.java:14) [classes/:?]
	at sun.reflect.NativeMethodAccessorImpl.invoke0(Native Method) ~[?:1.8.0_211]
	at sun.reflect.NativeMethodAccessorImpl.invoke(NativeMethodAccessorImpl.java:62) ~[?:1.8.0_211]
	at sun.reflect.DelegatingMethodAccessorImpl.invoke(DelegatingMethodAccessorImpl.java:43) ~[?:1.8.0_211]
	at java.lang.reflect.Method.invoke(Method.java:498) ~[?:1.8.0_211]
	at org.springframework.boot.devtools.restart.RestartLauncher.run(RestartLauncher.java:49) [spring-boot-devtools-2.1.6.RELEASE.jar:2.1.6.RELEASE]
[20:22:49:654] [ERROR] - org.springframework.boot.SpringApplication.reportFailure(SpringApplication.java:821) - Application run failed
org.springframework.beans.factory.BeanNotOfRequiredTypeException: Bean named 'defaultSockJsTaskScheduler' is expected to be of type 'org.springframework.scheduling.TaskScheduler' but was actually of type 'org.springframework.beans.factory.support.NullBean'
	at org.springframework.beans.factory.support.AbstractBeanFactory.doGetBean(AbstractBeanFactory.java:392) ~[spring-beans-5.1.8.RELEASE.jar:5.1.8.RELEASE]
	at org.springframework.beans.factory.support.AbstractBeanFactory.getBean(AbstractBeanFactory.java:224) ~[spring-beans-5.1.8.RELEASE.jar:5.1.8.RELEASE]
	at org.springframework.beans.factory.support.DefaultListableBeanFactory.resolveNamedBean(DefaultListableBeanFactory.java:1119) ~[spring-beans-5.1.8.RELEASE.jar:5.1.8.RELEASE]
	at org.springframework.beans.factory.support.DefaultListableBeanFactory.resolveNamedBean(DefaultListableBeanFactory.java:1086) ~[spring-beans-5.1.8.RELEASE.jar:5.1.8.RELEASE]
	at org.springframework.scheduling.annotation.ScheduledAnnotationBeanPostProcessor.resolveSchedulerBean(ScheduledAnnotationBeanPostProcessor.java:313) ~[spring-context-5.1.8.RELEASE.jar:5.1.8.RELEASE]
	at org.springframework.scheduling.annotation.ScheduledAnnotationBeanPostProcessor.finishRegistration(ScheduledAnnotationBeanPostProcessor.java:254) ~[spring-context-5.1.8.RELEASE.jar:5.1.8.RELEASE]
	at org.springframework.scheduling.annotation.ScheduledAnnotationBeanPostProcessor.onApplicationEvent(ScheduledAnnotationBeanPostProcessor.java:231) ~[spring-context-5.1.8.RELEASE.jar:5.1.8.RELEASE]
	at org.springframework.scheduling.annotation.ScheduledAnnotationBeanPostProcessor.onApplicationEvent(ScheduledAnnotationBeanPostProcessor.java:103) ~[spring-context-5.1.8.RELEASE.jar:5.1.8.RELEASE]
	at org.springframework.context.event.SimpleApplicationEventMulticaster.doInvokeListener(SimpleApplicationEventMulticaster.java:172) ~[spring-context-5.1.8.RELEASE.jar:5.1.8.RELEASE]
	at org.springframework.context.event.SimpleApplicationEventMulticaster.invokeListener(SimpleApplicationEventMulticaster.java:165) ~[spring-context-5.1.8.RELEASE.jar:5.1.8.RELEASE]
	at org.springframework.context.event.SimpleApplicationEventMulticaster.multicastEvent(SimpleApplicationEventMulticaster.java:139) ~[spring-context-5.1.8.RELEASE.jar:5.1.8.RELEASE]
	at org.springframework.context.support.AbstractApplicationContext.publishEvent(AbstractApplicationContext.java:402) ~[spring-context-5.1.8.RELEASE.jar:5.1.8.RELEASE]
	at org.springframework.context.support.AbstractApplicationContext.publishEvent(AbstractApplicationContext.java:359) ~[spring-context-5.1.8.RELEASE.jar:5.1.8.RELEASE]
	at org.springframework.context.support.AbstractApplicationContext.finishRefresh(AbstractApplicationContext.java:896) ~[spring-context-5.1.8.RELEASE.jar:5.1.8.RELEASE]
	at org.springframework.boot.web.servlet.context.ServletWebServerApplicationContext.finishRefresh(ServletWebServerApplicationContext.java:161) ~[spring-boot-2.1.6.RELEASE.jar:2.1.6.RELEASE]
	at org.springframework.context.support.AbstractApplicationContext.refresh(AbstractApplicationContext.java:552) ~[spring-context-5.1.8.RELEASE.jar:5.1.8.RELEASE]
	at org.springframework.boot.web.servlet.context.ServletWebServerApplicationContext.refresh(ServletWebServerApplicationContext.java:140) ~[spring-boot-2.1.6.RELEASE.jar:2.1.6.RELEASE]
	at org.springframework.boot.SpringApplication.refresh(SpringApplication.java:742) [spring-boot-2.1.6.RELEASE.jar:2.1.6.RELEASE]
	at org.springframework.boot.SpringApplication.refreshContext(SpringApplication.java:389) [spring-boot-2.1.6.RELEASE.jar:2.1.6.RELEASE]
	at org.springframework.boot.SpringApplication.run(SpringApplication.java:311) [spring-boot-2.1.6.RELEASE.jar:2.1.6.RELEASE]
	at org.springframework.boot.SpringApplication.run(SpringApplication.java:1213) [spring-boot-2.1.6.RELEASE.jar:2.1.6.RELEASE]
	at org.springframework.boot.SpringApplication.run(SpringApplication.java:1202) [spring-boot-2.1.6.RELEASE.jar:2.1.6.RELEASE]
	at com.acron.demo.DemoApplication.main(DemoApplication.java:14) [classes/:?]
	at sun.reflect.NativeMethodAccessorImpl.invoke0(Native Method) ~[?:1.8.0_211]
	at sun.reflect.NativeMethodAccessorImpl.invoke(NativeMethodAccessorImpl.java:62) ~[?:1.8.0_211]
	at sun.reflect.DelegatingMethodAccessorImpl.invoke(DelegatingMethodAccessorImpl.java:43) ~[?:1.8.0_211]
	at java.lang.reflect.Method.invoke(Method.java:498) ~[?:1.8.0_211]
	at org.springframework.boot.devtools.restart.RestartLauncher.run(RestartLauncher.java:49) [spring-boot-devtools-2.1.6.RELEASE.jar:2.1.6.RELEASE]
[20:24:17:204] [ERROR] - org.springframework.boot.SpringApplication.reportFailure(SpringApplication.java:821) - Application run failed
org.springframework.beans.factory.BeanNotOfRequiredTypeException: Bean named 'defaultSockJsTaskScheduler' is expected to be of type 'org.springframework.scheduling.TaskScheduler' but was actually of type 'org.springframework.beans.factory.support.NullBean'
	at org.springframework.beans.factory.support.AbstractBeanFactory.doGetBean(AbstractBeanFactory.java:392) ~[spring-beans-5.1.8.RELEASE.jar:5.1.8.RELEASE]
	at org.springframework.beans.factory.support.AbstractBeanFactory.getBean(AbstractBeanFactory.java:224) ~[spring-beans-5.1.8.RELEASE.jar:5.1.8.RELEASE]
	at org.springframework.beans.factory.support.DefaultListableBeanFactory.resolveNamedBean(DefaultListableBeanFactory.java:1119) ~[spring-beans-5.1.8.RELEASE.jar:5.1.8.RELEASE]
	at org.springframework.beans.factory.support.DefaultListableBeanFactory.resolveNamedBean(DefaultListableBeanFactory.java:1086) ~[spring-beans-5.1.8.RELEASE.jar:5.1.8.RELEASE]
	at org.springframework.scheduling.annotation.ScheduledAnnotationBeanPostProcessor.resolveSchedulerBean(ScheduledAnnotationBeanPostProcessor.java:313) ~[spring-context-5.1.8.RELEASE.jar:5.1.8.RELEASE]
	at org.springframework.scheduling.annotation.ScheduledAnnotationBeanPostProcessor.finishRegistration(ScheduledAnnotationBeanPostProcessor.java:254) ~[spring-context-5.1.8.RELEASE.jar:5.1.8.RELEASE]
	at org.springframework.scheduling.annotation.ScheduledAnnotationBeanPostProcessor.onApplicationEvent(ScheduledAnnotationBeanPostProcessor.java:231) ~[spring-context-5.1.8.RELEASE.jar:5.1.8.RELEASE]
	at org.springframework.scheduling.annotation.ScheduledAnnotationBeanPostProcessor.onApplicationEvent(ScheduledAnnotationBeanPostProcessor.java:103) ~[spring-context-5.1.8.RELEASE.jar:5.1.8.RELEASE]
	at org.springframework.context.event.SimpleApplicationEventMulticaster.doInvokeListener(SimpleApplicationEventMulticaster.java:172) ~[spring-context-5.1.8.RELEASE.jar:5.1.8.RELEASE]
	at org.springframework.context.event.SimpleApplicationEventMulticaster.invokeListener(SimpleApplicationEventMulticaster.java:165) ~[spring-context-5.1.8.RELEASE.jar:5.1.8.RELEASE]
	at org.springframework.context.event.SimpleApplicationEventMulticaster.multicastEvent(SimpleApplicationEventMulticaster.java:139) ~[spring-context-5.1.8.RELEASE.jar:5.1.8.RELEASE]
	at org.springframework.context.support.AbstractApplicationContext.publishEvent(AbstractApplicationContext.java:402) ~[spring-context-5.1.8.RELEASE.jar:5.1.8.RELEASE]
	at org.springframework.context.support.AbstractApplicationContext.publishEvent(AbstractApplicationContext.java:359) ~[spring-context-5.1.8.RELEASE.jar:5.1.8.RELEASE]
	at org.springframework.context.support.AbstractApplicationContext.finishRefresh(AbstractApplicationContext.java:896) ~[spring-context-5.1.8.RELEASE.jar:5.1.8.RELEASE]
	at org.springframework.boot.web.servlet.context.ServletWebServerApplicationContext.finishRefresh(ServletWebServerApplicationContext.java:161) ~[spring-boot-2.1.6.RELEASE.jar:2.1.6.RELEASE]
	at org.springframework.context.support.AbstractApplicationContext.refresh(AbstractApplicationContext.java:552) ~[spring-context-5.1.8.RELEASE.jar:5.1.8.RELEASE]
	at org.springframework.boot.web.servlet.context.ServletWebServerApplicationContext.refresh(ServletWebServerApplicationContext.java:140) ~[spring-boot-2.1.6.RELEASE.jar:2.1.6.RELEASE]
	at org.springframework.boot.SpringApplication.refresh(SpringApplication.java:742) [spring-boot-2.1.6.RELEASE.jar:2.1.6.RELEASE]
	at org.springframework.boot.SpringApplication.refreshContext(SpringApplication.java:389) [spring-boot-2.1.6.RELEASE.jar:2.1.6.RELEASE]
	at org.springframework.boot.SpringApplication.run(SpringApplication.java:311) [spring-boot-2.1.6.RELEASE.jar:2.1.6.RELEASE]
	at org.springframework.boot.SpringApplication.run(SpringApplication.java:1213) [spring-boot-2.1.6.RELEASE.jar:2.1.6.RELEASE]
	at org.springframework.boot.SpringApplication.run(SpringApplication.java:1202) [spring-boot-2.1.6.RELEASE.jar:2.1.6.RELEASE]
	at com.acron.demo.DemoApplication.main(DemoApplication.java:14) [classes/:?]
	at sun.reflect.NativeMethodAccessorImpl.invoke0(Native Method) ~[?:1.8.0_211]
	at sun.reflect.NativeMethodAccessorImpl.invoke(NativeMethodAccessorImpl.java:62) ~[?:1.8.0_211]
	at sun.reflect.DelegatingMethodAccessorImpl.invoke(DelegatingMethodAccessorImpl.java:43) ~[?:1.8.0_211]
	at java.lang.reflect.Method.invoke(Method.java:498) ~[?:1.8.0_211]
	at org.springframework.boot.devtools.restart.RestartLauncher.run(RestartLauncher.java:49) [spring-boot-devtools-2.1.6.RELEASE.jar:2.1.6.RELEASE]
[20:45:49:448] [ERROR] - org.springframework.boot.SpringApplication.reportFailure(SpringApplication.java:821) - Application run failed
org.springframework.context.ApplicationContextException: Failed to start bean 'subProtocolWebSocketHandler'; nested exception is java.lang.IllegalArgumentException: No handlers
	at org.springframework.context.support.DefaultLifecycleProcessor.doStart(DefaultLifecycleProcessor.java:185) ~[spring-context-5.1.8.RELEASE.jar:5.1.8.RELEASE]
	at org.springframework.context.support.DefaultLifecycleProcessor.doStart(DefaultLifecycleProcessor.java:174) ~[spring-context-5.1.8.RELEASE.jar:5.1.8.RELEASE]
	at org.springframework.context.support.DefaultLifecycleProcessor.access$200(DefaultLifecycleProcessor.java:53) ~[spring-context-5.1.8.RELEASE.jar:5.1.8.RELEASE]
	at org.springframework.context.support.DefaultLifecycleProcessor$LifecycleGroup.start(DefaultLifecycleProcessor.java:360) ~[spring-context-5.1.8.RELEASE.jar:5.1.8.RELEASE]
	at org.springframework.context.support.DefaultLifecycleProcessor.startBeans(DefaultLifecycleProcessor.java:158) ~[spring-context-5.1.8.RELEASE.jar:5.1.8.RELEASE]
	at org.springframework.context.support.DefaultLifecycleProcessor.onRefresh(DefaultLifecycleProcessor.java:122) ~[spring-context-5.1.8.RELEASE.jar:5.1.8.RELEASE]
	at org.springframework.context.support.AbstractApplicationContext.finishRefresh(AbstractApplicationContext.java:893) ~[spring-context-5.1.8.RELEASE.jar:5.1.8.RELEASE]
	at org.springframework.boot.web.servlet.context.ServletWebServerApplicationContext.finishRefresh(ServletWebServerApplicationContext.java:161) ~[spring-boot-2.1.6.RELEASE.jar:2.1.6.RELEASE]
	at org.springframework.context.support.AbstractApplicationContext.refresh(AbstractApplicationContext.java:552) ~[spring-context-5.1.8.RELEASE.jar:5.1.8.RELEASE]
	at org.springframework.boot.web.servlet.context.ServletWebServerApplicationContext.refresh(ServletWebServerApplicationContext.java:140) ~[spring-boot-2.1.6.RELEASE.jar:2.1.6.RELEASE]
	at org.springframework.boot.SpringApplication.refresh(SpringApplication.java:742) [spring-boot-2.1.6.RELEASE.jar:2.1.6.RELEASE]
	at org.springframework.boot.SpringApplication.refreshContext(SpringApplication.java:389) [spring-boot-2.1.6.RELEASE.jar:2.1.6.RELEASE]
	at org.springframework.boot.SpringApplication.run(SpringApplication.java:311) [spring-boot-2.1.6.RELEASE.jar:2.1.6.RELEASE]
	at org.springframework.boot.SpringApplication.run(SpringApplication.java:1213) [spring-boot-2.1.6.RELEASE.jar:2.1.6.RELEASE]
	at org.springframework.boot.SpringApplication.run(SpringApplication.java:1202) [spring-boot-2.1.6.RELEASE.jar:2.1.6.RELEASE]
	at com.acron.demo.DemoApplication.main(DemoApplication.java:14) [classes/:?]
	at sun.reflect.NativeMethodAccessorImpl.invoke0(Native Method) ~[?:1.8.0_211]
	at sun.reflect.NativeMethodAccessorImpl.invoke(NativeMethodAccessorImpl.java:62) ~[?:1.8.0_211]
	at sun.reflect.DelegatingMethodAccessorImpl.invoke(DelegatingMethodAccessorImpl.java:43) ~[?:1.8.0_211]
	at java.lang.reflect.Method.invoke(Method.java:498) ~[?:1.8.0_211]
	at org.springframework.boot.devtools.restart.RestartLauncher.run(RestartLauncher.java:49) [spring-boot-devtools-2.1.6.RELEASE.jar:2.1.6.RELEASE]
Caused by: java.lang.IllegalArgumentException: No handlers
	at org.springframework.util.Assert.isTrue(Assert.java:118) ~[spring-core-5.1.8.RELEASE.jar:5.1.8.RELEASE]
	at org.springframework.web.socket.messaging.SubProtocolWebSocketHandler.start(SubProtocolWebSocketHandler.java:259) ~[spring-websocket-5.1.8.RELEASE.jar:5.1.8.RELEASE]
	at org.springframework.context.support.DefaultLifecycleProcessor.doStart(DefaultLifecycleProcessor.java:182) ~[spring-context-5.1.8.RELEASE.jar:5.1.8.RELEASE]
	... 20 more
[20:49:05:037] [ERROR] - org.springframework.boot.SpringApplication.reportFailure(SpringApplication.java:821) - Application run failed
org.springframework.beans.factory.BeanNotOfRequiredTypeException: Bean named 'defaultSockJsTaskScheduler' is expected to be of type 'org.springframework.scheduling.TaskScheduler' but was actually of type 'org.springframework.beans.factory.support.NullBean'
	at org.springframework.beans.factory.support.AbstractBeanFactory.doGetBean(AbstractBeanFactory.java:392) ~[spring-beans-5.1.8.RELEASE.jar:5.1.8.RELEASE]
	at org.springframework.beans.factory.support.AbstractBeanFactory.getBean(AbstractBeanFactory.java:224) ~[spring-beans-5.1.8.RELEASE.jar:5.1.8.RELEASE]
	at org.springframework.beans.factory.support.DefaultListableBeanFactory.resolveNamedBean(DefaultListableBeanFactory.java:1119) ~[spring-beans-5.1.8.RELEASE.jar:5.1.8.RELEASE]
	at org.springframework.beans.factory.support.DefaultListableBeanFactory.resolveNamedBean(DefaultListableBeanFactory.java:1086) ~[spring-beans-5.1.8.RELEASE.jar:5.1.8.RELEASE]
	at org.springframework.scheduling.annotation.ScheduledAnnotationBeanPostProcessor.resolveSchedulerBean(ScheduledAnnotationBeanPostProcessor.java:313) ~[spring-context-5.1.8.RELEASE.jar:5.1.8.RELEASE]
	at org.springframework.scheduling.annotation.ScheduledAnnotationBeanPostProcessor.finishRegistration(ScheduledAnnotationBeanPostProcessor.java:254) ~[spring-context-5.1.8.RELEASE.jar:5.1.8.RELEASE]
	at org.springframework.scheduling.annotation.ScheduledAnnotationBeanPostProcessor.onApplicationEvent(ScheduledAnnotationBeanPostProcessor.java:231) ~[spring-context-5.1.8.RELEASE.jar:5.1.8.RELEASE]
	at org.springframework.scheduling.annotation.ScheduledAnnotationBeanPostProcessor.onApplicationEvent(ScheduledAnnotationBeanPostProcessor.java:103) ~[spring-context-5.1.8.RELEASE.jar:5.1.8.RELEASE]
	at org.springframework.context.event.SimpleApplicationEventMulticaster.doInvokeListener(SimpleApplicationEventMulticaster.java:172) ~[spring-context-5.1.8.RELEASE.jar:5.1.8.RELEASE]
	at org.springframework.context.event.SimpleApplicationEventMulticaster.invokeListener(SimpleApplicationEventMulticaster.java:165) ~[spring-context-5.1.8.RELEASE.jar:5.1.8.RELEASE]
	at org.springframework.context.event.SimpleApplicationEventMulticaster.multicastEvent(SimpleApplicationEventMulticaster.java:139) ~[spring-context-5.1.8.RELEASE.jar:5.1.8.RELEASE]
	at org.springframework.context.support.AbstractApplicationContext.publishEvent(AbstractApplicationContext.java:402) ~[spring-context-5.1.8.RELEASE.jar:5.1.8.RELEASE]
	at org.springframework.context.support.AbstractApplicationContext.publishEvent(AbstractApplicationContext.java:359) ~[spring-context-5.1.8.RELEASE.jar:5.1.8.RELEASE]
	at org.springframework.context.support.AbstractApplicationContext.finishRefresh(AbstractApplicationContext.java:896) ~[spring-context-5.1.8.RELEASE.jar:5.1.8.RELEASE]
	at org.springframework.boot.web.servlet.context.ServletWebServerApplicationContext.finishRefresh(ServletWebServerApplicationContext.java:161) ~[spring-boot-2.1.6.RELEASE.jar:2.1.6.RELEASE]
	at org.springframework.context.support.AbstractApplicationContext.refresh(AbstractApplicationContext.java:552) ~[spring-context-5.1.8.RELEASE.jar:5.1.8.RELEASE]
	at org.springframework.boot.web.servlet.context.ServletWebServerApplicationContext.refresh(ServletWebServerApplicationContext.java:140) ~[spring-boot-2.1.6.RELEASE.jar:2.1.6.RELEASE]
	at org.springframework.boot.SpringApplication.refresh(SpringApplication.java:742) [spring-boot-2.1.6.RELEASE.jar:2.1.6.RELEASE]
	at org.springframework.boot.SpringApplication.refreshContext(SpringApplication.java:389) [spring-boot-2.1.6.RELEASE.jar:2.1.6.RELEASE]
	at org.springframework.boot.SpringApplication.run(SpringApplication.java:311) [spring-boot-2.1.6.RELEASE.jar:2.1.6.RELEASE]
	at org.springframework.boot.SpringApplication.run(SpringApplication.java:1213) [spring-boot-2.1.6.RELEASE.jar:2.1.6.RELEASE]
	at org.springframework.boot.SpringApplication.run(SpringApplication.java:1202) [spring-boot-2.1.6.RELEASE.jar:2.1.6.RELEASE]
	at com.acron.demo.DemoApplication.main(DemoApplication.java:14) [classes/:?]
	at sun.reflect.NativeMethodAccessorImpl.invoke0(Native Method) ~[?:1.8.0_211]
	at sun.reflect.NativeMethodAccessorImpl.invoke(NativeMethodAccessorImpl.java:62) ~[?:1.8.0_211]
	at sun.reflect.DelegatingMethodAccessorImpl.invoke(DelegatingMethodAccessorImpl.java:43) ~[?:1.8.0_211]
	at java.lang.reflect.Method.invoke(Method.java:498) ~[?:1.8.0_211]
	at org.springframework.boot.devtools.restart.RestartLauncher.run(RestartLauncher.java:49) [spring-boot-devtools-2.1.6.RELEASE.jar:2.1.6.RELEASE]
[21:01:24:256] [ERROR] - org.springframework.web.socket.handler.ExceptionWebSocketHandlerDecorator.tryCloseWithError(ExceptionWebSocketHandlerDecorator.java:90) - Closing session due to exception for StandardWebSocketSession[id=16fb7e49-8c44-04d8-f42d-fbe10f81a246, uri=ws://127.0.0.1:8080/SpringBootDemo/websocket]
com.alibaba.fastjson.JSONException: can not cast to JSONObject.
	at com.alibaba.fastjson.JSON.parseObject(JSON.java:244) ~[fastjson-1.2.58.jar:?]
	at com.acron.demo.core.websocket.Handler.handleMessage(Handler.java:42) ~[classes/:?]
	at org.springframework.web.socket.handler.WebSocketHandlerDecorator.handleMessage(WebSocketHandlerDecorator.java:75) ~[spring-websocket-5.1.8.RELEASE.jar:5.1.8.RELEASE]
	at org.springframework.web.socket.handler.LoggingWebSocketHandlerDecorator.handleMessage(LoggingWebSocketHandlerDecorator.java:56) ~[spring-websocket-5.1.8.RELEASE.jar:5.1.8.RELEASE]
	at org.springframework.web.socket.handler.ExceptionWebSocketHandlerDecorator.handleMessage(ExceptionWebSocketHandlerDecorator.java:58) [spring-websocket-5.1.8.RELEASE.jar:5.1.8.RELEASE]
	at org.springframework.web.socket.adapter.standard.StandardWebSocketHandlerAdapter.handleTextMessage(StandardWebSocketHandlerAdapter.java:113) [spring-websocket-5.1.8.RELEASE.jar:5.1.8.RELEASE]
	at org.springframework.web.socket.adapter.standard.StandardWebSocketHandlerAdapter.access$000(StandardWebSocketHandlerAdapter.java:42) [spring-websocket-5.1.8.RELEASE.jar:5.1.8.RELEASE]
	at org.springframework.web.socket.adapter.standard.StandardWebSocketHandlerAdapter$3.onMessage(StandardWebSocketHandlerAdapter.java:84) [spring-websocket-5.1.8.RELEASE.jar:5.1.8.RELEASE]
	at org.springframework.web.socket.adapter.standard.StandardWebSocketHandlerAdapter$3.onMessage(StandardWebSocketHandlerAdapter.java:81) [spring-websocket-5.1.8.RELEASE.jar:5.1.8.RELEASE]
	at org.apache.tomcat.websocket.WsFrameBase.sendMessageText(WsFrameBase.java:395) [tomcat-embed-websocket-9.0.21.jar:9.0.21]
	at org.apache.tomcat.websocket.server.WsFrameServer.sendMessageText(WsFrameServer.java:119) [tomcat-embed-websocket-9.0.21.jar:9.0.21]
	at org.apache.tomcat.websocket.WsFrameBase.processDataText(WsFrameBase.java:495) [tomcat-embed-websocket-9.0.21.jar:9.0.21]
	at org.apache.tomcat.websocket.WsFrameBase.processData(WsFrameBase.java:294) [tomcat-embed-websocket-9.0.21.jar:9.0.21]
	at org.apache.tomcat.websocket.WsFrameBase.processInputBuffer(WsFrameBase.java:133) [tomcat-embed-websocket-9.0.21.jar:9.0.21]
	at org.apache.tomcat.websocket.server.WsFrameServer.onDataAvailable(WsFrameServer.java:82) [tomcat-embed-websocket-9.0.21.jar:9.0.21]
	at org.apache.tomcat.websocket.server.WsFrameServer.doOnDataAvailable(WsFrameServer.java:171) [tomcat-embed-websocket-9.0.21.jar:9.0.21]
	at org.apache.tomcat.websocket.server.WsFrameServer.notifyDataAvailable(WsFrameServer.java:151) [tomcat-embed-websocket-9.0.21.jar:9.0.21]
	at org.apache.tomcat.websocket.server.WsHttpUpgradeHandler.upgradeDispatch(WsHttpUpgradeHandler.java:148) [tomcat-embed-websocket-9.0.21.jar:9.0.21]
	at org.apache.coyote.http11.upgrade.UpgradeProcessorInternal.dispatch(UpgradeProcessorInternal.java:54) [tomcat-embed-core-9.0.21.jar:9.0.21]
	at org.apache.coyote.AbstractProcessorLight.process(AbstractProcessorLight.java:53) [tomcat-embed-core-9.0.21.jar:9.0.21]
	at org.apache.coyote.AbstractProtocol$ConnectionHandler.process(AbstractProtocol.java:853) [tomcat-embed-core-9.0.21.jar:9.0.21]
	at org.apache.tomcat.util.net.NioEndpoint$SocketProcessor.doRun(NioEndpoint.java:1587) [tomcat-embed-core-9.0.21.jar:9.0.21]
	at org.apache.tomcat.util.net.SocketProcessorBase.run(SocketProcessorBase.java:49) [tomcat-embed-core-9.0.21.jar:9.0.21]
	at java.util.concurrent.ThreadPoolExecutor.runWorker(ThreadPoolExecutor.java:1149) [?:1.8.0_211]
	at java.util.concurrent.ThreadPoolExecutor$Worker.run(ThreadPoolExecutor.java:624) [?:1.8.0_211]
	at org.apache.tomcat.util.threads.TaskThread$WrappingRunnable.run(TaskThread.java:61) [tomcat-embed-core-9.0.21.jar:9.0.21]
	at java.lang.Thread.run(Thread.java:748) [?:1.8.0_211]
Caused by: java.lang.ClassCastException: java.lang.Integer cannot be cast to com.alibaba.fastjson.JSONObject
	at com.alibaba.fastjson.JSON.parseObject(JSON.java:242) ~[fastjson-1.2.58.jar:?]
	... 26 more
[21:11:47:777] [ERROR] - org.springframework.amqp.rabbit.connection.CachingConnectionFactory$DefaultChannelCloseLogger.log(CachingConnectionFactory.java:1517) - Channel shutdown: connection error
[21:11:47:778] [ERROR] - org.springframework.amqp.rabbit.connection.CachingConnectionFactory$DefaultChannelCloseLogger.log(CachingConnectionFactory.java:1517) - Channel shutdown: connection error
[21:11:47:780] [ERROR] - org.springframework.amqp.rabbit.connection.CachingConnectionFactory$DefaultChannelCloseLogger.log(CachingConnectionFactory.java:1517) - Channel shutdown: connection error
[21:11:47:781] [ERROR] - org.springframework.amqp.rabbit.connection.CachingConnectionFactory$DefaultChannelCloseLogger.log(CachingConnectionFactory.java:1517) - Channel shutdown: connection error
[21:11:47:782] [ERROR] - org.springframework.amqp.rabbit.connection.CachingConnectionFactory$DefaultChannelCloseLogger.log(CachingConnectionFactory.java:1517) - Channel shutdown: connection error
[21:11:47:782] [ERROR] - org.springframework.amqp.rabbit.connection.CachingConnectionFactory$DefaultChannelCloseLogger.log(CachingConnectionFactory.java:1517) - Channel shutdown: connection error
[21:11:47:783] [ERROR] - org.springframework.amqp.rabbit.connection.CachingConnectionFactory$DefaultChannelCloseLogger.log(CachingConnectionFactory.java:1517) - Channel shutdown: connection error
[21:11:47:784] [ERROR] - org.springframework.amqp.rabbit.connection.CachingConnectionFactory$DefaultChannelCloseLogger.log(CachingConnectionFactory.java:1517) - Channel shutdown: connection error
[21:11:47:784] [ERROR] - org.springframework.amqp.rabbit.connection.CachingConnectionFactory$DefaultChannelCloseLogger.log(CachingConnectionFactory.java:1517) - Channel shutdown: connection error
[21:11:47:786] [ERROR] - org.springframework.amqp.rabbit.connection.CachingConnectionFactory$DefaultChannelCloseLogger.log(CachingConnectionFactory.java:1517) - Channel shutdown: connection error
[21:11:47:787] [ERROR] - org.springframework.amqp.rabbit.connection.CachingConnectionFactory$DefaultChannelCloseLogger.log(CachingConnectionFactory.java:1517) - Channel shutdown: connection error
[21:11:47:789] [ERROR] - org.springframework.amqp.rabbit.connection.CachingConnectionFactory$DefaultChannelCloseLogger.log(CachingConnectionFactory.java:1517) - Channel shutdown: connection error
[21:11:47:790] [ERROR] - org.springframework.amqp.rabbit.connection.CachingConnectionFactory$DefaultChannelCloseLogger.log(CachingConnectionFactory.java:1517) - Channel shutdown: connection error
[21:11:47:790] [ERROR] - org.springframework.amqp.rabbit.connection.CachingConnectionFactory$DefaultChannelCloseLogger.log(CachingConnectionFactory.java:1517) - Channel shutdown: connection error
[21:11:47:792] [ERROR] - org.springframework.amqp.rabbit.connection.CachingConnectionFactory$DefaultChannelCloseLogger.log(CachingConnectionFactory.java:1517) - Channel shutdown: connection error
[21:11:47:792] [ERROR] - org.springframework.amqp.rabbit.connection.CachingConnectionFactory$DefaultChannelCloseLogger.log(CachingConnectionFactory.java:1517) - Channel shutdown: connection error
[21:11:47:793] [ERROR] - org.springframework.amqp.rabbit.connection.CachingConnectionFactory$DefaultChannelCloseLogger.log(CachingConnectionFactory.java:1517) - Channel shutdown: connection error
[21:11:47:794] [ERROR] - org.springframework.amqp.rabbit.connection.CachingConnectionFactory$DefaultChannelCloseLogger.log(CachingConnectionFactory.java:1517) - Channel shutdown: connection error
[21:11:47:795] [ERROR] - org.springframework.amqp.rabbit.connection.CachingConnectionFactory$DefaultChannelCloseLogger.log(CachingConnectionFactory.java:1517) - Channel shutdown: connection error
[21:11:47:796] [ERROR] - org.springframework.amqp.rabbit.connection.CachingConnectionFactory$DefaultChannelCloseLogger.log(CachingConnectionFactory.java:1517) - Channel shutdown: connection error
[21:11:47:797] [ERROR] - org.springframework.amqp.rabbit.connection.CachingConnectionFactory$DefaultChannelCloseLogger.log(CachingConnectionFactory.java:1517) - Channel shutdown: connection error
