[20:38:49:132] [INFO] - org.springframework.boot.StartupInfoLogger.logStarting(StartupInfoLogger.java:50) - Starting DemoApplication on Acron with PID 1104 (D:\JavaDev\IdeaProjects\SpringBootDemo\target\classes started by Acron in D:\JavaDev\IdeaProjects\SpringBootDemo)
[20:38:49:144] [INFO] - org.springframework.boot.SpringApplication.logStartupProfileInfo(SpringApplication.java:650) - The following profiles are active: prod
[20:38:49:187] [INFO] - org.springframework.boot.logging.DeferredLog.logTo(DeferredLog.java:225) - Devtools property defaults active! Set 'spring.devtools.add-properties' to 'false' to disable
[20:38:49:188] [INFO] - org.springframework.boot.logging.DeferredLog.logTo(DeferredLog.java:225) - For additional web related logging consider setting the 'logging.level.web' property to 'DEBUG'
[20:38:50:171] [INFO] - org.springframework.data.repository.config.RepositoryConfigurationDelegate.multipleStoresDetected(RepositoryConfigurationDelegate.java:244) - Multiple Spring Data modules found, entering strict repository configuration mode!
[20:38:50:175] [INFO] - org.springframework.data.repository.config.RepositoryConfigurationDelegate.registerRepositoriesIn(RepositoryConfigurationDelegate.java:126) - Bootstrapping Spring Data repositories in DEFAULT mode.
[20:38:50:206] [INFO] - org.springframework.data.repository.config.RepositoryConfigurationDelegate.registerRepositoriesIn(RepositoryConfigurationDelegate.java:182) - Finished Spring Data repository scanning in 17ms. Found 0 repository interfaces.
[20:38:50:496] [INFO] - org.springframework.context.support.PostProcessorRegistrationDelegate$BeanPostProcessorChecker.postProcessAfterInitialization(PostProcessorRegistrationDelegate.java:330) - Bean 'redisConfig' of type [com.acron.demo.config.RedisConfig$$EnhancerBySpringCGLIB$$504c75fe] is not eligible for getting processed by all BeanPostProcessors (for example: not eligible for auto-proxying)
[20:38:50:502] [INFO] - org.springframework.context.support.PostProcessorRegistrationDelegate$BeanPostProcessorChecker.postProcessAfterInitialization(PostProcessorRegistrationDelegate.java:330) - Bean 'org.springframework.transaction.annotation.ProxyTransactionManagementConfiguration' of type [org.springframework.transaction.annotation.ProxyTransactionManagementConfiguration$$EnhancerBySpringCGLIB$$e4beed09] is not eligible for getting processed by all BeanPostProcessors (for example: not eligible for auto-proxying)
[20:38:50:864] [INFO] - org.springframework.boot.web.embedded.tomcat.TomcatWebServer.initialize(TomcatWebServer.java:90) - Tomcat initialized with port(s): 8080 (http)
[20:38:50:969] [INFO] - org.springframework.boot.web.servlet.context.ServletWebServerApplicationContext.prepareWebApplicationContext(ServletWebServerApplicationContext.java:283) - Root WebApplicationContext: initialization completed in 1781 ms
[20:38:51:592] [INFO] - com.alibaba.druid.spring.boot.autoconfigure.DruidDataSourceAutoConfigure.dataSource(DruidDataSourceAutoConfigure.java:56) - Init DruidDataSource
[20:38:52:229] [INFO] - com.alibaba.druid.pool.DruidDataSource.init(DruidDataSource.java:930) - {dataSource-1} inited
[20:38:52:836] [INFO] - springfox.documentation.spring.web.PropertySourcedRequestMappingHandlerMapping.initHandlerMethods(PropertySourcedRequestMappingHandlerMapping.java:69) - Mapped URL path [/v2/api-docs] onto method [public org.springframework.http.ResponseEntity<springfox.documentation.spring.web.json.Json> springfox.documentation.swagger2.web.Swagger2Controller.getDocumentation(java.lang.String,javax.servlet.http.HttpServletRequest)]
[20:38:52:972] [INFO] - org.springframework.scheduling.concurrent.ExecutorConfigurationSupport.initialize(ExecutorConfigurationSupport.java:171) - Initializing ExecutorService 'applicationTaskExecutor'
[20:38:53:025] [INFO] - org.springframework.boot.devtools.autoconfigure.OptionalLiveReloadServer.startServer(OptionalLiveReloadServer.java:57) - LiveReload server is running on port 35729
[20:38:53:394] [INFO] - io.lettuce.core.EpollProvider.<clinit>(EpollProvider.java:68) - Starting without optional epoll library
[20:38:53:396] [INFO] - io.lettuce.core.KqueueProvider.<clinit>(KqueueProvider.java:70) - Starting without optional kqueue library
[20:38:53:894] [INFO] - springfox.documentation.spring.web.plugins.DocumentationPluginsBootstrapper.start(DocumentationPluginsBootstrapper.java:151) - Context refreshed
[20:38:54:036] [INFO] - springfox.documentation.spring.web.plugins.DocumentationPluginsBootstrapper.start(DocumentationPluginsBootstrapper.java:154) - Found 1 custom documentation plugin(s)
[20:38:54:067] [INFO] - springfox.documentation.spring.web.scanners.ApiListingReferenceScanner.scan(ApiListingReferenceScanner.java:41) - Scanning for api listing references
[20:38:54:186] [INFO] - org.springframework.amqp.rabbit.connection.AbstractConnectionFactory.createBareConnection(AbstractConnectionFactory.java:460) - Attempting to connect to: [localhost:5672]
[20:38:54:233] [INFO] - org.springframework.amqp.rabbit.connection.AbstractConnectionFactory.createBareConnection(AbstractConnectionFactory.java:496) - Created new connection: rabbitConnectionFactory#62f4e9ea:0/SimpleConnection@18646c5 [delegate=amqp://guest@127.0.0.1:5672/, localPort= 62658]
[20:38:54:834] [INFO] - org.springframework.scheduling.annotation.ScheduledAnnotationBeanPostProcessor.finishRegistration(ScheduledAnnotationBeanPostProcessor.java:295) - No TaskScheduler/ScheduledExecutorService bean found for scheduled processing
[20:38:54:860] [INFO] - org.springframework.boot.web.embedded.tomcat.TomcatWebServer.start(TomcatWebServer.java:202) - Tomcat started on port(s): 8080 (http) with context path '/SpringBootDemo'
[20:38:54:862] [INFO] - org.springframework.boot.StartupInfoLogger.logStarted(StartupInfoLogger.java:59) - Started DemoApplication in 6.123 seconds (JVM running for 7.598)
