[23:19:39:926] [INFO] - org.springframework.boot.StartupInfoLogger.logStarting(StartupInfoLogger.java:50) - Starting DemoApplication on Acron with PID 14600 (D:\JavaDev\IdeaProjects\SpringBootDemo\target\classes started by Acron in D:\JavaDev\IdeaProjects\SpringBootDemo)
[23:19:39:940] [DEBUG] - org.springframework.boot.StartupInfoLogger.logStarting(StartupInfoLogger.java:53) - Running with Spring Boot v2.1.6.RELEASE, Spring v5.1.8.RELEASE
[23:19:39:940] [INFO] - org.springframework.boot.SpringApplication.logStartupProfileInfo(SpringApplication.java:650) - The following profiles are active: prod
[23:19:45:711] [INFO] - org.springframework.boot.StartupInfoLogger.logStarted(StartupInfoLogger.java:59) - Started DemoApplication in 6.268 seconds (JVM running for 7.392)
[23:20:54:656] [INFO] - org.springframework.boot.StartupInfoLogger.logStarting(StartupInfoLogger.java:50) - Starting DemoApplication on Acron with PID 14600 (D:\JavaDev\IdeaProjects\SpringBootDemo\target\classes started by Acron in D:\JavaDev\IdeaProjects\SpringBootDemo)
[23:20:54:656] [DEBUG] - org.springframework.boot.StartupInfoLogger.logStarting(StartupInfoLogger.java:53) - Running with Spring Boot v2.1.6.RELEASE, Spring v5.1.8.RELEASE
[23:20:54:656] [INFO] - org.springframework.boot.SpringApplication.logStartupProfileInfo(SpringApplication.java:650) - The following profiles are active: prod
[23:20:56:527] [INFO] - org.springframework.boot.StartupInfoLogger.logStarted(StartupInfoLogger.java:59) - Started DemoApplication in 1.909 seconds (JVM running for 78.208)
[23:21:14:804] [DEBUG] - org.apache.ibatis.logging.jdbc.BaseJdbcLogger.debug(BaseJdbcLogger.java:143) - ==>  Preparing: INSERT INTO order ( id, userID, productID, status, createDate, modifyDate, version ) VALUES ( ?, ?, ?, ?, ?, ?, ? ) 
[23:21:14:899] [DEBUG] - org.apache.ibatis.logging.jdbc.BaseJdbcLogger.debug(BaseJdbcLogger.java:143) - ==> Parameters: 4590a696-9a5f-4d5a-8c71-630811970783(String), 077cc472b34c0214c05ac538888cfe13(String), 45b09cef93e7b917c809bbe71ae1b2d9(String), 0(Integer), 2019-07-10 23:21:14.798(Timestamp), 2019-07-10 23:21:14.798(Timestamp), 0(Long)
[23:21:14:981] [INFO] - com.acron.demo.core.config.RabbitMQConfig$1.confirm(RabbitMQConfig.java:88) - 消息发送成功:correlationData(null),ack(true),cause(null)
[23:25:03:626] [INFO] - org.springframework.boot.StartupInfoLogger.logStarting(StartupInfoLogger.java:50) - Starting DemoApplication on Acron with PID 14600 (D:\JavaDev\IdeaProjects\SpringBootDemo\target\classes started by Acron in D:\JavaDev\IdeaProjects\SpringBootDemo)
[23:25:03:626] [DEBUG] - org.springframework.boot.StartupInfoLogger.logStarting(StartupInfoLogger.java:53) - Running with Spring Boot v2.1.6.RELEASE, Spring v5.1.8.RELEASE
[23:25:03:626] [INFO] - org.springframework.boot.SpringApplication.logStartupProfileInfo(SpringApplication.java:650) - The following profiles are active: prod
[23:25:05:578] [INFO] - org.springframework.boot.StartupInfoLogger.logStarted(StartupInfoLogger.java:59) - Started DemoApplication in 1.99 seconds (JVM running for 327.259)
[23:25:56:797] [INFO] - org.springframework.boot.StartupInfoLogger.logStarting(StartupInfoLogger.java:50) - Starting DemoApplication on Acron with PID 15064 (D:\JavaDev\IdeaProjects\SpringBootDemo\target\classes started by Acron in D:\JavaDev\IdeaProjects\SpringBootDemo)
[23:25:56:803] [DEBUG] - org.springframework.boot.StartupInfoLogger.logStarting(StartupInfoLogger.java:53) - Running with Spring Boot v2.1.6.RELEASE, Spring v5.1.8.RELEASE
[23:25:56:804] [INFO] - org.springframework.boot.SpringApplication.logStartupProfileInfo(SpringApplication.java:650) - The following profiles are active: prod
[23:26:02:537] [INFO] - org.springframework.boot.StartupInfoLogger.logStarted(StartupInfoLogger.java:59) - Started DemoApplication in 6.106 seconds (JVM running for 7.206)
[23:26:24:679] [DEBUG] - org.apache.ibatis.logging.jdbc.BaseJdbcLogger.debug(BaseJdbcLogger.java:143) - ==>  Preparing: INSERT INTO order ( id, userID, productID, status, createDate, modifyDate, version ) VALUES ( ?, ?, ?, ?, ?, ?, ? ) 
[23:26:24:774] [DEBUG] - org.apache.ibatis.logging.jdbc.BaseJdbcLogger.debug(BaseJdbcLogger.java:143) - ==> Parameters: cbb8e80d66d06efd437c0e8c5225c757(String), 077cc472b34c0214c05ac538888cfe13(String), 45b09cef93e7b917c809bbe71ae1b2d9(String), 0(Integer), 2019-07-10 23:26:24.67(Timestamp), 2019-07-10 23:26:24.67(Timestamp), 0(Long)
[23:26:24:862] [DEBUG] - org.apache.ibatis.logging.jdbc.BaseJdbcLogger.debug(BaseJdbcLogger.java:143) - ==>  Preparing: SELECT id,userID,productID,amount,status,createDate,modifyDate,version FROM order WHERE userID = ? AND productID = ? 
[23:26:24:883] [DEBUG] - org.apache.ibatis.logging.jdbc.BaseJdbcLogger.debug(BaseJdbcLogger.java:143) - ==> Parameters: 077cc472b34c0214c05ac538888cfe13(String), 45b09cef93e7b917c809bbe71ae1b2d9(String)
[23:27:11:417] [DEBUG] - org.apache.ibatis.logging.jdbc.BaseJdbcLogger.debug(BaseJdbcLogger.java:143) - ==>  Preparing: INSERT INTO order ( id, userID, productID, status, createDate, modifyDate, version ) VALUES ( ?, ?, ?, ?, ?, ?, ? ) 
[23:27:11:419] [DEBUG] - org.apache.ibatis.logging.jdbc.BaseJdbcLogger.debug(BaseJdbcLogger.java:143) - ==> Parameters: 1c5d2e2c0f232d146bb09c8fa88fdf07(String), 077cc472b34c0214c05ac538888cfe13(String), 45b09cef93e7b917c809bbe71ae1b2d9(String), 0(Integer), 2019-07-10 23:27:11.417(Timestamp), 2019-07-10 23:27:11.417(Timestamp), 0(Long)
[23:27:11:436] [DEBUG] - org.apache.ibatis.logging.jdbc.BaseJdbcLogger.debug(BaseJdbcLogger.java:143) - ==>  Preparing: SELECT id,userID,productID,amount,status,createDate,modifyDate,version FROM order WHERE userID = ? AND productID = ? 
[23:27:11:437] [DEBUG] - org.apache.ibatis.logging.jdbc.BaseJdbcLogger.debug(BaseJdbcLogger.java:143) - ==> Parameters: 077cc472b34c0214c05ac538888cfe13(String), 45b09cef93e7b917c809bbe71ae1b2d9(String)
[23:30:44:414] [INFO] - org.springframework.boot.StartupInfoLogger.logStarting(StartupInfoLogger.java:50) - Starting DemoApplication on Acron with PID 15192 (D:\JavaDev\IdeaProjects\SpringBootDemo\target\classes started by Acron in D:\JavaDev\IdeaProjects\SpringBootDemo)
[23:30:44:420] [DEBUG] - org.springframework.boot.StartupInfoLogger.logStarting(StartupInfoLogger.java:53) - Running with Spring Boot v2.1.6.RELEASE, Spring v5.1.8.RELEASE
[23:30:44:421] [INFO] - org.springframework.boot.SpringApplication.logStartupProfileInfo(SpringApplication.java:650) - The following profiles are active: prod
[23:30:50:051] [INFO] - org.springframework.boot.StartupInfoLogger.logStarted(StartupInfoLogger.java:59) - Started DemoApplication in 5.921 seconds (JVM running for 6.76)
[23:31:00:180] [DEBUG] - org.apache.ibatis.logging.jdbc.BaseJdbcLogger.debug(BaseJdbcLogger.java:143) - ==>  Preparing: INSERT INTO order ( id, userID, productID, amount, status, createDate, modifyDate, version ) VALUES ( ?, ?, ?, ?, ?, ?, ?, ? ) 
[23:31:00:256] [DEBUG] - org.apache.ibatis.logging.jdbc.BaseJdbcLogger.debug(BaseJdbcLogger.java:143) - ==> Parameters: 48a81a8929ab45bed4f0995b85277039(String), 077cc472b34c0214c05ac538888cfe13(String), 45b09cef93e7b917c809bbe71ae1b2d9(String), 100(Integer), 0(Integer), 2019-07-10 23:31:00.173(Timestamp), 2019-07-10 23:31:00.173(Timestamp), 0(Long)
[23:31:00:340] [DEBUG] - org.apache.ibatis.logging.jdbc.BaseJdbcLogger.debug(BaseJdbcLogger.java:143) - ==>  Preparing: SELECT id,userID,productID,amount,status,createDate,modifyDate,version FROM order WHERE userID = ? AND productID = ? 
[23:31:00:359] [DEBUG] - org.apache.ibatis.logging.jdbc.BaseJdbcLogger.debug(BaseJdbcLogger.java:143) - ==> Parameters: 077cc472b34c0214c05ac538888cfe13(String), 45b09cef93e7b917c809bbe71ae1b2d9(String)
[23:34:18:771] [INFO] - org.springframework.boot.StartupInfoLogger.logStarting(StartupInfoLogger.java:50) - Starting DemoApplication on Acron with PID 13492 (D:\JavaDev\IdeaProjects\SpringBootDemo\target\classes started by Acron in D:\JavaDev\IdeaProjects\SpringBootDemo)
[23:34:18:777] [DEBUG] - org.springframework.boot.StartupInfoLogger.logStarting(StartupInfoLogger.java:53) - Running with Spring Boot v2.1.6.RELEASE, Spring v5.1.8.RELEASE
[23:34:18:777] [INFO] - org.springframework.boot.SpringApplication.logStartupProfileInfo(SpringApplication.java:650) - The following profiles are active: prod
[23:34:24:296] [INFO] - org.springframework.boot.StartupInfoLogger.logStarted(StartupInfoLogger.java:59) - Started DemoApplication in 6.016 seconds (JVM running for 7.913)
[23:35:20:678] [DEBUG] - org.apache.ibatis.logging.jdbc.BaseJdbcLogger.debug(BaseJdbcLogger.java:143) - ==>  Preparing: INSERT INTO order ( id, userID, productID, amount, status, createDate, modifyDate, version ) VALUES ( ?, ?, ?, ?, ?, ?, ?, ? ) 
[23:35:20:760] [DEBUG] - org.apache.ibatis.logging.jdbc.BaseJdbcLogger.debug(BaseJdbcLogger.java:143) - ==> Parameters: d8ccd25dbd62680f05c6a01bbee6334b(String), 077cc472b34c0214c05ac538888cfe13(String), 45b09cef93e7b917c809bbe71ae1b2d9(String), 100(Integer), 0(Integer), 2019-07-10 23:35:20.671(Timestamp), 2019-07-10 23:35:20.671(Timestamp), 0(Long)
[23:35:20:846] [DEBUG] - org.apache.ibatis.logging.jdbc.BaseJdbcLogger.debug(BaseJdbcLogger.java:143) - ==>  Preparing: SELECT id,userID,productID,amount,status,createDate,modifyDate,version FROM order WHERE userID = ? AND productID = ? 
[23:35:20:867] [DEBUG] - org.apache.ibatis.logging.jdbc.BaseJdbcLogger.debug(BaseJdbcLogger.java:143) - ==> Parameters: 077cc472b34c0214c05ac538888cfe13(String), 45b09cef93e7b917c809bbe71ae1b2d9(String)
[23:37:58:016] [INFO] - org.springframework.boot.StartupInfoLogger.logStarting(StartupInfoLogger.java:50) - Starting DemoApplication on Acron with PID 588 (D:\JavaDev\IdeaProjects\SpringBootDemo\target\classes started by Acron in D:\JavaDev\IdeaProjects\SpringBootDemo)
[23:37:58:023] [DEBUG] - org.springframework.boot.StartupInfoLogger.logStarting(StartupInfoLogger.java:53) - Running with Spring Boot v2.1.6.RELEASE, Spring v5.1.8.RELEASE
[23:37:58:023] [INFO] - org.springframework.boot.SpringApplication.logStartupProfileInfo(SpringApplication.java:650) - The following profiles are active: prod
[23:38:03:635] [INFO] - org.springframework.boot.StartupInfoLogger.logStarted(StartupInfoLogger.java:59) - Started DemoApplication in 5.988 seconds (JVM running for 7.229)
[23:38:13:025] [DEBUG] - org.apache.ibatis.logging.jdbc.BaseJdbcLogger.debug(BaseJdbcLogger.java:143) - ==>  Preparing: INSERT INTO order ( id, userID, productID, amount, orderStatus, createDate, modifyDate, version ) VALUES ( ?, ?, ?, ?, ?, ?, ?, ? ) 
[23:38:13:113] [DEBUG] - org.apache.ibatis.logging.jdbc.BaseJdbcLogger.debug(BaseJdbcLogger.java:143) - ==> Parameters: fe5ccd49b124fd1367f12e6cbbe5dd0a(String), 077cc472b34c0214c05ac538888cfe13(String), 45b09cef93e7b917c809bbe71ae1b2d9(String), 100(Integer), 0(Integer), 2019-07-10 23:38:13.018(Timestamp), 2019-07-10 23:38:13.018(Timestamp), 0(Long)
[23:38:13:202] [DEBUG] - org.apache.ibatis.logging.jdbc.BaseJdbcLogger.debug(BaseJdbcLogger.java:143) - ==>  Preparing: SELECT id,userID,productID,amount,orderStatus,createDate,modifyDate,version FROM order WHERE userID = ? AND productID = ? 
[23:38:13:227] [DEBUG] - org.apache.ibatis.logging.jdbc.BaseJdbcLogger.debug(BaseJdbcLogger.java:143) - ==> Parameters: 077cc472b34c0214c05ac538888cfe13(String), 45b09cef93e7b917c809bbe71ae1b2d9(String)
[23:39:38:598] [INFO] - org.springframework.boot.StartupInfoLogger.logStarting(StartupInfoLogger.java:50) - Starting DemoApplication on Acron with PID 588 (D:\JavaDev\IdeaProjects\SpringBootDemo\target\classes started by Acron in D:\JavaDev\IdeaProjects\SpringBootDemo)
[23:39:38:598] [DEBUG] - org.springframework.boot.StartupInfoLogger.logStarting(StartupInfoLogger.java:53) - Running with Spring Boot v2.1.6.RELEASE, Spring v5.1.8.RELEASE
[23:39:38:598] [INFO] - org.springframework.boot.SpringApplication.logStartupProfileInfo(SpringApplication.java:650) - The following profiles are active: prod
[23:39:40:625] [INFO] - org.springframework.boot.StartupInfoLogger.logStarted(StartupInfoLogger.java:59) - Started DemoApplication in 2.065 seconds (JVM running for 104.22)
[23:40:47:682] [INFO] - com.acron.demo.controller.UserController.createUser(UserController.java:59) - 新建用户:User(userName=string, password=string, sex=MALE, telephone=string, email=string@qq.com)
[23:40:47:701] [DEBUG] - org.apache.ibatis.logging.jdbc.BaseJdbcLogger.debug(BaseJdbcLogger.java:143) - ==>  Preparing: INSERT INTO user ( id, userName, password, sex, telephone, email, createDate, modifyDate, version ) VALUES ( ?, ?, ?, ?, ?, ?, ?, ?, ? ) 
[23:40:47:702] [DEBUG] - org.apache.ibatis.logging.jdbc.BaseJdbcLogger.debug(BaseJdbcLogger.java:143) - ==> Parameters: string(String), string(String), string(String), 1(Integer), string(String), string@qq.com(String), 2019-07-10 23:40:07.931(Timestamp), 2019-07-10 23:40:07.931(Timestamp), 0(Long)
[23:40:47:711] [DEBUG] - org.apache.ibatis.logging.jdbc.BaseJdbcLogger.debug(BaseJdbcLogger.java:143) - <==    Updates: 1
[23:44:37:112] [INFO] - org.springframework.boot.StartupInfoLogger.logStarting(StartupInfoLogger.java:50) - Starting DemoApplication on Acron with PID 6604 (D:\JavaDev\IdeaProjects\SpringBootDemo\target\classes started by Acron in D:\JavaDev\IdeaProjects\SpringBootDemo)
[23:44:37:120] [DEBUG] - org.springframework.boot.StartupInfoLogger.logStarting(StartupInfoLogger.java:53) - Running with Spring Boot v2.1.6.RELEASE, Spring v5.1.8.RELEASE
[23:44:37:121] [INFO] - org.springframework.boot.SpringApplication.logStartupProfileInfo(SpringApplication.java:650) - The following profiles are active: prod
[23:44:43:541] [INFO] - org.springframework.boot.StartupInfoLogger.logStarted(StartupInfoLogger.java:59) - Started DemoApplication in 6.936 seconds (JVM running for 8.484)
[23:45:00:569] [DEBUG] - org.apache.ibatis.logging.jdbc.BaseJdbcLogger.debug(BaseJdbcLogger.java:143) - ==>  Preparing: INSERT INTO t_order ( id, userID, productID, amount, status, createDate, modifyDate, version ) VALUES ( ?, ?, ?, ?, ?, ?, ?, ? ) 
[23:45:00:656] [DEBUG] - org.apache.ibatis.logging.jdbc.BaseJdbcLogger.debug(BaseJdbcLogger.java:143) - ==> Parameters: cf34c84a079198d3099b21f0d2322329(String), 077cc472b34c0214c05ac538888cfe13(String), 45b09cef93e7b917c809bbe71ae1b2d9(String), 100(Integer), 0(Integer), 2019-07-10 23:45:00.563(Timestamp), 2019-07-10 23:45:00.563(Timestamp), 0(Long)
[23:45:00:680] [DEBUG] - org.apache.ibatis.logging.jdbc.BaseJdbcLogger.debug(BaseJdbcLogger.java:143) - <==    Updates: 1
[23:45:00:706] [DEBUG] - org.apache.ibatis.logging.jdbc.BaseJdbcLogger.debug(BaseJdbcLogger.java:143) - ==>  Preparing: SELECT id,userID,productID,amount,status,createDate,modifyDate,version FROM t_order WHERE userID = ? AND productID = ? 
[23:45:00:728] [DEBUG] - org.apache.ibatis.logging.jdbc.BaseJdbcLogger.debug(BaseJdbcLogger.java:143) - ==> Parameters: 077cc472b34c0214c05ac538888cfe13(String), 45b09cef93e7b917c809bbe71ae1b2d9(String)
[23:45:00:749] [TRACE] - org.apache.ibatis.logging.jdbc.BaseJdbcLogger.trace(BaseJdbcLogger.java:149) - <==    Columns: id, userID, productID, amount, status, createDate, modifyDate, version
[23:45:00:750] [TRACE] - org.apache.ibatis.logging.jdbc.BaseJdbcLogger.trace(BaseJdbcLogger.java:149) - <==        Row: cf34c84a079198d3099b21f0d2322329, 077cc472b34c0214c05ac538888cfe13, 45b09cef93e7b917c809bbe71ae1b2d9, 100, 0, 2019-07-10 15:45:00.563000000, 2019-07-10 15:45:00.563000000, 0
[23:45:00:754] [DEBUG] - org.apache.ibatis.logging.jdbc.BaseJdbcLogger.debug(BaseJdbcLogger.java:143) - <==      Total: 1
[23:45:00:768] [INFO] - com.acron.demo.core.config.RabbitMQConfig$1.confirm(RabbitMQConfig.java:88) - 消息发送成功:correlationData(null),ack(true),cause(null)
[23:50:41:913] [DEBUG] - org.apache.ibatis.logging.jdbc.BaseJdbcLogger.debug(BaseJdbcLogger.java:143) - ==>  Preparing: INSERT INTO t_order ( id, userID, productID, amount, status, createDate, modifyDate, version ) VALUES ( ?, ?, ?, ?, ?, ?, ?, ? ) 
[23:50:41:915] [DEBUG] - org.apache.ibatis.logging.jdbc.BaseJdbcLogger.debug(BaseJdbcLogger.java:143) - ==> Parameters: 992f02cfc0d332daa7f1d964b33cdd40(String), 077cc472b34c0214c05ac538888cfe13(String), 45b09cef93e7b917c809bbe71ae1b2d9(String), 100(Integer), 0(Integer), 2019-07-10 23:50:41.902(Timestamp), 2019-07-10 23:50:41.902(Timestamp), 0(Long)
[23:50:41:927] [DEBUG] - org.apache.ibatis.logging.jdbc.BaseJdbcLogger.debug(BaseJdbcLogger.java:143) - <==    Updates: 1
[23:50:41:930] [DEBUG] - org.apache.ibatis.logging.jdbc.BaseJdbcLogger.debug(BaseJdbcLogger.java:143) - ==>  Preparing: SELECT id,userID,productID,amount,status,createDate,modifyDate,version FROM t_order WHERE userID = ? AND productID = ? 
[23:50:41:931] [DEBUG] - org.apache.ibatis.logging.jdbc.BaseJdbcLogger.debug(BaseJdbcLogger.java:143) - ==> Parameters: 077cc472b34c0214c05ac538888cfe13(String), 45b09cef93e7b917c809bbe71ae1b2d9(String)
[23:50:41:932] [TRACE] - org.apache.ibatis.logging.jdbc.BaseJdbcLogger.trace(BaseJdbcLogger.java:149) - <==    Columns: id, userID, productID, amount, status, createDate, modifyDate, version
[23:50:41:933] [TRACE] - org.apache.ibatis.logging.jdbc.BaseJdbcLogger.trace(BaseJdbcLogger.java:149) - <==        Row: 992f02cfc0d332daa7f1d964b33cdd40, 077cc472b34c0214c05ac538888cfe13, 45b09cef93e7b917c809bbe71ae1b2d9, 100, 0, 2019-07-10 15:50:41.902000000, 2019-07-10 15:50:41.902000000, 0
[23:50:41:934] [DEBUG] - org.apache.ibatis.logging.jdbc.BaseJdbcLogger.debug(BaseJdbcLogger.java:143) - <==      Total: 1
[23:50:41:938] [INFO] - com.acron.demo.core.config.RabbitMQConfig$1.confirm(RabbitMQConfig.java:88) - 消息发送成功:correlationData(null),ack(true),cause(null)
[23:53:40:748] [INFO] - org.springframework.boot.StartupInfoLogger.logStarting(StartupInfoLogger.java:50) - Starting DemoApplication on Acron with PID 15092 (D:\JavaDev\IdeaProjects\SpringBootDemo\target\classes started by Acron in D:\JavaDev\IdeaProjects\SpringBootDemo)
[23:53:40:756] [DEBUG] - org.springframework.boot.StartupInfoLogger.logStarting(StartupInfoLogger.java:53) - Running with Spring Boot v2.1.6.RELEASE, Spring v5.1.8.RELEASE
[23:53:40:757] [INFO] - org.springframework.boot.SpringApplication.logStartupProfileInfo(SpringApplication.java:650) - The following profiles are active: prod
[23:53:46:169] [INFO] - org.springframework.boot.StartupInfoLogger.logStarted(StartupInfoLogger.java:59) - Started DemoApplication in 6.021 seconds (JVM running for 7.284)
[23:54:10:259] [DEBUG] - org.apache.ibatis.logging.jdbc.BaseJdbcLogger.debug(BaseJdbcLogger.java:143) - ==>  Preparing: INSERT INTO t_order ( id, userID, productID, amount, status, createDate, modifyDate, version ) VALUES ( ?, ?, ?, ?, ?, ?, ?, ? ) 
[23:54:10:341] [DEBUG] - org.apache.ibatis.logging.jdbc.BaseJdbcLogger.debug(BaseJdbcLogger.java:143) - ==> Parameters: a2876dacc182d033b19cdb1fc604d328(String), 077cc472b34c0214c05ac538888cfe13(String), 45b09cef93e7b917c809bbe71ae1b2d9(String), 100(Integer), 0(Integer), 2019-07-10 23:54:10.253(Timestamp), 2019-07-10 23:54:10.253(Timestamp), 0(Long)
[23:54:10:357] [DEBUG] - org.apache.ibatis.logging.jdbc.BaseJdbcLogger.debug(BaseJdbcLogger.java:143) - <==    Updates: 1
[23:54:10:383] [DEBUG] - org.apache.ibatis.logging.jdbc.BaseJdbcLogger.debug(BaseJdbcLogger.java:143) - ==>  Preparing: SELECT id,userID,productID,amount,status,createDate,modifyDate,version FROM t_order WHERE userID = ? AND productID = ? 
[23:54:10:405] [DEBUG] - org.apache.ibatis.logging.jdbc.BaseJdbcLogger.debug(BaseJdbcLogger.java:143) - ==> Parameters: 077cc472b34c0214c05ac538888cfe13(String), 45b09cef93e7b917c809bbe71ae1b2d9(String)
[23:54:10:425] [TRACE] - org.apache.ibatis.logging.jdbc.BaseJdbcLogger.trace(BaseJdbcLogger.java:149) - <==    Columns: id, userID, productID, amount, status, createDate, modifyDate, version
[23:54:10:428] [TRACE] - org.apache.ibatis.logging.jdbc.BaseJdbcLogger.trace(BaseJdbcLogger.java:149) - <==        Row: a2876dacc182d033b19cdb1fc604d328, 077cc472b34c0214c05ac538888cfe13, 45b09cef93e7b917c809bbe71ae1b2d9, 100, 0, 2019-07-10 15:54:10.253000000, 2019-07-10 15:54:10.253000000, 0
[23:54:10:431] [DEBUG] - org.apache.ibatis.logging.jdbc.BaseJdbcLogger.debug(BaseJdbcLogger.java:143) - <==      Total: 1
[23:54:10:447] [INFO] - com.acron.demo.core.config.RabbitMQConfig$1.confirm(RabbitMQConfig.java:88) - 消息发送成功:correlationData(null),ack(true),cause(null)
[23:54:59:066] [INFO] - org.springframework.boot.StartupInfoLogger.logStarting(StartupInfoLogger.java:50) - Starting DemoApplication on Acron with PID 15092 (D:\JavaDev\IdeaProjects\SpringBootDemo\target\classes started by Acron in D:\JavaDev\IdeaProjects\SpringBootDemo)
[23:54:59:066] [DEBUG] - org.springframework.boot.StartupInfoLogger.logStarting(StartupInfoLogger.java:53) - Running with Spring Boot v2.1.6.RELEASE, Spring v5.1.8.RELEASE
[23:54:59:066] [INFO] - org.springframework.boot.SpringApplication.logStartupProfileInfo(SpringApplication.java:650) - The following profiles are active: prod
[23:55:01:024] [INFO] - org.springframework.boot.StartupInfoLogger.logStarted(StartupInfoLogger.java:59) - Started DemoApplication in 1.997 seconds (JVM running for 82.14)
[23:55:28:935] [INFO] - org.springframework.boot.StartupInfoLogger.logStarting(StartupInfoLogger.java:50) - Starting DemoApplication on Acron with PID 15092 (D:\JavaDev\IdeaProjects\SpringBootDemo\target\classes started by Acron in D:\JavaDev\IdeaProjects\SpringBootDemo)
[23:55:28:935] [DEBUG] - org.springframework.boot.StartupInfoLogger.logStarting(StartupInfoLogger.java:53) - Running with Spring Boot v2.1.6.RELEASE, Spring v5.1.8.RELEASE
[23:55:28:935] [INFO] - org.springframework.boot.SpringApplication.logStartupProfileInfo(SpringApplication.java:650) - The following profiles are active: prod
[23:55:30:820] [INFO] - org.springframework.boot.StartupInfoLogger.logStarted(StartupInfoLogger.java:59) - Started DemoApplication in 1.919 seconds (JVM running for 111.936)
[23:59:01:871] [INFO] - org.springframework.boot.StartupInfoLogger.logStarting(StartupInfoLogger.java:50) - Starting DemoApplication on Acron with PID 15092 (D:\JavaDev\IdeaProjects\SpringBootDemo\target\classes started by Acron in D:\JavaDev\IdeaProjects\SpringBootDemo)
[23:59:01:871] [DEBUG] - org.springframework.boot.StartupInfoLogger.logStarting(StartupInfoLogger.java:53) - Running with Spring Boot v2.1.6.RELEASE, Spring v5.1.8.RELEASE
[23:59:01:871] [INFO] - org.springframework.boot.SpringApplication.logStartupProfileInfo(SpringApplication.java:650) - The following profiles are active: prod
[23:59:03:731] [INFO] - org.springframework.boot.StartupInfoLogger.logStarted(StartupInfoLogger.java:59) - Started DemoApplication in 1.891 seconds (JVM running for 324.846)
[23:59:29:060] [DEBUG] - org.apache.ibatis.logging.jdbc.BaseJdbcLogger.debug(BaseJdbcLogger.java:143) - ==>  Preparing: INSERT INTO t_order ( id, userID, productID, amount, status, createDate, modifyDate, version ) VALUES ( ?, ?, ?, ?, ?, ?, ?, ? ) 
[23:59:29:062] [DEBUG] - org.apache.ibatis.logging.jdbc.BaseJdbcLogger.debug(BaseJdbcLogger.java:143) - ==> Parameters: 98f92d8c2a58c89e57fd7300e0580d77(String), 077cc472b34c0214c05ac538888cfe13(String), 45b09cef93e7b917c809bbe71ae1b2d9(String), 100(Integer), 0(Integer), 2019-07-10 23:59:29.06(Timestamp), 2019-07-10 23:59:29.06(Timestamp), 0(Long)
[23:59:29:076] [DEBUG] - org.apache.ibatis.logging.jdbc.BaseJdbcLogger.debug(BaseJdbcLogger.java:143) - <==    Updates: 1
[23:59:29:079] [DEBUG] - org.apache.ibatis.logging.jdbc.BaseJdbcLogger.debug(BaseJdbcLogger.java:143) - ==>  Preparing: SELECT id,userID,productID,amount,status,createDate,modifyDate,version FROM t_order WHERE userID = ? AND productID = ? 
[23:59:29:081] [DEBUG] - org.apache.ibatis.logging.jdbc.BaseJdbcLogger.debug(BaseJdbcLogger.java:143) - ==> Parameters: 077cc472b34c0214c05ac538888cfe13(String), 45b09cef93e7b917c809bbe71ae1b2d9(String)
[23:59:29:083] [TRACE] - org.apache.ibatis.logging.jdbc.BaseJdbcLogger.trace(BaseJdbcLogger.java:149) - <==    Columns: id, userID, productID, amount, status, createDate, modifyDate, version
[23:59:29:084] [TRACE] - org.apache.ibatis.logging.jdbc.BaseJdbcLogger.trace(BaseJdbcLogger.java:149) - <==        Row: 98f92d8c2a58c89e57fd7300e0580d77, 077cc472b34c0214c05ac538888cfe13, 45b09cef93e7b917c809bbe71ae1b2d9, 100, 0, 2019-07-10 15:59:29.060000000, 2019-07-10 15:59:29.060000000, 0
[23:59:29:084] [DEBUG] - org.apache.ibatis.logging.jdbc.BaseJdbcLogger.debug(BaseJdbcLogger.java:143) - <==      Total: 1
[23:59:29:090] [INFO] - com.acron.demo.core.config.RabbitMQConfig$1.confirm(RabbitMQConfig.java:88) - 消息发送成功:correlationData(null),ack(true),cause(null)
