[21:03:32:628] [INFO] - org.springframework.boot.StartupInfoLogger.logStarting(StartupInfoLogger.java:50) - Starting DemoApplication on Acron with PID 6404 (D:\JavaDev\IdeaProjects\SpringBootDemo\target\classes started by Acron in D:\JavaDev\IdeaProjects\SpringBootDemo)
[21:03:32:641] [DEBUG] - org.springframework.boot.StartupInfoLogger.logStarting(StartupInfoLogger.java:53) - Running with Spring Boot v2.1.6.RELEASE, Spring v5.1.8.RELEASE
[21:03:32:641] [INFO] - org.springframework.boot.SpringApplication.logStartupProfileInfo(SpringApplication.java:650) - The following profiles are active: prod
[21:03:38:518] [INFO] - org.springframework.boot.StartupInfoLogger.logStarted(StartupInfoLogger.java:59) - Started DemoApplication in 6.241 seconds (JVM running for 9.492)
[22:31:23:849] [INFO] - org.springframework.boot.StartupInfoLogger.logStarting(StartupInfoLogger.java:50) - Starting DemoApplication on Acron with PID 6404 (D:\JavaDev\IdeaProjects\SpringBootDemo\target\classes started by Acron in D:\JavaDev\IdeaProjects\SpringBootDemo)
[22:31:23:849] [DEBUG] - org.springframework.boot.StartupInfoLogger.logStarting(StartupInfoLogger.java:53) - Running with Spring Boot v2.1.6.RELEASE, Spring v5.1.8.RELEASE
[22:31:23:849] [INFO] - org.springframework.boot.SpringApplication.logStartupProfileInfo(SpringApplication.java:650) - The following profiles are active: prod
[22:31:26:624] [INFO] - org.springframework.boot.StartupInfoLogger.logStarted(StartupInfoLogger.java:59) - Started DemoApplication in 2.816 seconds (JVM running for 5277.604)
[22:33:57:612] [INFO] - org.springframework.boot.StartupInfoLogger.logStarting(StartupInfoLogger.java:50) - Starting DemoApplication on Acron with PID 6404 (D:\JavaDev\IdeaProjects\SpringBootDemo\target\classes started by Acron in D:\JavaDev\IdeaProjects\SpringBootDemo)
[22:33:57:613] [DEBUG] - org.springframework.boot.StartupInfoLogger.logStarting(StartupInfoLogger.java:53) - Running with Spring Boot v2.1.6.RELEASE, Spring v5.1.8.RELEASE
[22:33:57:613] [INFO] - org.springframework.boot.SpringApplication.logStartupProfileInfo(SpringApplication.java:650) - The following profiles are active: prod
[22:33:59:308] [INFO] - org.springframework.boot.StartupInfoLogger.logStarted(StartupInfoLogger.java:59) - Started DemoApplication in 1.728 seconds (JVM running for 5430.287)
[22:34:24:213] [INFO] - org.springframework.boot.StartupInfoLogger.logStarting(StartupInfoLogger.java:50) - Starting DemoApplication on Acron with PID 6404 (D:\JavaDev\IdeaProjects\SpringBootDemo\target\classes started by Acron in D:\JavaDev\IdeaProjects\SpringBootDemo)
[22:34:24:213] [DEBUG] - org.springframework.boot.StartupInfoLogger.logStarting(StartupInfoLogger.java:53) - Running with Spring Boot v2.1.6.RELEASE, Spring v5.1.8.RELEASE
[22:34:24:213] [INFO] - org.springframework.boot.SpringApplication.logStartupProfileInfo(SpringApplication.java:650) - The following profiles are active: prod
[22:34:25:865] [INFO] - org.springframework.boot.StartupInfoLogger.logStarted(StartupInfoLogger.java:59) - Started DemoApplication in 1.68 seconds (JVM running for 5456.845)
[22:35:17:760] [INFO] - org.springframework.boot.StartupInfoLogger.logStarting(StartupInfoLogger.java:50) - Starting DemoApplication on Acron with PID 6404 (D:\JavaDev\IdeaProjects\SpringBootDemo\target\classes started by Acron in D:\JavaDev\IdeaProjects\SpringBootDemo)
[22:35:17:761] [DEBUG] - org.springframework.boot.StartupInfoLogger.logStarting(StartupInfoLogger.java:53) - Running with Spring Boot v2.1.6.RELEASE, Spring v5.1.8.RELEASE
[22:35:17:761] [INFO] - org.springframework.boot.SpringApplication.logStartupProfileInfo(SpringApplication.java:650) - The following profiles are active: prod
[22:35:19:461] [INFO] - org.springframework.boot.StartupInfoLogger.logStarted(StartupInfoLogger.java:59) - Started DemoApplication in 1.731 seconds (JVM running for 5510.441)
[22:36:13:481] [INFO] - org.springframework.boot.StartupInfoLogger.logStarting(StartupInfoLogger.java:50) - Starting DemoApplication on Acron with PID 14708 (D:\JavaDev\IdeaProjects\SpringBootDemo\target\classes started by Acron in D:\JavaDev\IdeaProjects\SpringBootDemo)
[22:36:13:487] [DEBUG] - org.springframework.boot.StartupInfoLogger.logStarting(StartupInfoLogger.java:53) - Running with Spring Boot v2.1.6.RELEASE, Spring v5.1.8.RELEASE
[22:36:13:487] [INFO] - org.springframework.boot.SpringApplication.logStartupProfileInfo(SpringApplication.java:650) - The following profiles are active: prod
[22:36:18:662] [INFO] - org.springframework.boot.StartupInfoLogger.logStarted(StartupInfoLogger.java:59) - Started DemoApplication in 5.49 seconds (JVM running for 6.597)
[22:37:22:146] [DEBUG] - org.apache.ibatis.logging.jdbc.BaseJdbcLogger.debug(BaseJdbcLogger.java:143) - ==>  Preparing: INSERT INTO t_order ( id, userID, productID, amount, status, createDate, modifyDate, version ) VALUES ( ?, ?, ?, ?, ?, ?, ?, ? ) 
[22:37:22:234] [DEBUG] - org.apache.ibatis.logging.jdbc.BaseJdbcLogger.debug(BaseJdbcLogger.java:143) - ==> Parameters: ca44512c3edf8aefe63cc7378e22eaec(String), 077cc472b34c0214c05ac538888cfe13(String), 45b09cef93e7b917c809bbe71ae1b2d9(String), 100(Integer), 0(Integer), 2019-07-12 22:37:22.136(Timestamp), 2019-07-12 22:37:22.136(Timestamp), 0(Long)
[22:37:22:240] [DEBUG] - org.apache.ibatis.logging.jdbc.BaseJdbcLogger.debug(BaseJdbcLogger.java:143) - <==    Updates: 1
[22:37:22:262] [DEBUG] - org.apache.ibatis.logging.jdbc.BaseJdbcLogger.debug(BaseJdbcLogger.java:143) - ==>  Preparing: SELECT id,userID,productID,amount,status,createDate,modifyDate,version FROM t_order WHERE userID = ? AND productID = ? 
[22:37:22:283] [DEBUG] - org.apache.ibatis.logging.jdbc.BaseJdbcLogger.debug(BaseJdbcLogger.java:143) - ==> Parameters: 077cc472b34c0214c05ac538888cfe13(String), 45b09cef93e7b917c809bbe71ae1b2d9(String)
[22:37:22:301] [TRACE] - org.apache.ibatis.logging.jdbc.BaseJdbcLogger.trace(BaseJdbcLogger.java:149) - <==    Columns: id, userID, productID, amount, status, createDate, modifyDate, version
[22:37:22:302] [TRACE] - org.apache.ibatis.logging.jdbc.BaseJdbcLogger.trace(BaseJdbcLogger.java:149) - <==        Row: ca44512c3edf8aefe63cc7378e22eaec, 077cc472b34c0214c05ac538888cfe13, 45b09cef93e7b917c809bbe71ae1b2d9, 100, 0, 2019-07-12 14:37:22.136000000, 2019-07-12 14:37:22.136000000, 0
[22:37:22:305] [DEBUG] - org.apache.ibatis.logging.jdbc.BaseJdbcLogger.debug(BaseJdbcLogger.java:143) - <==      Total: 1
[22:37:22:314] [INFO] - com.acron.demo.core.config.RabbitMQConfig$1.confirm(RabbitMQConfig.java:88) - 消息发送成功:correlationData(null),ack(true),cause(null)
[22:37:32:323] [INFO] - com.acron.demo.rabbitMQ.OrderDeadListener.consumeMessage(OrderDeadListener.java:33) - 死信队列-用户下单超时未支付监听：ca44512c3edf8aefe63cc7378e22eaec
[22:37:32:324] [DEBUG] - org.apache.ibatis.logging.jdbc.BaseJdbcLogger.debug(BaseJdbcLogger.java:143) - ==>  Preparing: SELECT id,userID,productID,amount,status,createDate,modifyDate,version FROM t_order WHERE id=? 
[22:37:32:325] [DEBUG] - org.apache.ibatis.logging.jdbc.BaseJdbcLogger.debug(BaseJdbcLogger.java:143) - ==> Parameters: ca44512c3edf8aefe63cc7378e22eaec(String)
[22:37:32:327] [TRACE] - org.apache.ibatis.logging.jdbc.BaseJdbcLogger.trace(BaseJdbcLogger.java:149) - <==    Columns: id, userID, productID, amount, status, createDate, modifyDate, version
[22:37:32:327] [TRACE] - org.apache.ibatis.logging.jdbc.BaseJdbcLogger.trace(BaseJdbcLogger.java:149) - <==        Row: ca44512c3edf8aefe63cc7378e22eaec, 077cc472b34c0214c05ac538888cfe13, 45b09cef93e7b917c809bbe71ae1b2d9, 100, 0, 2019-07-12 14:37:22.136000000, 2019-07-12 14:37:22.136000000, 0
[22:37:32:328] [DEBUG] - org.apache.ibatis.logging.jdbc.BaseJdbcLogger.debug(BaseJdbcLogger.java:143) - <==      Total: 1
[22:37:32:332] [DEBUG] - org.apache.ibatis.logging.jdbc.BaseJdbcLogger.debug(BaseJdbcLogger.java:143) - ==>  Preparing: UPDATE t_order SET userID=?, productID=?, amount=?, status=?, createDate=?, modifyDate=NOW(), version=version+1 WHERE id=? AND version=? 
[22:37:32:349] [DEBUG] - org.apache.ibatis.logging.jdbc.BaseJdbcLogger.debug(BaseJdbcLogger.java:143) - ==> Parameters: 077cc472b34c0214c05ac538888cfe13(String), 45b09cef93e7b917c809bbe71ae1b2d9(String), 100(Integer), 2(Integer), 2019-07-12 22:37:22.136(Timestamp), ca44512c3edf8aefe63cc7378e22eaec(String), 0(Long)
[22:37:32:355] [DEBUG] - org.apache.ibatis.logging.jdbc.BaseJdbcLogger.debug(BaseJdbcLogger.java:143) - <==    Updates: 1
[22:38:40:764] [INFO] - org.springframework.boot.StartupInfoLogger.logStarting(StartupInfoLogger.java:50) - Starting DemoApplication on Acron with PID 14708 (D:\JavaDev\IdeaProjects\SpringBootDemo\target\classes started by Acron in D:\JavaDev\IdeaProjects\SpringBootDemo)
[22:38:40:765] [DEBUG] - org.springframework.boot.StartupInfoLogger.logStarting(StartupInfoLogger.java:53) - Running with Spring Boot v2.1.6.RELEASE, Spring v5.1.8.RELEASE
[22:38:40:765] [INFO] - org.springframework.boot.SpringApplication.logStartupProfileInfo(SpringApplication.java:650) - The following profiles are active: prod
[22:38:43:037] [INFO] - org.springframework.boot.StartupInfoLogger.logStarted(StartupInfoLogger.java:59) - Started DemoApplication in 2.326 seconds (JVM running for 150.972)
[22:39:14:612] [INFO] - org.springframework.boot.StartupInfoLogger.logStarting(StartupInfoLogger.java:50) - Starting DemoApplication on Acron with PID 15240 (D:\JavaDev\IdeaProjects\SpringBootDemo\target\classes started by Acron in D:\JavaDev\IdeaProjects\SpringBootDemo)
[22:39:14:618] [DEBUG] - org.springframework.boot.StartupInfoLogger.logStarting(StartupInfoLogger.java:53) - Running with Spring Boot v2.1.6.RELEASE, Spring v5.1.8.RELEASE
[22:39:14:618] [INFO] - org.springframework.boot.SpringApplication.logStartupProfileInfo(SpringApplication.java:650) - The following profiles are active: prod
[22:39:20:937] [INFO] - org.springframework.boot.StartupInfoLogger.logStarted(StartupInfoLogger.java:59) - Started DemoApplication in 6.707 seconds (JVM running for 8.553)
[22:39:29:973] [DEBUG] - org.apache.ibatis.logging.jdbc.BaseJdbcLogger.debug(BaseJdbcLogger.java:143) - ==>  Preparing: INSERT INTO t_order ( id, userID, productID, amount, status, createDate, modifyDate, version ) VALUES ( ?, ?, ?, ?, ?, ?, ?, ? ) 
[22:39:30:058] [DEBUG] - org.apache.ibatis.logging.jdbc.BaseJdbcLogger.debug(BaseJdbcLogger.java:143) - ==> Parameters: 564206d89f135cdfab01aede521710c5(String), 077cc472b34c0214c05ac538888cfe13(String), 45b09cef93e7b917c809bbe71ae1b2d9(String), 100(Integer), 0(Integer), 2019-07-12 22:39:29.967(Timestamp), 2019-07-12 22:39:29.967(Timestamp), 0(Long)
[22:39:30:065] [DEBUG] - org.apache.ibatis.logging.jdbc.BaseJdbcLogger.debug(BaseJdbcLogger.java:143) - <==    Updates: 1
[22:39:30:094] [DEBUG] - org.apache.ibatis.logging.jdbc.BaseJdbcLogger.debug(BaseJdbcLogger.java:143) - ==>  Preparing: SELECT id,userID,productID,amount,status,createDate,modifyDate,version FROM t_order WHERE userID = ? AND productID = ? 
[22:39:30:120] [DEBUG] - org.apache.ibatis.logging.jdbc.BaseJdbcLogger.debug(BaseJdbcLogger.java:143) - ==> Parameters: 077cc472b34c0214c05ac538888cfe13(String), 45b09cef93e7b917c809bbe71ae1b2d9(String)
[22:39:30:142] [TRACE] - org.apache.ibatis.logging.jdbc.BaseJdbcLogger.trace(BaseJdbcLogger.java:149) - <==    Columns: id, userID, productID, amount, status, createDate, modifyDate, version
[22:39:30:145] [TRACE] - org.apache.ibatis.logging.jdbc.BaseJdbcLogger.trace(BaseJdbcLogger.java:149) - <==        Row: 564206d89f135cdfab01aede521710c5, 077cc472b34c0214c05ac538888cfe13, 45b09cef93e7b917c809bbe71ae1b2d9, 100, 0, 2019-07-12 14:39:29.967000000, 2019-07-12 14:39:29.967000000, 0
[22:39:30:149] [TRACE] - org.apache.ibatis.logging.jdbc.BaseJdbcLogger.trace(BaseJdbcLogger.java:149) - <==        Row: ca44512c3edf8aefe63cc7378e22eaec, 077cc472b34c0214c05ac538888cfe13, 45b09cef93e7b917c809bbe71ae1b2d9, 100, 2, 2019-07-12 14:37:22.136000000, 2019-07-12 22:37:32, 1
[22:39:30:150] [DEBUG] - org.apache.ibatis.logging.jdbc.BaseJdbcLogger.debug(BaseJdbcLogger.java:143) - <==      Total: 2
[22:40:03:213] [DEBUG] - org.apache.ibatis.logging.jdbc.BaseJdbcLogger.debug(BaseJdbcLogger.java:143) - ==>  Preparing: INSERT INTO t_order ( id, userID, productID, amount, status, createDate, modifyDate, version ) VALUES ( ?, ?, ?, ?, ?, ?, ?, ? ) 
[22:40:03:215] [DEBUG] - org.apache.ibatis.logging.jdbc.BaseJdbcLogger.debug(BaseJdbcLogger.java:143) - ==> Parameters: 072eb51e4c654ffb3cbf247c0772fc13(String), 077cc472b34c0214c05ac538888cfe13(String), 45b09cef93e7b917c809bbe71ae1b2d9(String), 100(Integer), 0(Integer), 2019-07-12 22:40:03.213(Timestamp), 2019-07-12 22:40:03.213(Timestamp), 0(Long)
[22:40:03:228] [DEBUG] - org.apache.ibatis.logging.jdbc.BaseJdbcLogger.debug(BaseJdbcLogger.java:143) - <==    Updates: 1
[22:40:03:231] [DEBUG] - org.apache.ibatis.logging.jdbc.BaseJdbcLogger.debug(BaseJdbcLogger.java:143) - ==>  Preparing: SELECT id,userID,productID,amount,status,createDate,modifyDate,version FROM t_order WHERE userID = ? AND productID = ? 
[22:40:03:232] [DEBUG] - org.apache.ibatis.logging.jdbc.BaseJdbcLogger.debug(BaseJdbcLogger.java:143) - ==> Parameters: 077cc472b34c0214c05ac538888cfe13(String), 45b09cef93e7b917c809bbe71ae1b2d9(String)
[22:40:03:234] [TRACE] - org.apache.ibatis.logging.jdbc.BaseJdbcLogger.trace(BaseJdbcLogger.java:149) - <==    Columns: id, userID, productID, amount, status, createDate, modifyDate, version
[22:40:03:234] [TRACE] - org.apache.ibatis.logging.jdbc.BaseJdbcLogger.trace(BaseJdbcLogger.java:149) - <==        Row: 072eb51e4c654ffb3cbf247c0772fc13, 077cc472b34c0214c05ac538888cfe13, 45b09cef93e7b917c809bbe71ae1b2d9, 100, 0, 2019-07-12 14:40:03.213000000, 2019-07-12 14:40:03.213000000, 0
[22:40:03:235] [DEBUG] - org.apache.ibatis.logging.jdbc.BaseJdbcLogger.debug(BaseJdbcLogger.java:143) - <==      Total: 1
[22:40:03:250] [INFO] - com.acron.demo.core.config.RabbitMQConfig$1.confirm(RabbitMQConfig.java:88) - 消息发送成功:correlationData(null),ack(true),cause(null)
[22:46:17:998] [INFO] - org.springframework.boot.StartupInfoLogger.logStarting(StartupInfoLogger.java:50) - Starting DemoApplication on Acron with PID 15240 (D:\JavaDev\IdeaProjects\SpringBootDemo\target\classes started by Acron in D:\JavaDev\IdeaProjects\SpringBootDemo)
[22:46:17:998] [DEBUG] - org.springframework.boot.StartupInfoLogger.logStarting(StartupInfoLogger.java:53) - Running with Spring Boot v2.1.6.RELEASE, Spring v5.1.8.RELEASE
[22:46:17:998] [INFO] - org.springframework.boot.SpringApplication.logStartupProfileInfo(SpringApplication.java:650) - The following profiles are active: prod
[22:46:19:927] [INFO] - org.springframework.boot.StartupInfoLogger.logStarted(StartupInfoLogger.java:59) - Started DemoApplication in 1.966 seconds (JVM running for 427.543)
[22:53:18:042] [INFO] - org.springframework.boot.StartupInfoLogger.logStarting(StartupInfoLogger.java:50) - Starting DemoApplication on Acron with PID 15240 (D:\JavaDev\IdeaProjects\SpringBootDemo\target\classes started by Acron in D:\JavaDev\IdeaProjects\SpringBootDemo)
[22:53:18:042] [DEBUG] - org.springframework.boot.StartupInfoLogger.logStarting(StartupInfoLogger.java:53) - Running with Spring Boot v2.1.6.RELEASE, Spring v5.1.8.RELEASE
[22:53:18:042] [INFO] - org.springframework.boot.SpringApplication.logStartupProfileInfo(SpringApplication.java:650) - The following profiles are active: prod
[22:53:19:916] [INFO] - org.springframework.boot.StartupInfoLogger.logStarted(StartupInfoLogger.java:59) - Started DemoApplication in 1.909 seconds (JVM running for 847.532)
[22:53:34:760] [INFO] - org.springframework.boot.StartupInfoLogger.logStarting(StartupInfoLogger.java:50) - Starting DemoApplication on Acron with PID 8288 (D:\JavaDev\IdeaProjects\SpringBootDemo\target\classes started by Acron in D:\JavaDev\IdeaProjects\SpringBootDemo)
[22:53:34:765] [DEBUG] - org.springframework.boot.StartupInfoLogger.logStarting(StartupInfoLogger.java:53) - Running with Spring Boot v2.1.6.RELEASE, Spring v5.1.8.RELEASE
[22:53:34:765] [INFO] - org.springframework.boot.SpringApplication.logStartupProfileInfo(SpringApplication.java:650) - The following profiles are active: prod
[22:53:40:339] [INFO] - org.springframework.boot.StartupInfoLogger.logStarted(StartupInfoLogger.java:59) - Started DemoApplication in 6.042 seconds (JVM running for 7.081)
[22:54:19:227] [INFO] - org.springframework.boot.StartupInfoLogger.logStarting(StartupInfoLogger.java:50) - Starting DemoApplication on Acron with PID 8288 (D:\JavaDev\IdeaProjects\SpringBootDemo\target\classes started by Acron in D:\JavaDev\IdeaProjects\SpringBootDemo)
[22:54:19:228] [DEBUG] - org.springframework.boot.StartupInfoLogger.logStarting(StartupInfoLogger.java:53) - Running with Spring Boot v2.1.6.RELEASE, Spring v5.1.8.RELEASE
[22:54:19:228] [INFO] - org.springframework.boot.SpringApplication.logStartupProfileInfo(SpringApplication.java:650) - The following profiles are active: prod
[22:54:21:239] [INFO] - org.springframework.boot.StartupInfoLogger.logStarted(StartupInfoLogger.java:59) - Started DemoApplication in 2.055 seconds (JVM running for 47.981)
[22:57:10:423] [INFO] - org.springframework.boot.StartupInfoLogger.logStarting(StartupInfoLogger.java:50) - Starting DemoApplication on Acron with PID 17132 (D:\JavaDev\IdeaProjects\SpringBootDemo\target\classes started by Acron in D:\JavaDev\IdeaProjects\SpringBootDemo)
[22:57:10:428] [DEBUG] - org.springframework.boot.StartupInfoLogger.logStarting(StartupInfoLogger.java:53) - Running with Spring Boot v2.1.6.RELEASE, Spring v5.1.8.RELEASE
[22:57:10:429] [INFO] - org.springframework.boot.SpringApplication.logStartupProfileInfo(SpringApplication.java:650) - The following profiles are active: prod
[22:57:16:365] [INFO] - org.springframework.boot.StartupInfoLogger.logStarted(StartupInfoLogger.java:59) - Started DemoApplication in 6.289 seconds (JVM running for 7.405)
[22:58:29:485] [DEBUG] - org.apache.ibatis.logging.jdbc.BaseJdbcLogger.debug(BaseJdbcLogger.java:143) - ==>  Preparing: INSERT INTO user ( id, userName, password, sex, telephone, email, createDate, modifyDate, version ) VALUES ( ?, ?, ?, ?, ?, ?, ?, ?, ? ) 
[22:58:29:574] [DEBUG] - org.apache.ibatis.logging.jdbc.BaseJdbcLogger.debug(BaseJdbcLogger.java:143) - ==> Parameters: d3a2ec2f9487ddf2cf2a0917d7f95aef(String), string(String), string(String), 1(Integer), string(String), string@qq.com(String), 2019-07-12 22:58:29.474(Timestamp), 2019-07-12 22:58:29.474(Timestamp), 0(Long)
[22:58:29:589] [DEBUG] - org.apache.ibatis.logging.jdbc.BaseJdbcLogger.debug(BaseJdbcLogger.java:143) - <==    Updates: 1
[22:58:29:590] [INFO] - com.acron.demo.core.base.controller.BaseController.save(BaseController.java:43) - 创建实体成功：User(userName=string, password=string, sex=MALE, telephone=string, email=string@qq.com)
[23:00:05:181] [DEBUG] - org.apache.ibatis.logging.jdbc.BaseJdbcLogger.debug(BaseJdbcLogger.java:143) - ==>  Preparing: INSERT INTO product ( id, productName, amount, createDate, modifyDate, version ) VALUES ( ?, ?, ?, ?, ?, ? ) 
[23:00:05:183] [DEBUG] - org.apache.ibatis.logging.jdbc.BaseJdbcLogger.debug(BaseJdbcLogger.java:143) - ==> Parameters: 55bb21a0d7a1f3f9f1ad1f4b05e902d6(String), product1(String), 100(Integer), 2019-07-12 23:00:05.178(Timestamp), 2019-07-12 23:00:05.178(Timestamp), 0(Long)
[23:00:05:197] [DEBUG] - org.apache.ibatis.logging.jdbc.BaseJdbcLogger.debug(BaseJdbcLogger.java:143) - <==    Updates: 1
[23:00:05:197] [INFO] - com.acron.demo.core.base.controller.BaseController.save(BaseController.java:43) - 创建实体成功：Product(productName=product1, amount=100)
[23:00:29:316] [DEBUG] - org.apache.ibatis.logging.jdbc.BaseJdbcLogger.debug(BaseJdbcLogger.java:143) - ==>  Preparing: INSERT INTO product ( id, productName, amount, createDate, modifyDate, version ) VALUES ( ?, ?, ?, ?, ?, ? ) 
[23:00:29:317] [DEBUG] - org.apache.ibatis.logging.jdbc.BaseJdbcLogger.debug(BaseJdbcLogger.java:143) - ==> Parameters: fd3d41f586ebec455b9f26f053610cb9(String), product2(String), 100(Integer), 2019-07-12 23:00:29.316(Timestamp), 2019-07-12 23:00:29.316(Timestamp), 0(Long)
[23:00:29:331] [DEBUG] - org.apache.ibatis.logging.jdbc.BaseJdbcLogger.debug(BaseJdbcLogger.java:143) - <==    Updates: 1
[23:00:29:332] [INFO] - com.acron.demo.core.base.controller.BaseController.save(BaseController.java:43) - 创建实体成功：Product(productName=product2, amount=100)
[23:00:34:491] [DEBUG] - org.apache.ibatis.logging.jdbc.BaseJdbcLogger.debug(BaseJdbcLogger.java:143) - ==>  Preparing: INSERT INTO product ( id, productName, amount, createDate, modifyDate, version ) VALUES ( ?, ?, ?, ?, ?, ? ) 
[23:00:34:493] [DEBUG] - org.apache.ibatis.logging.jdbc.BaseJdbcLogger.debug(BaseJdbcLogger.java:143) - ==> Parameters: 89ab9f2ea92b833f4fde04a92597a5f5(String), product3(String), 100(Integer), 2019-07-12 23:00:34.491(Timestamp), 2019-07-12 23:00:34.491(Timestamp), 0(Long)
[23:00:34:496] [DEBUG] - org.apache.ibatis.logging.jdbc.BaseJdbcLogger.debug(BaseJdbcLogger.java:143) - <==    Updates: 1
[23:00:34:497] [INFO] - com.acron.demo.core.base.controller.BaseController.save(BaseController.java:43) - 创建实体成功：Product(productName=product3, amount=100)
[23:01:28:007] [DEBUG] - org.apache.ibatis.logging.jdbc.BaseJdbcLogger.debug(BaseJdbcLogger.java:143) - ==>  Preparing: INSERT INTO t_order ( id, userID, productID, amount, status, createDate, modifyDate, version ) VALUES ( ?, ?, ?, ?, ?, ?, ?, ? ) 
[23:01:28:008] [DEBUG] - org.apache.ibatis.logging.jdbc.BaseJdbcLogger.debug(BaseJdbcLogger.java:143) - ==> Parameters: eb4c6f053fbdf9577834535aa8f5dfb6(String), 077cc472b34c0214c05ac538888cfe13(String), 55bb21a0d7a1f3f9f1ad1f4b05e902d6(String), 100(Integer), 0(Integer), 2019-07-12 23:01:28.007(Timestamp), 2019-07-12 23:01:28.007(Timestamp), 0(Long)
[23:01:28:013] [DEBUG] - org.apache.ibatis.logging.jdbc.BaseJdbcLogger.debug(BaseJdbcLogger.java:143) - <==    Updates: 1
[23:01:28:039] [DEBUG] - org.apache.ibatis.logging.jdbc.BaseJdbcLogger.debug(BaseJdbcLogger.java:143) - ==>  Preparing: SELECT id,userID,productID,amount,status,createDate,modifyDate,version FROM t_order WHERE userID = ? AND productID = ? 
[23:01:28:067] [DEBUG] - org.apache.ibatis.logging.jdbc.BaseJdbcLogger.debug(BaseJdbcLogger.java:143) - ==> Parameters: 077cc472b34c0214c05ac538888cfe13(String), 55bb21a0d7a1f3f9f1ad1f4b05e902d6(String)
[23:01:28:086] [TRACE] - org.apache.ibatis.logging.jdbc.BaseJdbcLogger.trace(BaseJdbcLogger.java:149) - <==    Columns: id, userID, productID, amount, status, createDate, modifyDate, version
[23:01:28:088] [TRACE] - org.apache.ibatis.logging.jdbc.BaseJdbcLogger.trace(BaseJdbcLogger.java:149) - <==        Row: eb4c6f053fbdf9577834535aa8f5dfb6, 077cc472b34c0214c05ac538888cfe13, 55bb21a0d7a1f3f9f1ad1f4b05e902d6, 100, 0, 2019-07-12 15:01:28.007000000, 2019-07-12 15:01:28.007000000, 0
[23:01:28:091] [DEBUG] - org.apache.ibatis.logging.jdbc.BaseJdbcLogger.debug(BaseJdbcLogger.java:143) - <==      Total: 1
[23:01:28:103] [INFO] - com.acron.demo.core.config.RabbitMQConfig$1.confirm(RabbitMQConfig.java:88) - 消息发送成功:correlationData(null),ack(true),cause(null)
[23:01:34:515] [DEBUG] - org.apache.ibatis.logging.jdbc.BaseJdbcLogger.debug(BaseJdbcLogger.java:143) - ==>  Preparing: INSERT INTO t_order ( id, userID, productID, amount, status, createDate, modifyDate, version ) VALUES ( ?, ?, ?, ?, ?, ?, ?, ? ) 
[23:01:34:517] [DEBUG] - org.apache.ibatis.logging.jdbc.BaseJdbcLogger.debug(BaseJdbcLogger.java:143) - ==> Parameters: de7ff3e50954e2ed86fc3c9a4f15deaf(String), 077cc472b34c0214c05ac538888cfe13(String), 89ab9f2ea92b833f4fde04a92597a5f5(String), 100(Integer), 0(Integer), 2019-07-12 23:01:34.515(Timestamp), 2019-07-12 23:01:34.515(Timestamp), 0(Long)
[23:01:34:530] [DEBUG] - org.apache.ibatis.logging.jdbc.BaseJdbcLogger.debug(BaseJdbcLogger.java:143) - <==    Updates: 1
[23:01:34:533] [DEBUG] - org.apache.ibatis.logging.jdbc.BaseJdbcLogger.debug(BaseJdbcLogger.java:143) - ==>  Preparing: SELECT id,userID,productID,amount,status,createDate,modifyDate,version FROM t_order WHERE userID = ? AND productID = ? 
[23:01:34:534] [DEBUG] - org.apache.ibatis.logging.jdbc.BaseJdbcLogger.debug(BaseJdbcLogger.java:143) - ==> Parameters: 077cc472b34c0214c05ac538888cfe13(String), 89ab9f2ea92b833f4fde04a92597a5f5(String)
[23:01:34:536] [TRACE] - org.apache.ibatis.logging.jdbc.BaseJdbcLogger.trace(BaseJdbcLogger.java:149) - <==    Columns: id, userID, productID, amount, status, createDate, modifyDate, version
[23:01:34:536] [TRACE] - org.apache.ibatis.logging.jdbc.BaseJdbcLogger.trace(BaseJdbcLogger.java:149) - <==        Row: de7ff3e50954e2ed86fc3c9a4f15deaf, 077cc472b34c0214c05ac538888cfe13, 89ab9f2ea92b833f4fde04a92597a5f5, 100, 0, 2019-07-12 15:01:34.515000000, 2019-07-12 15:01:34.515000000, 0
[23:01:34:537] [DEBUG] - org.apache.ibatis.logging.jdbc.BaseJdbcLogger.debug(BaseJdbcLogger.java:143) - <==      Total: 1
[23:01:34:539] [INFO] - com.acron.demo.core.config.RabbitMQConfig$1.confirm(RabbitMQConfig.java:88) - 消息发送成功:correlationData(null),ack(true),cause(null)
[23:01:39:106] [DEBUG] - org.apache.ibatis.logging.jdbc.BaseJdbcLogger.debug(BaseJdbcLogger.java:143) - ==>  Preparing: INSERT INTO t_order ( id, userID, productID, amount, status, createDate, modifyDate, version ) VALUES ( ?, ?, ?, ?, ?, ?, ?, ? ) 
[23:01:39:107] [DEBUG] - org.apache.ibatis.logging.jdbc.BaseJdbcLogger.debug(BaseJdbcLogger.java:143) - ==> Parameters: 3e39e3205f9c989323f87085c21ceaf4(String), 077cc472b34c0214c05ac538888cfe13(String), fd3d41f586ebec455b9f26f053610cb9(String), 100(Integer), 0(Integer), 2019-07-12 23:01:39.106(Timestamp), 2019-07-12 23:01:39.106(Timestamp), 0(Long)
[23:01:39:120] [DEBUG] - org.apache.ibatis.logging.jdbc.BaseJdbcLogger.debug(BaseJdbcLogger.java:143) - <==    Updates: 1
[23:01:39:122] [DEBUG] - org.apache.ibatis.logging.jdbc.BaseJdbcLogger.debug(BaseJdbcLogger.java:143) - ==>  Preparing: SELECT id,userID,productID,amount,status,createDate,modifyDate,version FROM t_order WHERE userID = ? AND productID = ? 
[23:01:39:122] [DEBUG] - org.apache.ibatis.logging.jdbc.BaseJdbcLogger.debug(BaseJdbcLogger.java:143) - ==> Parameters: 077cc472b34c0214c05ac538888cfe13(String), fd3d41f586ebec455b9f26f053610cb9(String)
[23:01:39:124] [TRACE] - org.apache.ibatis.logging.jdbc.BaseJdbcLogger.trace(BaseJdbcLogger.java:149) - <==    Columns: id, userID, productID, amount, status, createDate, modifyDate, version
[23:01:39:124] [TRACE] - org.apache.ibatis.logging.jdbc.BaseJdbcLogger.trace(BaseJdbcLogger.java:149) - <==        Row: 3e39e3205f9c989323f87085c21ceaf4, 077cc472b34c0214c05ac538888cfe13, fd3d41f586ebec455b9f26f053610cb9, 100, 0, 2019-07-12 15:01:39.106000000, 2019-07-12 15:01:39.106000000, 0
[23:01:39:125] [DEBUG] - org.apache.ibatis.logging.jdbc.BaseJdbcLogger.debug(BaseJdbcLogger.java:143) - <==      Total: 1
[23:01:39:127] [INFO] - com.acron.demo.core.config.RabbitMQConfig$1.confirm(RabbitMQConfig.java:88) - 消息发送成功:correlationData(null),ack(true),cause(null)
[23:02:09:157] [INFO] - com.acron.demo.rabbitMQ.OrderDeadListener.consumeMessage(OrderDeadListener.java:33) - 死信队列-用户下单超时未支付监听：3e39e3205f9c989323f87085c21ceaf4
[23:02:09:158] [DEBUG] - org.apache.ibatis.logging.jdbc.BaseJdbcLogger.debug(BaseJdbcLogger.java:143) - ==>  Preparing: SELECT id,userID,productID,amount,status,createDate,modifyDate,version FROM t_order WHERE id=? 
[23:02:09:159] [DEBUG] - org.apache.ibatis.logging.jdbc.BaseJdbcLogger.debug(BaseJdbcLogger.java:143) - ==> Parameters: 3e39e3205f9c989323f87085c21ceaf4(String)
[23:02:09:160] [TRACE] - org.apache.ibatis.logging.jdbc.BaseJdbcLogger.trace(BaseJdbcLogger.java:149) - <==    Columns: id, userID, productID, amount, status, createDate, modifyDate, version
[23:02:09:161] [TRACE] - org.apache.ibatis.logging.jdbc.BaseJdbcLogger.trace(BaseJdbcLogger.java:149) - <==        Row: 3e39e3205f9c989323f87085c21ceaf4, 077cc472b34c0214c05ac538888cfe13, fd3d41f586ebec455b9f26f053610cb9, 100, 0, 2019-07-12 15:01:39.106000000, 2019-07-12 15:01:39.106000000, 0
[23:02:09:161] [DEBUG] - org.apache.ibatis.logging.jdbc.BaseJdbcLogger.debug(BaseJdbcLogger.java:143) - <==      Total: 1
[23:02:09:167] [DEBUG] - org.apache.ibatis.logging.jdbc.BaseJdbcLogger.debug(BaseJdbcLogger.java:143) - ==>  Preparing: UPDATE t_order SET userID=?, productID=?, amount=?, status=?, createDate=?, modifyDate=NOW(), version=version+1 WHERE id=? AND version=? 
[23:02:09:173] [DEBUG] - org.apache.ibatis.logging.jdbc.BaseJdbcLogger.debug(BaseJdbcLogger.java:143) - ==> Parameters: 077cc472b34c0214c05ac538888cfe13(String), fd3d41f586ebec455b9f26f053610cb9(String), 100(Integer), 2(Integer), 2019-07-12 23:01:39.106(Timestamp), 3e39e3205f9c989323f87085c21ceaf4(String), 0(Long)
[23:02:09:176] [DEBUG] - org.apache.ibatis.logging.jdbc.BaseJdbcLogger.debug(BaseJdbcLogger.java:143) - <==    Updates: 1
[23:03:05:921] [INFO] - org.springframework.boot.StartupInfoLogger.logStarting(StartupInfoLogger.java:50) - Starting DemoApplication on Acron with PID 9472 (D:\JavaDev\IdeaProjects\SpringBootDemo\target\classes started by Acron in D:\JavaDev\IdeaProjects\SpringBootDemo)
[23:03:05:930] [DEBUG] - org.springframework.boot.StartupInfoLogger.logStarting(StartupInfoLogger.java:53) - Running with Spring Boot v2.1.6.RELEASE, Spring v5.1.8.RELEASE
[23:03:05:931] [INFO] - org.springframework.boot.SpringApplication.logStartupProfileInfo(SpringApplication.java:650) - The following profiles are active: prod
[23:03:24:704] [INFO] - org.springframework.boot.StartupInfoLogger.logStarted(StartupInfoLogger.java:59) - Started DemoApplication in 19.232 seconds (JVM running for 21.562)
[23:03:31:602] [INFO] - org.springframework.boot.StartupInfoLogger.logStarting(StartupInfoLogger.java:50) - Starting DemoApplication on Acron with PID 9472 (D:\JavaDev\IdeaProjects\SpringBootDemo\target\classes started by Acron in D:\JavaDev\IdeaProjects\SpringBootDemo)
[23:03:31:602] [DEBUG] - org.springframework.boot.StartupInfoLogger.logStarting(StartupInfoLogger.java:53) - Running with Spring Boot v2.1.6.RELEASE, Spring v5.1.8.RELEASE
[23:03:31:602] [INFO] - org.springframework.boot.SpringApplication.logStartupProfileInfo(SpringApplication.java:650) - The following profiles are active: prod
[23:03:45:573] [INFO] - org.springframework.boot.StartupInfoLogger.logStarted(StartupInfoLogger.java:59) - Started DemoApplication in 14.008 seconds (JVM running for 42.431)
[23:18:04:060] [INFO] - org.springframework.boot.StartupInfoLogger.logStarting(StartupInfoLogger.java:50) - Starting DemoApplication on Acron with PID 9472 (D:\JavaDev\IdeaProjects\SpringBootDemo\target\classes started by Acron in D:\JavaDev\IdeaProjects\SpringBootDemo)
[23:18:04:063] [DEBUG] - org.springframework.boot.StartupInfoLogger.logStarting(StartupInfoLogger.java:53) - Running with Spring Boot v2.1.6.RELEASE, Spring v5.1.8.RELEASE
[23:18:04:063] [INFO] - org.springframework.boot.SpringApplication.logStartupProfileInfo(SpringApplication.java:650) - The following profiles are active: prod
[23:18:31:880] [INFO] - org.springframework.boot.StartupInfoLogger.logStarting(StartupInfoLogger.java:50) - Starting DemoApplication on Acron with PID 9472 (D:\JavaDev\IdeaProjects\SpringBootDemo\target\classes started by Acron in D:\JavaDev\IdeaProjects\SpringBootDemo)
[23:18:31:880] [DEBUG] - org.springframework.boot.StartupInfoLogger.logStarting(StartupInfoLogger.java:53) - Running with Spring Boot v2.1.6.RELEASE, Spring v5.1.8.RELEASE
[23:18:31:880] [INFO] - org.springframework.boot.SpringApplication.logStartupProfileInfo(SpringApplication.java:650) - The following profiles are active: prod
[23:18:45:764] [INFO] - org.springframework.boot.StartupInfoLogger.logStarted(StartupInfoLogger.java:59) - Started DemoApplication in 13.914 seconds (JVM running for 942.622)
[23:19:17:751] [INFO] - org.springframework.boot.StartupInfoLogger.logStarting(StartupInfoLogger.java:50) - Starting DemoApplication on Acron with PID 9472 (D:\JavaDev\IdeaProjects\SpringBootDemo\target\classes started by Acron in D:\JavaDev\IdeaProjects\SpringBootDemo)
[23:19:17:751] [DEBUG] - org.springframework.boot.StartupInfoLogger.logStarting(StartupInfoLogger.java:53) - Running with Spring Boot v2.1.6.RELEASE, Spring v5.1.8.RELEASE
[23:19:17:751] [INFO] - org.springframework.boot.SpringApplication.logStartupProfileInfo(SpringApplication.java:650) - The following profiles are active: prod
[23:19:31:603] [INFO] - org.springframework.boot.StartupInfoLogger.logStarted(StartupInfoLogger.java:59) - Started DemoApplication in 13.881 seconds (JVM running for 988.461)
[23:24:45:642] [INFO] - org.springframework.boot.StartupInfoLogger.logStarting(StartupInfoLogger.java:50) - Starting DemoApplication on Acron with PID 9472 (D:\JavaDev\IdeaProjects\SpringBootDemo\target\classes started by Acron in D:\JavaDev\IdeaProjects\SpringBootDemo)
[23:24:45:642] [DEBUG] - org.springframework.boot.StartupInfoLogger.logStarting(StartupInfoLogger.java:53) - Running with Spring Boot v2.1.6.RELEASE, Spring v5.1.8.RELEASE
[23:24:45:643] [INFO] - org.springframework.boot.SpringApplication.logStartupProfileInfo(SpringApplication.java:650) - The following profiles are active: prod
[23:24:59:504] [INFO] - org.springframework.boot.StartupInfoLogger.logStarted(StartupInfoLogger.java:59) - Started DemoApplication in 13.893 seconds (JVM running for 1316.362)
