[00:00:39:117] [INFO] - org.springframework.boot.StartupInfoLogger.logStarting(StartupInfoLogger.java:50) - Starting DemoApplication on Acron with PID 11560 (D:\JavaDev\IdeaProjects\SpringBootDemo\target\classes started by Acron in D:\JavaDev\IdeaProjects\SpringBootDemo)
[00:00:39:119] [DEBUG] - org.springframework.boot.StartupInfoLogger.logStarting(StartupInfoLogger.java:53) - Running with Spring Boot v2.1.6.RELEASE, Spring v5.1.8.RELEASE
[00:00:39:119] [INFO] - org.springframework.boot.SpringApplication.logStartupProfileInfo(SpringApplication.java:650) - The following profiles are active: prod
[00:00:39:806] [INFO] - org.springframework.boot.StartupInfoLogger.logStarted(StartupInfoLogger.java:59) - Started DemoApplication in 0.76 seconds (JVM running for 1082.332)
[00:02:52:754] [INFO] - org.springframework.boot.StartupInfoLogger.logStarting(StartupInfoLogger.java:50) - Starting DemoApplication on Acron with PID 3288 (D:\JavaDev\IdeaProjects\SpringBootDemo\target\classes started by Acron in D:\JavaDev\IdeaProjects\SpringBootDemo)
[00:02:52:761] [DEBUG] - org.springframework.boot.StartupInfoLogger.logStarting(StartupInfoLogger.java:53) - Running with Spring Boot v2.1.6.RELEASE, Spring v5.1.8.RELEASE
[00:02:52:761] [INFO] - org.springframework.boot.SpringApplication.logStartupProfileInfo(SpringApplication.java:650) - The following profiles are active: prod
[00:02:55:408] [INFO] - org.springframework.boot.StartupInfoLogger.logStarted(StartupInfoLogger.java:59) - Started DemoApplication in 2.941 seconds (JVM running for 3.714)
[00:03:16:261] [DEBUG] - org.apache.ibatis.logging.jdbc.BaseJdbcLogger.debug(BaseJdbcLogger.java:143) - ==>  Preparing: INSERT INTO user ( id, user_name, password, sex, telephone, email ) VALUES ( ?, ?, ?, ?, ?, ? ) 
[00:03:16:336] [DEBUG] - org.apache.ibatis.logging.jdbc.BaseJdbcLogger.debug(BaseJdbcLogger.java:143) - ==> Parameters: 1ea524a31f87e37f1cdb4ab95c385f38(String), test(String), test(String), 0(Integer), test(String), test(String)
[00:04:30:724] [DEBUG] - org.apache.ibatis.logging.jdbc.BaseJdbcLogger.debug(BaseJdbcLogger.java:143) - ==>  Preparing: INSERT INTO user ( id, user_name, password, sex, telephone, email ) VALUES ( ?, ?, ?, ?, ?, ? ) 
[00:04:30:725] [DEBUG] - org.apache.ibatis.logging.jdbc.BaseJdbcLogger.debug(BaseJdbcLogger.java:143) - ==> Parameters: 54a380f6faa4fe706b6c9fac0b82d796(String), test(String), test(String), 0(Integer), test(String), test(String)
[00:04:30:777] [DEBUG] - org.apache.ibatis.logging.jdbc.BaseJdbcLogger.debug(BaseJdbcLogger.java:143) - <==    Updates: 1
[00:05:26:491] [DEBUG] - org.apache.ibatis.logging.jdbc.BaseJdbcLogger.debug(BaseJdbcLogger.java:143) - ==>  Preparing: SELECT id,user_name,password,sex,telephone,email FROM user WHERE id=? 
[00:05:26:512] [DEBUG] - org.apache.ibatis.logging.jdbc.BaseJdbcLogger.debug(BaseJdbcLogger.java:143) - ==> Parameters: 54a380f6faa4fe706b6c9fac0b82d796(String)
[00:05:26:530] [TRACE] - org.apache.ibatis.logging.jdbc.BaseJdbcLogger.trace(BaseJdbcLogger.java:149) - <==    Columns: id, user_name, password, sex, telephone, email
[00:05:26:531] [TRACE] - org.apache.ibatis.logging.jdbc.BaseJdbcLogger.trace(BaseJdbcLogger.java:149) - <==        Row: 54a380f6faa4fe706b6c9fac0b82d796, test, test, 0, test, test
[00:07:00:099] [DEBUG] - org.apache.ibatis.logging.jdbc.BaseJdbcLogger.debug(BaseJdbcLogger.java:143) - ==>  Preparing: INSERT INTO user ( id, user_name, password, sex, telephone, email ) VALUES ( ?, ?, ?, ?, ?, ? ) 
[00:07:00:099] [DEBUG] - org.apache.ibatis.logging.jdbc.BaseJdbcLogger.debug(BaseJdbcLogger.java:143) - ==> Parameters: f3bb43ec815253ebf8aa0c5b8f544608(String), test(String), test(String), 0(Integer), test(String), test(String)
[00:08:58:587] [INFO] - org.springframework.boot.StartupInfoLogger.logStarting(StartupInfoLogger.java:50) - Starting DemoApplication on Acron with PID 6052 (D:\JavaDev\IdeaProjects\SpringBootDemo\target\classes started by Acron in D:\JavaDev\IdeaProjects\SpringBootDemo)
[00:08:58:592] [DEBUG] - org.springframework.boot.StartupInfoLogger.logStarting(StartupInfoLogger.java:53) - Running with Spring Boot v2.1.6.RELEASE, Spring v5.1.8.RELEASE
[00:08:58:593] [INFO] - org.springframework.boot.SpringApplication.logStartupProfileInfo(SpringApplication.java:650) - The following profiles are active: prod
[00:09:01:287] [INFO] - org.springframework.boot.StartupInfoLogger.logStarted(StartupInfoLogger.java:59) - Started DemoApplication in 3.002 seconds (JVM running for 3.808)
[00:09:17:855] [DEBUG] - org.apache.ibatis.logging.jdbc.BaseJdbcLogger.debug(BaseJdbcLogger.java:143) - ==>  Preparing: INSERT INTO user ( id, user_name, password, sex, telephone, email ) VALUES ( ?, ?, ?, ?, ?, ? ) 
[00:09:17:929] [DEBUG] - org.apache.ibatis.logging.jdbc.BaseJdbcLogger.debug(BaseJdbcLogger.java:143) - ==> Parameters: 8566d3c6cd2a5dc174b8d28fc277f4bd(String), testN(String), testP(String), 0(Integer), testT(String), testE(String)
[00:09:17:935] [DEBUG] - org.apache.ibatis.logging.jdbc.BaseJdbcLogger.debug(BaseJdbcLogger.java:143) - <==    Updates: 1
[00:09:48:039] [DEBUG] - org.apache.ibatis.logging.jdbc.BaseJdbcLogger.debug(BaseJdbcLogger.java:143) - ==>  Preparing: SELECT id,user_name,password,sex,telephone,email FROM user WHERE id=? 
[00:09:48:060] [DEBUG] - org.apache.ibatis.logging.jdbc.BaseJdbcLogger.debug(BaseJdbcLogger.java:143) - ==> Parameters: 8566d3c6cd2a5dc174b8d28fc277f4bd(String)
[00:09:48:077] [TRACE] - org.apache.ibatis.logging.jdbc.BaseJdbcLogger.trace(BaseJdbcLogger.java:149) - <==    Columns: id, user_name, password, sex, telephone, email
[00:09:48:077] [TRACE] - org.apache.ibatis.logging.jdbc.BaseJdbcLogger.trace(BaseJdbcLogger.java:149) - <==        Row: 8566d3c6cd2a5dc174b8d28fc277f4bd, testN, testP, 0, testT, testE
[00:11:20:782] [INFO] - org.springframework.boot.StartupInfoLogger.logStarting(StartupInfoLogger.java:50) - Starting DemoApplication on Acron with PID 6736 (D:\JavaDev\IdeaProjects\SpringBootDemo\target\classes started by Acron in D:\JavaDev\IdeaProjects\SpringBootDemo)
[00:11:20:786] [DEBUG] - org.springframework.boot.StartupInfoLogger.logStarting(StartupInfoLogger.java:53) - Running with Spring Boot v2.1.6.RELEASE, Spring v5.1.8.RELEASE
[00:11:20:787] [INFO] - org.springframework.boot.SpringApplication.logStartupProfileInfo(SpringApplication.java:650) - The following profiles are active: prod
[00:11:23:464] [INFO] - org.springframework.boot.StartupInfoLogger.logStarted(StartupInfoLogger.java:59) - Started DemoApplication in 2.992 seconds (JVM running for 3.841)
[00:11:37:030] [DEBUG] - org.apache.ibatis.logging.jdbc.BaseJdbcLogger.debug(BaseJdbcLogger.java:143) - ==>  Preparing: SELECT id,user_name,password,telephone,email FROM user WHERE id=? 
[00:11:37:118] [DEBUG] - org.apache.ibatis.logging.jdbc.BaseJdbcLogger.debug(BaseJdbcLogger.java:143) - ==> Parameters: java.lang.NumberFormatException: For input string: "testP"(String)
[00:11:37:133] [DEBUG] - org.apache.ibatis.logging.jdbc.BaseJdbcLogger.debug(BaseJdbcLogger.java:143) - <==      Total: 0
[00:11:45:664] [DEBUG] - org.apache.ibatis.logging.jdbc.BaseJdbcLogger.debug(BaseJdbcLogger.java:143) - ==>  Preparing: SELECT id,user_name,password,telephone,email FROM user WHERE id=? 
[00:11:45:665] [DEBUG] - org.apache.ibatis.logging.jdbc.BaseJdbcLogger.debug(BaseJdbcLogger.java:143) - ==> Parameters: java.lang.NumberFormatException: For input string: "testP"(String)
[00:11:45:666] [DEBUG] - org.apache.ibatis.logging.jdbc.BaseJdbcLogger.debug(BaseJdbcLogger.java:143) - <==      Total: 0
[00:11:55:623] [DEBUG] - org.apache.ibatis.logging.jdbc.BaseJdbcLogger.debug(BaseJdbcLogger.java:143) - ==>  Preparing: SELECT id,user_name,password,telephone,email FROM user WHERE id=? 
[00:11:55:635] [DEBUG] - org.apache.ibatis.logging.jdbc.BaseJdbcLogger.debug(BaseJdbcLogger.java:143) - ==> Parameters: 8566d3c6cd2a5dc174b8d28fc277f4bd(String)
[00:11:55:639] [TRACE] - org.apache.ibatis.logging.jdbc.BaseJdbcLogger.trace(BaseJdbcLogger.java:149) - <==    Columns: id, user_name, password, telephone, email
[00:11:55:640] [TRACE] - org.apache.ibatis.logging.jdbc.BaseJdbcLogger.trace(BaseJdbcLogger.java:149) - <==        Row: 8566d3c6cd2a5dc174b8d28fc277f4bd, testN, testP, testT, testE
[00:11:55:645] [DEBUG] - org.apache.ibatis.logging.jdbc.BaseJdbcLogger.debug(BaseJdbcLogger.java:143) - <==      Total: 1
[00:15:43:028] [INFO] - org.springframework.boot.StartupInfoLogger.logStarting(StartupInfoLogger.java:50) - Starting DemoApplication on Acron with PID 4468 (D:\JavaDev\IdeaProjects\SpringBootDemo\target\classes started by Acron in D:\JavaDev\IdeaProjects\SpringBootDemo)
[00:15:43:033] [DEBUG] - org.springframework.boot.StartupInfoLogger.logStarting(StartupInfoLogger.java:53) - Running with Spring Boot v2.1.6.RELEASE, Spring v5.1.8.RELEASE
[00:15:43:033] [INFO] - org.springframework.boot.SpringApplication.logStartupProfileInfo(SpringApplication.java:650) - The following profiles are active: prod
[00:15:45:770] [INFO] - org.springframework.boot.StartupInfoLogger.logStarted(StartupInfoLogger.java:59) - Started DemoApplication in 3.014 seconds (JVM running for 3.767)
